{"/home/travis/build/npmtest/node-npmtest-react/test.js":{"path":"/home/travis/build/npmtest/node-npmtest-react/test.js","s":{"1":2,"2":2,"3":2,"4":2,"5":2,"6":2,"7":2,"8":2,"9":2,"10":2,"11":2,"12":2,"13":2},"b":{"1":[2,1,1],"2":[2,1],"3":[1,1],"4":[2,1]},"f":{"1":2,"2":2,"3":2,"4":2},"fnMap":{"1":{"name":"(anonymous_1)","line":13,"loc":{"start":{"line":13,"column":1},"end":{"line":13,"column":13}}},"2":{"name":"(anonymous_2)","line":20,"loc":{"start":{"line":20,"column":5},"end":{"line":20,"column":17}}},"3":{"name":"(anonymous_3)","line":24,"loc":{"start":{"line":24,"column":9},"end":{"line":24,"column":21}}},"4":{"name":"(anonymous_4)","line":47,"loc":{"start":{"line":47,"column":5},"end":{"line":47,"column":17}}}},"statementMap":{"1":{"start":{"line":13,"column":0},"end":{"line":50,"column":5}},"2":{"start":{"line":15,"column":4},"end":{"line":15,"column":14}},"3":{"start":{"line":20,"column":4},"end":{"line":42,"column":9}},"4":{"start":{"line":22,"column":8},"end":{"line":22,"column":19}},"5":{"start":{"line":24,"column":8},"end":{"line":32,"column":13}},"6":{"start":{"line":25,"column":12},"end":{"line":30,"column":13}},"7":{"start":{"line":26,"column":16},"end":{"line":28,"column":27}},"8":{"start":{"line":31,"column":12},"end":{"line":31,"column":53}},"9":{"start":{"line":34,"column":8},"end":{"line":36,"column":21}},"10":{"start":{"line":38,"column":8},"end":{"line":39,"column":49}},"11":{"start":{"line":41,"column":8},"end":{"line":41,"column":33}},"12":{"start":{"line":47,"column":4},"end":{"line":49,"column":9}},"13":{"start":{"line":48,"column":8},"end":{"line":48,"column":15}}},"branchMap":{"1":{"line":26,"type":"binary-expr","locations":[{"start":{"line":26,"column":31},"end":{"line":26,"column":72}},{"start":{"line":27,"column":20},"end":{"line":27,"column":70}},{"start":{"line":28,"column":20},"end":{"line":28,"column":26}}]},"2":{"line":31,"type":"binary-expr","locations":[{"start":{"line":31,"column":27},"end":{"line":31,"column":39}},{"start":{"line":31,"column":43},"end":{"line":31,"column":52}}]},"3":{"line":34,"type":"cond-expr","locations":[{"start":{"line":35,"column":14},"end":{"line":35,"column":20}},{"start":{"line":36,"column":14},"end":{"line":36,"column":20}}]},"4":{"line":38,"type":"binary-expr","locations":[{"start":{"line":38,"column":38},"end":{"line":38,"column":59}},{"start":{"line":39,"column":12},"end":{"line":39,"column":31}}]}},"code":["/* istanbul instrument in package npmtest_react */","/* jslint-utility2 */","/*jslint","    bitwise: true,","    browser: true,","    maxerr: 4,","    maxlen: 100,","    node: true,","    nomen: true,","    regexp: true,","    stupid: true","*/","(function () {","    'use strict';","    var local;","","","","    // run shared js-env code - init-before","    (function () {","        // init local","        local = {};","        // init modeJs","        (function () {","            try {","                local.modeJs = typeof process.versions.node === 'string' &&","                    typeof require('http').createServer === 'function' &&","                    'node';","            } catch (ignore) {","            }","            local.modeJs = local.modeJs || 'browser';","        }());","        // init global","        local.global = local.modeJs === 'browser'","            ? window","            : global;","        // re-init local","        local = local.global.local = (local.global.utility2 ||","            require('utility2')).requireReadme();","        // init test","        local.testRunInit(local);","    }());","","","","    // run shared js-env code - function","    (function () {","        return;","    }());","}());",""],"l":{"13":2,"15":2,"20":2,"22":2,"24":2,"25":2,"26":2,"31":2,"34":2,"38":2,"41":2,"47":2,"48":2}},"/home/travis/build/npmtest/node-npmtest-react/lib.npmtest_react.js":{"path":"/home/travis/build/npmtest/node-npmtest-react/lib.npmtest_react.js","s":{"1":2,"2":2,"3":2,"4":2,"5":2,"6":2,"7":2,"8":2,"9":2,"10":0,"11":0,"12":0,"13":0,"14":0,"15":0,"16":0,"17":2,"18":2,"19":2,"20":2,"21":2,"22":2,"23":2,"24":2,"25":0,"26":2,"27":1,"28":1,"29":1,"30":1,"31":1,"32":1,"33":1,"34":1,"35":1,"36":1,"37":1,"38":1,"39":1,"40":1,"41":1,"42":1,"43":1,"44":1,"45":1,"46":1,"47":1,"48":1,"49":1,"50":1,"51":1,"52":1,"53":1,"54":1,"55":1,"56":1,"57":1,"58":1,"59":1,"60":1,"61":1,"62":2,"63":2},"b":{"1":[2,1,1],"2":[2,0],"3":[2,1,1],"4":[2,1],"5":[1,1],"6":[2,2],"7":[1,1]},"f":{"1":2,"2":2,"3":2,"4":0,"5":2,"6":0},"fnMap":{"1":{"name":"(anonymous_1)","line":13,"loc":{"start":{"line":13,"column":1},"end":{"line":13,"column":13}}},"2":{"name":"(anonymous_2)","line":21,"loc":{"start":{"line":21,"column":5},"end":{"line":21,"column":17}},"skip":true},"3":{"name":"(anonymous_3)","line":23,"loc":{"start":{"line":23,"column":9},"end":{"line":23,"column":21}},"skip":true},"4":{"name":"(anonymous_4)","line":31,"loc":{"start":{"line":31,"column":27},"end":{"line":31,"column":43}},"skip":true},"5":{"name":"(anonymous_5)","line":47,"loc":{"start":{"line":47,"column":9},"end":{"line":47,"column":21}},"skip":true},"6":{"name":"(anonymous_6)","line":65,"loc":{"start":{"line":65,"column":20},"end":{"line":65,"column":32}},"skip":true}},"statementMap":{"1":{"start":{"line":13,"column":0},"end":{"line":120,"column":5}},"2":{"start":{"line":15,"column":4},"end":{"line":15,"column":14}},"3":{"start":{"line":21,"column":4},"end":{"line":119,"column":9},"skip":true},"4":{"start":{"line":23,"column":8},"end":{"line":43,"column":13},"skip":true},"5":{"start":{"line":24,"column":12},"end":{"line":24,"column":43},"skip":true},"6":{"start":{"line":25,"column":12},"end":{"line":25,"column":71},"skip":true},"7":{"start":{"line":26,"column":12},"end":{"line":26,"column":52},"skip":true},"8":{"start":{"line":27,"column":12},"end":{"line":29,"column":13},"skip":true},"9":{"start":{"line":28,"column":16},"end":{"line":28,"column":23},"skip":true},"10":{"start":{"line":30,"column":12},"end":{"line":30,"column":41},"skip":true},"11":{"start":{"line":31,"column":12},"end":{"line":42,"column":14},"skip":true},"12":{"start":{"line":36,"column":16},"end":{"line":36,"column":61},"skip":true},"13":{"start":{"line":37,"column":16},"end":{"line":37,"column":43},"skip":true},"14":{"start":{"line":38,"column":16},"end":{"line":38,"column":55},"skip":true},"15":{"start":{"line":39,"column":16},"end":{"line":39,"column":35},"skip":true},"16":{"start":{"line":41,"column":16},"end":{"line":41,"column":28},"skip":true},"17":{"start":{"line":45,"column":8},"end":{"line":45,"column":19},"skip":true},"18":{"start":{"line":47,"column":8},"end":{"line":55,"column":13},"skip":true},"19":{"start":{"line":48,"column":12},"end":{"line":53,"column":13},"skip":true},"20":{"start":{"line":49,"column":16},"end":{"line":51,"column":27},"skip":true},"21":{"start":{"line":54,"column":12},"end":{"line":54,"column":53},"skip":true},"22":{"start":{"line":57,"column":8},"end":{"line":59,"column":21},"skip":true},"23":{"start":{"line":61,"column":8},"end":{"line":63,"column":18},"skip":true},"24":{"start":{"line":65,"column":8},"end":{"line":70,"column":10},"skip":true},"25":{"start":{"line":69,"column":12},"end":{"line":69,"column":19},"skip":true},"26":{"start":{"line":72,"column":8},"end":{"line":111,"column":9},"skip":true},"27":{"start":{"line":73,"column":12},"end":{"line":73,"column":56},"skip":true},"28":{"start":{"line":77,"column":12},"end":{"line":77,"column":45},"skip":true},"29":{"start":{"line":78,"column":12},"end":{"line":78,"column":59},"skip":true},"30":{"start":{"line":79,"column":12},"end":{"line":79,"column":47},"skip":true},"31":{"start":{"line":80,"column":12},"end":{"line":80,"column":47},"skip":true},"32":{"start":{"line":81,"column":12},"end":{"line":81,"column":51},"skip":true},"33":{"start":{"line":82,"column":12},"end":{"line":82,"column":45},"skip":true},"34":{"start":{"line":83,"column":12},"end":{"line":83,"column":43},"skip":true},"35":{"start":{"line":84,"column":12},"end":{"line":84,"column":39},"skip":true},"36":{"start":{"line":85,"column":12},"end":{"line":85,"column":45},"skip":true},"37":{"start":{"line":86,"column":12},"end":{"line":86,"column":45},"skip":true},"38":{"start":{"line":87,"column":12},"end":{"line":87,"column":37},"skip":true},"39":{"start":{"line":88,"column":12},"end":{"line":88,"column":41},"skip":true},"40":{"start":{"line":89,"column":12},"end":{"line":89,"column":43},"skip":true},"41":{"start":{"line":90,"column":12},"end":{"line":90,"column":45},"skip":true},"42":{"start":{"line":91,"column":12},"end":{"line":91,"column":39},"skip":true},"43":{"start":{"line":92,"column":12},"end":{"line":92,"column":37},"skip":true},"44":{"start":{"line":93,"column":12},"end":{"line":93,"column":41},"skip":true},"45":{"start":{"line":94,"column":12},"end":{"line":94,"column":47},"skip":true},"46":{"start":{"line":95,"column":12},"end":{"line":95,"column":49},"skip":true},"47":{"start":{"line":96,"column":12},"end":{"line":96,"column":55},"skip":true},"48":{"start":{"line":97,"column":12},"end":{"line":97,"column":49},"skip":true},"49":{"start":{"line":98,"column":12},"end":{"line":98,"column":41},"skip":true},"50":{"start":{"line":99,"column":12},"end":{"line":99,"column":45},"skip":true},"51":{"start":{"line":100,"column":12},"end":{"line":100,"column":61},"skip":true},"52":{"start":{"line":101,"column":12},"end":{"line":101,"column":45},"skip":true},"53":{"start":{"line":102,"column":12},"end":{"line":102,"column":39},"skip":true},"54":{"start":{"line":103,"column":12},"end":{"line":103,"column":39},"skip":true},"55":{"start":{"line":104,"column":12},"end":{"line":104,"column":39},"skip":true},"56":{"start":{"line":105,"column":12},"end":{"line":105,"column":41},"skip":true},"57":{"start":{"line":106,"column":12},"end":{"line":106,"column":37},"skip":true},"58":{"start":{"line":107,"column":12},"end":{"line":107,"column":37},"skip":true},"59":{"start":{"line":108,"column":12},"end":{"line":108,"column":41},"skip":true},"60":{"start":{"line":109,"column":12},"end":{"line":109,"column":35},"skip":true},"61":{"start":{"line":110,"column":12},"end":{"line":110,"column":49},"skip":true},"62":{"start":{"line":113,"column":8},"end":{"line":113,"column":50},"skip":true},"63":{"start":{"line":118,"column":8},"end":{"line":118,"column":15},"skip":true}},"branchMap":{"1":{"line":25,"type":"binary-expr","locations":[{"start":{"line":25,"column":23},"end":{"line":25,"column":49},"skip":true},{"start":{"line":25,"column":53},"end":{"line":25,"column":59},"skip":true},{"start":{"line":25,"column":64},"end":{"line":25,"column":70},"skip":true}]},"2":{"line":27,"type":"if","locations":[{"start":{"line":27,"column":12},"end":{"line":27,"column":12},"skip":true},{"start":{"line":27,"column":12},"end":{"line":27,"column":12},"skip":true}]},"3":{"line":49,"type":"binary-expr","locations":[{"start":{"line":49,"column":31},"end":{"line":49,"column":72},"skip":true},{"start":{"line":50,"column":20},"end":{"line":50,"column":70},"skip":true},{"start":{"line":51,"column":20},"end":{"line":51,"column":26},"skip":true}]},"4":{"line":54,"type":"binary-expr","locations":[{"start":{"line":54,"column":27},"end":{"line":54,"column":39},"skip":true},{"start":{"line":54,"column":43},"end":{"line":54,"column":52},"skip":true}]},"5":{"line":57,"type":"cond-expr","locations":[{"start":{"line":58,"column":14},"end":{"line":58,"column":20},"skip":true},{"start":{"line":59,"column":14},"end":{"line":59,"column":20},"skip":true}]},"6":{"line":61,"type":"binary-expr","locations":[{"start":{"line":61,"column":16},"end":{"line":61,"column":44},"skip":true},{"start":{"line":63,"column":12},"end":{"line":63,"column":17},"skip":true}]},"7":{"line":72,"type":"if","locations":[{"start":{"line":72,"column":8},"end":{"line":72,"column":8},"skip":true},{"start":{"line":72,"column":8},"end":{"line":72,"column":8},"skip":true}]}},"code":["/* istanbul instrument in package npmtest_react */","/* jslint-utility2 */","/*jslint","    bitwise: true,","    browser: true,","    maxerr: 4,","    maxlen: 100,","    node: true,","    nomen: true,","    regexp: true,","    stupid: true","*/","(function () {","    'use strict';","    var local;","","","","    // run shared js-env code - init-before","    /* istanbul ignore next */","    (function () {","        // init debug_inline","        (function () {","            var consoleError, context, key;","            context = (typeof window === \"object\" && window) || global;","            key = \"debug_inline\".replace(\"_i\", \"I\");","            if (context[key]) {","                return;","            }","            consoleError = console.error;","            context[key] = function (arg0) {","            /*","             * this function will both print arg0 to stderr and return it","             */","                // debug arguments","                context[\"_\" + key + \"Arguments\"] = arguments;","                consoleError(\"\\n\\n\" + key);","                consoleError.apply(console, arguments);","                consoleError(\"\\n\");","                // return arg0 for inspection","                return arg0;","            };","        }());","        // init local","        local = {};","        // init modeJs","        (function () {","            try {","                local.modeJs = typeof process.versions.node === 'string' &&","                    typeof require('http').createServer === 'function' &&","                    'node';","            } catch (ignore) {","            }","            local.modeJs = local.modeJs || 'browser';","        }());","        // init global","        local.global = local.modeJs === 'browser'","            ? window","            : global;","        // re-init local","        local = local.global.utility2_rollup ||","            // local.global.utility2_rollup_old || require('./assets.utility2.rollup.js') ||","            local;","        // init nop","        local.nop = function () {","        /*","         * this function will do nothing","         */","            return;","        };","        // init exports","        if (local.modeJs === 'browser') {","            local.global.utility2_npmtest_react = local;","        } else {","            // require builtins","            // local.assert = require('assert');","            local.buffer = require('buffer');","            local.child_process = require('child_process');","            local.cluster = require('cluster');","            local.console = require('console');","            local.constants = require('constants');","            local.crypto = require('crypto');","            local.dgram = require('dgram');","            local.dns = require('dns');","            local.domain = require('domain');","            local.events = require('events');","            local.fs = require('fs');","            local.http = require('http');","            local.https = require('https');","            local.module = require('module');","            local.net = require('net');","            local.os = require('os');","            local.path = require('path');","            local.process = require('process');","            local.punycode = require('punycode');","            local.querystring = require('querystring');","            local.readline = require('readline');","            local.repl = require('repl');","            local.stream = require('stream');","            local.string_decoder = require('string_decoder');","            local.timers = require('timers');","            local.tls = require('tls');","            local.tty = require('tty');","            local.url = require('url');","            local.util = require('util');","            local.v8 = require('v8');","            local.vm = require('vm');","            local.zlib = require('zlib');","            module.exports = local;","            module.exports.__dirname = __dirname;","        }","        // init lib main","        local.local = local.npmtest_react = local;","","","","        /* validateLineSortedReset */","        return;","    }());","}());",""],"l":{"13":2,"15":2,"21":2,"23":2,"24":2,"25":2,"26":2,"27":2,"28":2,"30":1,"31":1,"36":1,"37":1,"38":1,"39":1,"41":1,"45":2,"47":2,"48":2,"49":2,"54":2,"57":2,"61":2,"65":2,"69":1,"72":2,"73":1,"77":1,"78":1,"79":1,"80":1,"81":1,"82":1,"83":1,"84":1,"85":1,"86":1,"87":1,"88":1,"89":1,"90":1,"91":1,"92":1,"93":1,"94":1,"95":1,"96":1,"97":1,"98":1,"99":1,"100":1,"101":1,"102":1,"103":1,"104":1,"105":1,"106":1,"107":1,"108":1,"109":1,"110":1,"113":2,"118":2}},"/home/travis/build/npmtest/node-npmtest-react/example.js":{"path":"/home/travis/build/npmtest/node-npmtest-react/example.js","s":{"1":2,"2":2,"3":2,"4":2,"5":2,"6":2,"7":2,"8":2,"9":2,"10":2,"11":2,"12":2,"13":1,"14":2,"15":2,"16":2,"17":2,"18":2,"19":0,"20":2,"21":1,"22":1,"23":1,"24":1,"25":1,"26":0,"27":0,"28":1,"29":1,"30":2,"31":0,"32":0,"33":0,"34":1,"35":2,"36":2,"37":20,"38":20,"39":20,"40":20,"41":0,"42":20,"43":20,"44":20,"45":1,"46":3,"47":1,"48":1,"49":1,"50":1,"51":1,"52":1,"53":1,"54":1,"55":1,"56":1,"57":1,"58":1,"59":1,"60":1,"61":1,"62":1,"63":1,"64":1,"65":1,"66":1,"67":1,"68":1,"69":1,"70":1,"71":1,"72":1,"73":1,"74":1,"75":1,"76":1,"77":1,"78":1,"79":1,"80":1,"81":1,"82":1,"83":1,"84":1,"85":3,"86":3,"87":3,"88":0,"89":1,"90":1,"91":1,"92":6,"93":1,"94":2,"95":0,"96":2,"97":1,"98":1,"99":1,"100":0,"101":0,"102":0,"103":0,"104":0,"105":0,"106":0,"107":0,"108":0,"109":0,"110":0,"111":0,"112":0,"113":0,"114":0,"115":0},"b":{"1":[2,1,1],"2":[2,1],"3":[1,1],"4":[2,2],"5":[1,1],"6":[1,1],"7":[2,0],"8":[2,1,1,1,1,1],"9":[0,2,0],"10":[1,1],"11":[2,1,1],"12":[1,0],"13":[0,2],"14":[2,0,0,0,0,0,0],"15":[0,20],"16":[20,0],"17":[1,1],"18":[3,3],"19":[0,3],"20":[1,1],"21":[1,2,0,2,1],"22":[1,0],"23":[1,0],"24":[0,0],"25":[0,0],"26":[0,0],"27":[0,0],"28":[0,0],"29":[0,0]},"f":{"1":2,"2":2,"3":2,"4":2,"5":2,"6":2,"7":20,"8":20,"9":3,"10":1,"11":3,"12":6,"13":0},"fnMap":{"1":{"name":"(anonymous_1)","line":28,"loc":{"start":{"line":28,"column":1},"end":{"line":28,"column":13}}},"2":{"name":"(anonymous_2)","line":35,"loc":{"start":{"line":35,"column":5},"end":{"line":35,"column":17}}},"3":{"name":"(anonymous_3)","line":39,"loc":{"start":{"line":39,"column":9},"end":{"line":39,"column":21}}},"4":{"name":"(anonymous_4)","line":66,"loc":{"start":{"line":66,"column":31},"end":{"line":66,"column":48}},"skip":true},"5":{"name":"(anonymous_5)","line":75,"loc":{"start":{"line":75,"column":26},"end":{"line":75,"column":45}},"skip":true},"6":{"name":"(anonymous_6)","line":119,"loc":{"start":{"line":119,"column":33},"end":{"line":119,"column":48}},"skip":true},"7":{"name":"(anonymous_7)","line":121,"loc":{"start":{"line":121,"column":27},"end":{"line":121,"column":39}},"skip":true},"8":{"name":"(anonymous_8)","line":129,"loc":{"start":{"line":129,"column":59},"end":{"line":129,"column":74}},"skip":true},"9":{"name":"(anonymous_9)","line":139,"loc":{"start":{"line":139,"column":45},"end":{"line":139,"column":62}},"skip":true},"10":{"name":"(anonymous_10)","line":140,"loc":{"start":{"line":140,"column":73},"end":{"line":140,"column":92}},"skip":true},"11":{"name":"(anonymous_11)","line":196,"loc":{"start":{"line":196,"column":18},"end":{"line":196,"column":34}},"skip":true},"12":{"name":"(anonymous_12)","line":469,"loc":{"start":{"line":469,"column":47},"end":{"line":469,"column":73}},"skip":true},"13":{"name":"(anonymous_13)","line":502,"loc":{"start":{"line":502,"column":32},"end":{"line":502,"column":61}},"skip":true}},"statementMap":{"1":{"start":{"line":28,"column":0},"end":{"line":513,"column":5}},"2":{"start":{"line":30,"column":4},"end":{"line":30,"column":14}},"3":{"start":{"line":35,"column":4},"end":{"line":58,"column":9}},"4":{"start":{"line":37,"column":8},"end":{"line":37,"column":19}},"5":{"start":{"line":39,"column":8},"end":{"line":47,"column":13}},"6":{"start":{"line":40,"column":12},"end":{"line":45,"column":13}},"7":{"start":{"line":41,"column":16},"end":{"line":43,"column":27}},"8":{"start":{"line":46,"column":12},"end":{"line":46,"column":53}},"9":{"start":{"line":49,"column":8},"end":{"line":51,"column":21}},"10":{"start":{"line":53,"column":8},"end":{"line":55,"column":45}},"11":{"start":{"line":57,"column":8},"end":{"line":57,"column":35}},"12":{"start":{"line":59,"column":4},"end":{"line":512,"column":5}},"13":{"start":{"line":66,"column":8},"end":{"line":117,"column":10},"skip":true},"14":{"start":{"line":67,"column":12},"end":{"line":85,"column":13},"skip":true},"15":{"start":{"line":73,"column":16},"end":{"line":84,"column":19},"skip":true},"16":{"start":{"line":76,"column":20},"end":{"line":83,"column":21},"skip":true},"17":{"start":{"line":79,"column":24},"end":{"line":79,"column":43},"skip":true},"18":{"start":{"line":80,"column":24},"end":{"line":80,"column":30},"skip":true},"19":{"start":{"line":82,"column":24},"end":{"line":82,"column":49},"skip":true},"20":{"start":{"line":86,"column":12},"end":{"line":103,"column":13},"skip":true},"21":{"start":{"line":89,"column":16},"end":{"line":98,"column":17},"skip":true},"22":{"start":{"line":90,"column":20},"end":{"line":90,"column":88},"skip":true},"23":{"start":{"line":91,"column":20},"end":{"line":91,"column":97},"skip":true},"24":{"start":{"line":92,"column":20},"end":{"line":92,"column":42},"skip":true},"25":{"start":{"line":93,"column":20},"end":{"line":93,"column":48},"skip":true},"26":{"start":{"line":96,"column":20},"end":{"line":96,"column":86},"skip":true},"27":{"start":{"line":97,"column":20},"end":{"line":97,"column":96},"skip":true},"28":{"start":{"line":99,"column":16},"end":{"line":99,"column":22},"skip":true},"29":{"start":{"line":102,"column":16},"end":{"line":102,"column":22},"skip":true},"30":{"start":{"line":104,"column":12},"end":{"line":116,"column":13},"skip":true},"31":{"start":{"line":110,"column":16},"end":{"line":115,"column":17},"skip":true},"32":{"start":{"line":112,"column":20},"end":{"line":112,"column":78},"skip":true},"33":{"start":{"line":114,"column":20},"end":{"line":114,"column":47},"skip":true},"34":{"start":{"line":119,"column":8},"end":{"line":137,"column":11},"skip":true},"35":{"start":{"line":120,"column":12},"end":{"line":120,"column":54},"skip":true},"36":{"start":{"line":121,"column":12},"end":{"line":136,"column":14},"skip":true},"37":{"start":{"line":122,"column":16},"end":{"line":122,"column":28},"skip":true},"38":{"start":{"line":123,"column":16},"end":{"line":123,"column":69},"skip":true},"39":{"start":{"line":124,"column":16},"end":{"line":124,"column":75},"skip":true},"40":{"start":{"line":125,"column":16},"end":{"line":127,"column":17},"skip":true},"41":{"start":{"line":126,"column":20},"end":{"line":126,"column":27},"skip":true},"42":{"start":{"line":129,"column":16},"end":{"line":133,"column":36},"skip":true},"43":{"start":{"line":130,"column":20},"end":{"line":132,"column":55},"skip":true},"44":{"start":{"line":135,"column":16},"end":{"line":135,"column":57},"skip":true},"45":{"start":{"line":139,"column":8},"end":{"line":143,"column":11},"skip":true},"46":{"start":{"line":140,"column":12},"end":{"line":142,"column":15},"skip":true},"47":{"start":{"line":141,"column":16},"end":{"line":141,"column":70},"skip":true},"48":{"start":{"line":145,"column":8},"end":{"line":145,"column":31},"skip":true},"49":{"start":{"line":146,"column":8},"end":{"line":146,"column":14},"skip":true},"50":{"start":{"line":154,"column":8},"end":{"line":154,"column":31},"skip":true},"51":{"start":{"line":157,"column":8},"end":{"line":157,"column":41},"skip":true},"52":{"start":{"line":158,"column":8},"end":{"line":158,"column":55},"skip":true},"53":{"start":{"line":159,"column":8},"end":{"line":159,"column":43},"skip":true},"54":{"start":{"line":160,"column":8},"end":{"line":160,"column":43},"skip":true},"55":{"start":{"line":161,"column":8},"end":{"line":161,"column":47},"skip":true},"56":{"start":{"line":162,"column":8},"end":{"line":162,"column":41},"skip":true},"57":{"start":{"line":163,"column":8},"end":{"line":163,"column":39},"skip":true},"58":{"start":{"line":164,"column":8},"end":{"line":164,"column":35},"skip":true},"59":{"start":{"line":165,"column":8},"end":{"line":165,"column":41},"skip":true},"60":{"start":{"line":166,"column":8},"end":{"line":166,"column":41},"skip":true},"61":{"start":{"line":167,"column":8},"end":{"line":167,"column":33},"skip":true},"62":{"start":{"line":168,"column":8},"end":{"line":168,"column":37},"skip":true},"63":{"start":{"line":169,"column":8},"end":{"line":169,"column":39},"skip":true},"64":{"start":{"line":170,"column":8},"end":{"line":170,"column":41},"skip":true},"65":{"start":{"line":171,"column":8},"end":{"line":171,"column":35},"skip":true},"66":{"start":{"line":172,"column":8},"end":{"line":172,"column":33},"skip":true},"67":{"start":{"line":173,"column":8},"end":{"line":173,"column":37},"skip":true},"68":{"start":{"line":174,"column":8},"end":{"line":174,"column":43},"skip":true},"69":{"start":{"line":175,"column":8},"end":{"line":175,"column":45},"skip":true},"70":{"start":{"line":176,"column":8},"end":{"line":176,"column":51},"skip":true},"71":{"start":{"line":177,"column":8},"end":{"line":177,"column":45},"skip":true},"72":{"start":{"line":178,"column":8},"end":{"line":178,"column":37},"skip":true},"73":{"start":{"line":179,"column":8},"end":{"line":179,"column":41},"skip":true},"74":{"start":{"line":180,"column":8},"end":{"line":180,"column":57},"skip":true},"75":{"start":{"line":181,"column":8},"end":{"line":181,"column":41},"skip":true},"76":{"start":{"line":182,"column":8},"end":{"line":182,"column":35},"skip":true},"77":{"start":{"line":183,"column":8},"end":{"line":183,"column":35},"skip":true},"78":{"start":{"line":184,"column":8},"end":{"line":184,"column":35},"skip":true},"79":{"start":{"line":185,"column":8},"end":{"line":185,"column":37},"skip":true},"80":{"start":{"line":186,"column":8},"end":{"line":186,"column":33},"skip":true},"81":{"start":{"line":187,"column":8},"end":{"line":187,"column":33},"skip":true},"82":{"start":{"line":188,"column":8},"end":{"line":188,"column":37},"skip":true},"83":{"start":{"line":191,"column":8},"end":{"line":191,"column":50},"skip":true},"84":{"start":{"line":192,"column":8},"end":{"line":205,"column":11},"skip":true},"85":{"start":{"line":197,"column":12},"end":{"line":197,"column":30},"skip":true},"86":{"start":{"line":198,"column":12},"end":{"line":198,"column":66},"skip":true},"87":{"start":{"line":199,"column":12},"end":{"line":204,"column":13},"skip":true},"88":{"start":{"line":200,"column":16},"end":{"line":203,"column":18},"skip":true},"89":{"start":{"line":207,"column":8},"end":{"line":455,"column":2},"skip":true},"90":{"start":{"line":460,"column":8},"end":{"line":463,"column":36},"skip":true},"91":{"start":{"line":466,"column":8},"end":{"line":482,"column":15},"skip":true},"92":{"start":{"line":470,"column":16},"end":{"line":481,"column":17},"skip":true},"93":{"start":{"line":472,"column":20},"end":{"line":472,"column":60},"skip":true},"94":{"start":{"line":474,"column":20},"end":{"line":474,"column":43},"skip":true},"95":{"start":{"line":476,"column":20},"end":{"line":476,"column":43},"skip":true},"96":{"start":{"line":478,"column":20},"end":{"line":478,"column":35},"skip":true},"97":{"start":{"line":480,"column":20},"end":{"line":480,"column":34},"skip":true},"98":{"start":{"line":484,"column":8},"end":{"line":486,"column":9},"skip":true},"99":{"start":{"line":485,"column":12},"end":{"line":485,"column":18},"skip":true},"100":{"start":{"line":487,"column":8},"end":{"line":489,"column":54},"skip":true},"101":{"start":{"line":490,"column":8},"end":{"line":490,"column":82},"skip":true},"102":{"start":{"line":493,"column":8},"end":{"line":495,"column":9},"skip":true},"103":{"start":{"line":494,"column":12},"end":{"line":494,"column":82},"skip":true},"104":{"start":{"line":497,"column":8},"end":{"line":499,"column":9},"skip":true},"105":{"start":{"line":498,"column":12},"end":{"line":498,"column":18},"skip":true},"106":{"start":{"line":500,"column":8},"end":{"line":500,"column":54},"skip":true},"107":{"start":{"line":501,"column":8},"end":{"line":501,"column":69},"skip":true},"108":{"start":{"line":502,"column":8},"end":{"line":510,"column":36},"skip":true},"109":{"start":{"line":503,"column":12},"end":{"line":503,"column":61},"skip":true},"110":{"start":{"line":504,"column":12},"end":{"line":507,"column":13},"skip":true},"111":{"start":{"line":505,"column":16},"end":{"line":505,"column":75},"skip":true},"112":{"start":{"line":506,"column":16},"end":{"line":506,"column":23},"skip":true},"113":{"start":{"line":508,"column":12},"end":{"line":508,"column":38},"skip":true},"114":{"start":{"line":509,"column":12},"end":{"line":509,"column":27},"skip":true},"115":{"start":{"line":511,"column":8},"end":{"line":511,"column":14},"skip":true}},"branchMap":{"1":{"line":41,"type":"binary-expr","locations":[{"start":{"line":41,"column":31},"end":{"line":41,"column":72}},{"start":{"line":42,"column":20},"end":{"line":42,"column":70}},{"start":{"line":43,"column":20},"end":{"line":43,"column":26}}]},"2":{"line":46,"type":"binary-expr","locations":[{"start":{"line":46,"column":27},"end":{"line":46,"column":39}},{"start":{"line":46,"column":43},"end":{"line":46,"column":52}}]},"3":{"line":49,"type":"cond-expr","locations":[{"start":{"line":50,"column":14},"end":{"line":50,"column":20}},{"start":{"line":51,"column":14},"end":{"line":51,"column":20}}]},"4":{"line":53,"type":"binary-expr","locations":[{"start":{"line":53,"column":16},"end":{"line":53,"column":44}},{"start":{"line":53,"column":49},"end":{"line":55,"column":43}}]},"5":{"line":53,"type":"cond-expr","locations":[{"start":{"line":54,"column":14},"end":{"line":54,"column":49}},{"start":{"line":55,"column":14},"end":{"line":55,"column":43}}]},"6":{"line":59,"type":"switch","locations":[{"start":{"line":65,"column":4},"end":{"line":146,"column":14},"skip":true},{"start":{"line":152,"column":4},"end":{"line":511,"column":14},"skip":true}]},"7":{"line":67,"type":"if","locations":[{"start":{"line":67,"column":12},"end":{"line":67,"column":12},"skip":true},{"start":{"line":67,"column":12},"end":{"line":67,"column":12},"skip":true}]},"8":{"line":67,"type":"binary-expr","locations":[{"start":{"line":67,"column":16},"end":{"line":67,"column":22},"skip":true},{"start":{"line":67,"column":27},"end":{"line":67,"column":32},"skip":true},{"start":{"line":68,"column":20},"end":{"line":68,"column":39},"skip":true},{"start":{"line":69,"column":20},"end":{"line":69,"column":49},"skip":true},{"start":{"line":70,"column":20},"end":{"line":70,"column":58},"skip":true},{"start":{"line":71,"column":20},"end":{"line":71,"column":69},"skip":true}]},"9":{"line":76,"type":"switch","locations":[{"start":{"line":77,"column":20},"end":{"line":77,"column":33},"skip":true},{"start":{"line":78,"column":20},"end":{"line":80,"column":30},"skip":true},{"start":{"line":81,"column":20},"end":{"line":82,"column":49},"skip":true}]},"10":{"line":86,"type":"switch","locations":[{"start":{"line":87,"column":12},"end":{"line":99,"column":22},"skip":true},{"start":{"line":101,"column":12},"end":{"line":102,"column":22},"skip":true}]},"11":{"line":86,"type":"binary-expr","locations":[{"start":{"line":86,"column":20},"end":{"line":86,"column":25},"skip":true},{"start":{"line":86,"column":29},"end":{"line":86,"column":48},"skip":true},{"start":{"line":86,"column":52},"end":{"line":86,"column":74},"skip":true}]},"12":{"line":89,"type":"if","locations":[{"start":{"line":89,"column":16},"end":{"line":89,"column":16},"skip":true},{"start":{"line":89,"column":16},"end":{"line":89,"column":16},"skip":true}]},"13":{"line":104,"type":"if","locations":[{"start":{"line":104,"column":12},"end":{"line":104,"column":12},"skip":true},{"start":{"line":104,"column":12},"end":{"line":104,"column":12},"skip":true}]},"14":{"line":104,"type":"binary-expr","locations":[{"start":{"line":104,"column":16},"end":{"line":104,"column":61},"skip":true},{"start":{"line":104,"column":66},"end":{"line":104,"column":72},"skip":true},{"start":{"line":104,"column":77},"end":{"line":104,"column":82},"skip":true},{"start":{"line":105,"column":20},"end":{"line":105,"column":39},"skip":true},{"start":{"line":106,"column":20},"end":{"line":106,"column":49},"skip":true},{"start":{"line":107,"column":20},"end":{"line":107,"column":58},"skip":true},{"start":{"line":108,"column":20},"end":{"line":108,"column":68},"skip":true}]},"15":{"line":125,"type":"if","locations":[{"start":{"line":125,"column":16},"end":{"line":125,"column":16},"skip":true},{"start":{"line":125,"column":16},"end":{"line":125,"column":16},"skip":true}]},"16":{"line":130,"type":"cond-expr","locations":[{"start":{"line":131,"column":26},"end":{"line":131,"column":29},"skip":true},{"start":{"line":132,"column":26},"end":{"line":132,"column":54},"skip":true}]},"17":{"line":191,"type":"binary-expr","locations":[{"start":{"line":191,"column":27},"end":{"line":191,"column":43},"skip":true},{"start":{"line":191,"column":47},"end":{"line":191,"column":49},"skip":true}]},"18":{"line":198,"type":"binary-expr","locations":[{"start":{"line":198,"column":37},"end":{"line":198,"column":59},"skip":true},{"start":{"line":198,"column":63},"end":{"line":198,"column":65},"skip":true}]},"19":{"line":199,"type":"if","locations":[{"start":{"line":199,"column":12},"end":{"line":199,"column":12},"skip":true},{"start":{"line":199,"column":12},"end":{"line":199,"column":12},"skip":true}]},"20":{"line":461,"type":"binary-expr","locations":[{"start":{"line":461,"column":12},"end":{"line":461,"column":56},"skip":true},{"start":{"line":462,"column":12},"end":{"line":463,"column":35},"skip":true}]},"21":{"line":470,"type":"switch","locations":[{"start":{"line":471,"column":16},"end":{"line":472,"column":60},"skip":true},{"start":{"line":473,"column":16},"end":{"line":474,"column":43},"skip":true},{"start":{"line":475,"column":16},"end":{"line":476,"column":43},"skip":true},{"start":{"line":477,"column":16},"end":{"line":478,"column":35},"skip":true},{"start":{"line":479,"column":16},"end":{"line":480,"column":34},"skip":true}]},"22":{"line":484,"type":"if","locations":[{"start":{"line":484,"column":8},"end":{"line":484,"column":8},"skip":true},{"start":{"line":484,"column":8},"end":{"line":484,"column":8},"skip":true}]},"23":{"line":484,"type":"binary-expr","locations":[{"start":{"line":484,"column":12},"end":{"line":484,"column":35},"skip":true},{"start":{"line":484,"column":39},"end":{"line":484,"column":67},"skip":true}]},"24":{"line":488,"type":"binary-expr","locations":[{"start":{"line":488,"column":12},"end":{"line":488,"column":50},"skip":true},{"start":{"line":489,"column":12},"end":{"line":489,"column":53},"skip":true}]},"25":{"line":490,"type":"binary-expr","locations":[{"start":{"line":490,"column":43},"end":{"line":490,"column":75},"skip":true},{"start":{"line":490,"column":79},"end":{"line":490,"column":81},"skip":true}]},"26":{"line":493,"type":"if","locations":[{"start":{"line":493,"column":8},"end":{"line":493,"column":8},"skip":true},{"start":{"line":493,"column":8},"end":{"line":493,"column":8},"skip":true}]},"27":{"line":497,"type":"if","locations":[{"start":{"line":497,"column":8},"end":{"line":497,"column":8},"skip":true},{"start":{"line":497,"column":8},"end":{"line":497,"column":8},"skip":true}]},"28":{"line":500,"type":"binary-expr","locations":[{"start":{"line":500,"column":27},"end":{"line":500,"column":43},"skip":true},{"start":{"line":500,"column":47},"end":{"line":500,"column":53},"skip":true}]},"29":{"line":504,"type":"if","locations":[{"start":{"line":504,"column":12},"end":{"line":504,"column":12},"skip":true},{"start":{"line":504,"column":12},"end":{"line":504,"column":12},"skip":true}]}},"code":["/*","example.js","","this script will run a web-demo of npmtest-react","","instruction","    1. save this script as example.js","    2. run the shell command:","        $ npm install npmtest-react && PORT=8081 node example.js","    3. open a browser to http://127.0.0.1:8081 and play with the web-demo","    4. edit this script to suit your needs","*/","","","","/* istanbul instrument in package npmtest_react */","/* jslint-utility2 */","/*jslint","    bitwise: true,","    browser: true,","    maxerr: 4,","    maxlen: 100,","    node: true,","    nomen: true,","    regexp: true,","    stupid: true","*/","(function () {","    'use strict';","    var local;","","","","    // run shared js-env code - init-before","    (function () {","        // init local","        local = {};","        // init modeJs","        (function () {","            try {","                local.modeJs = typeof process.versions.node === 'string' &&","                    typeof require('http').createServer === 'function' &&","                    'node';","            } catch (ignore) {","            }","            local.modeJs = local.modeJs || 'browser';","        }());","        // init global","        local.global = local.modeJs === 'browser'","            ? window","            : global;","        // re-init local","        local = local.global.utility2_rollup || (local.modeJs === 'browser'","            ? local.global.utility2_npmtest_react","            : global.utility2_moduleExports);","        // init exports","        local.global.local = local;","    }());","    switch (local.modeJs) {","","","","    // run browser js-env code - init-test","    /* istanbul ignore next */","    case 'browser':","        local.testRunBrowser = function (event) {","            if (!event || (event &&","                    event.currentTarget &&","                    event.currentTarget.className &&","                    event.currentTarget.className.includes &&","                    event.currentTarget.className.includes('onreset'))) {","                // reset output","                Array.from(","                    document.querySelectorAll('body > .resettable')","                ).forEach(function (element) {","                    switch (element.tagName) {","                    case 'INPUT':","                    case 'TEXTAREA':","                        element.value = '';","                        break;","                    default:","                        element.textContent = '';","                    }","                });","            }","            switch (event && event.currentTarget && event.currentTarget.id) {","            case 'testRunButton1':","                // show tests","                if (document.querySelector('#testReportDiv1').style.maxHeight === '0px') {","                    local.uiAnimateSlideDown(document.querySelector('#testReportDiv1'));","                    document.querySelector('#testRunButton1').textContent = 'hide internal test';","                    local.modeTest = true;","                    local.testRunDefault(local);","                // hide tests","                } else {","                    local.uiAnimateSlideUp(document.querySelector('#testReportDiv1'));","                    document.querySelector('#testRunButton1').textContent = 'run internal test';","                }","                break;","            // custom-case","            default:","                break;","            }","            if (document.querySelector('#inputTextareaEval1') && (!event || (event &&","                    event.currentTarget &&","                    event.currentTarget.className &&","                    event.currentTarget.className.includes &&","                    event.currentTarget.className.includes('oneval')))) {","                // try to eval input-code","                try {","                    /*jslint evil: true*/","                    eval(document.querySelector('#inputTextareaEval1').value);","                } catch (errorCaught) {","                    console.error(errorCaught);","                }","            }","        };","        // log stderr and stdout to #outputTextareaStdout1","        ['error', 'log'].forEach(function (key) {","            console[key + '_original'] = console[key];","            console[key] = function () {","                var element;","                console[key + '_original'].apply(console, arguments);","                element = document.querySelector('#outputTextareaStdout1');","                if (!element) {","                    return;","                }","                // append text to #outputTextareaStdout1","                element.value += Array.from(arguments).map(function (arg) {","                    return typeof arg === 'string'","                        ? arg","                        : JSON.stringify(arg, null, 4);","                }).join(' ') + '\\n';","                // scroll textarea to bottom","                element.scrollTop = element.scrollHeight;","            };","        });","        // init event-handling","        ['change', 'click', 'keyup'].forEach(function (event) {","            Array.from(document.querySelectorAll('.on' + event)).forEach(function (element) {","                element.addEventListener(event, local.testRunBrowser);","            });","        });","        // run tests","        local.testRunBrowser();","        break;","","","","    // run node js-env code - init-test","    /* istanbul ignore next */","    case 'node':","        // init exports","        module.exports = local;","        // require builtins","        // local.assert = require('assert');","        local.buffer = require('buffer');","        local.child_process = require('child_process');","        local.cluster = require('cluster');","        local.console = require('console');","        local.constants = require('constants');","        local.crypto = require('crypto');","        local.dgram = require('dgram');","        local.dns = require('dns');","        local.domain = require('domain');","        local.events = require('events');","        local.fs = require('fs');","        local.http = require('http');","        local.https = require('https');","        local.module = require('module');","        local.net = require('net');","        local.os = require('os');","        local.path = require('path');","        local.process = require('process');","        local.punycode = require('punycode');","        local.querystring = require('querystring');","        local.readline = require('readline');","        local.repl = require('repl');","        local.stream = require('stream');","        local.string_decoder = require('string_decoder');","        local.timers = require('timers');","        local.tls = require('tls');","        local.tty = require('tty');","        local.url = require('url');","        local.util = require('util');","        local.v8 = require('v8');","        local.vm = require('vm');","        local.zlib = require('zlib');","        /* validateLineSortedReset */","        // init assets","        local.assetsDict = local.assetsDict || {};","        [","            'assets.index.template.html',","            'assets.swgg.swagger.json',","            'assets.swgg.swagger.server.json'","        ].forEach(function (file) {","            file = '/' + file;","            local.assetsDict[file] = local.assetsDict[file] || '';","            if (local.fs.existsSync(local.__dirname + file)) {","                local.assetsDict[file] = local.fs.readFileSync(","                    local.__dirname + file,","                    'utf8'","                );","            }","        });","        /* jslint-ignore-begin */","        local.assetsDict['/assets.index.template.html'] = '\\","<!doctype html>\\n\\","<html lang=\"en\">\\n\\","<head>\\n\\","<meta charset=\"UTF-8\">\\n\\","<meta name=\"viewport\" content=\"width=device-width, initial-scale=1\">\\n\\","<!-- \"assets.utility2.template.html\" -->\\n\\","<title>{{env.npm_package_name}} ({{env.npm_package_version}})</title>\\n\\","<style>\\n\\","/* jslint-utility2 */\\n\\","/*csslint\\n\\","*/\\n\\","/* jslint-ignore-begin */\\n\\","*,\\n\\","*:after,\\n\\","*:before {\\n\\","    box-sizing: border-box;\\n\\","}\\n\\","/* jslint-ignore-end */\\n\\","@keyframes uiAnimateShake {\\n\\","    0%, 50% {\\n\\","        transform: translateX(10px);\\n\\","    }\\n\\","    25%, 75% {\\n\\","        transform: translateX(-10px);\\n\\","    }\\n\\","    100% {\\n\\","        transform: translateX(0);\\n\\","    }\\n\\","}\\n\\","@keyframes uiAnimateSpin {\\n\\","    0% {\\n\\","        transform: rotate(0deg);\\n\\","    }\\n\\","    100% {\\n\\","        transform: rotate(360deg);\\n\\","    }\\n\\","}\\n\\","a {\\n\\","    overflow-wrap: break-word;\\n\\","}\\n\\","body {\\n\\","    background: #eef;\\n\\","    font-family: Arial, Helvetica, sans-serif;\\n\\","    margin: 0 40px;\\n\\","}\\n\\","body > div,\\n\\","body > pre,\\n\\","body > textarea,\\n\\","body > .button {\\n\\","    margin-bottom: 20px;\\n\\","}\\n\\","body > textarea {\\n\\","    height: 10rem;\\n\\","    width: 100%;\\n\\","}\\n\\","body > textarea[readonly] {\\n\\","    background: #ddd;\\n\\","}\\n\\","body > .button {\\n\\","    width: 20rem;\\n\\","}\\n\\","code,\\n\\","pre,\\n\\","textarea {\\n\\","    font-family: Consolas, Menlo, monospace;\\n\\","    font-size: small;\\n\\","}\\n\\","pre {\\n\\","    overflow-wrap: break-word;\\n\\","    white-space: pre-wrap;\\n\\","}\\n\\","textarea {\\n\\","    overflow: auto;\\n\\","    white-space: pre;\\n\\","}\\n\\",".button {\\n\\","    background-color: #fff;\\n\\","    border: 1px solid;\\n\\","    border-bottom-color: rgb(186, 186, 186);\\n\\","    border-left-color: rgb(209, 209, 209);\\n\\","    border-radius: 4px;\\n\\","    border-right-color: rgb(209, 209, 209);\\n\\","    border-top-color: rgb(216, 216, 216);\\n\\","    color: #00d;\\n\\","    cursor: pointer;\\n\\","    display: inline-block;\\n\\","    font-family: Arial, Helvetica, sans-serif;\\n\\","    font-size: 12px;\\n\\","    font-style: normal;\\n\\","    font-weight: normal;\\n\\","    margin: 0;\\n\\","    padding: 2px 7px 3px 7px;\\n\\","    text-align: center;\\n\\","    text-decoration: underline;\\n\\","}\\n\\",".colorError {\\n\\","    color: #d00;\\n\\","}\\n\\",".uiAnimateShake {\\n\\","    animation-duration: 500ms;\\n\\","    animation-name: uiAnimateShake;\\n\\","}\\n\\",".uiAnimateSlide {\\n\\","    overflow-y: hidden;\\n\\","    transition: max-height ease-in 250ms, min-height ease-in 250ms, padding-bottom ease-in 250ms, padding-top ease-in 250ms;\\n\\","}\\n\\",".utility2FooterDiv {\\n\\","    text-align: center;\\n\\","}\\n\\",".zeroPixel {\\n\\","    border: 0;\\n\\","    height: 0;\\n\\","    margin: 0;\\n\\","    padding: 0;\\n\\","    width: 0;\\n\\","}\\n\\","</style>\\n\\","</head>\\n\\","<body>\\n\\","<div id=\"ajaxProgressDiv1\" style=\"background: #d00; height: 2px; left: 0; margin: 0; padding: 0; position: fixed; top: 0; transition: background 500ms, width 1500ms; width: 0%; z-index: 1;\"></div>\\n\\","<div class=\"uiAnimateSpin\" style=\"animation: uiAnimateSpin 2s linear infinite; border: 5px solid #999; border-radius: 50%; border-top: 5px solid #7d7; display: none; height: 25px; vertical-align: middle; width: 25px;\"></div>\\n\\","<code style=\"display: none;\"></code><div class=\"button colorError uiAnimateShake uiAnimateSlide utility2FooterDiv zeroPixel\" style=\"display: none;\"></div><pre style=\"display: none;\"></pre><textarea readonly style=\"display: none;\"></textarea>\\n\\","<script>\\n\\","/* jslint-utility2 */\\n\\","/*jslint\\n\\","    bitwise: true,\\n\\","    browser: true,\\n\\","    maxerr: 4,\\n\\","    maxlen: 100,\\n\\","    node: true,\\n\\","    nomen: true,\\n\\","    regexp: true,\\n\\","    stupid: true\\n\\","*/\\n\\","// init timerIntervalAjaxProgressUpdate\\n\\","(function () {\\n\\","/*\\n\\"," * this function will increment the ajax-progress-bar until the webpage has loaded\\n\\"," */\\n\\","    \"use strict\";\\n\\","    var ajaxProgressDiv1,\\n\\","        ajaxProgressState,\\n\\","        ajaxProgressUpdate;\\n\\","    if (window.timerIntervalAjaxProgressUpdate) {\\n\\","        return;\\n\\","    }\\n\\","    ajaxProgressDiv1 = document.querySelector(\"#ajaxProgressDiv1\");\\n\\","    setTimeout(function () {\\n\\","        ajaxProgressDiv1.style.width = \"25%\";\\n\\","    });\\n\\","    ajaxProgressState = 0;\\n\\","    ajaxProgressUpdate = (window.local &&\\n\\","        window.local.ajaxProgressUpdate) || function () {\\n\\","        ajaxProgressDiv1.style.width = \"100%\";\\n\\","        setTimeout(function () {\\n\\","            ajaxProgressDiv1.style.background = \"transparent\";\\n\\","            setTimeout(function () {\\n\\","                ajaxProgressDiv1.style.width = \"0%\";\\n\\","            }, 500);\\n\\","        }, 1500);\\n\\","    };\\n\\","    window.timerIntervalAjaxProgressUpdate = setInterval(function () {\\n\\","        ajaxProgressState += 1;\\n\\","        ajaxProgressDiv1.style.width = Math.max(\\n\\","            100 - 75 * Math.exp(-0.125 * ajaxProgressState),\\n\\","            ajaxProgressDiv1.style.width.slice(0, -1) | 0\\n\\","        ) + \"%\";\\n\\","    }, 1000);\\n\\","    window.addEventListener(\"load\", function () {\\n\\","        clearInterval(window.timerIntervalAjaxProgressUpdate);\\n\\","        ajaxProgressUpdate();\\n\\","    });\\n\\","}());\\n\\","// init domOnEventSelectAllWithinPre\\n\\","(function () {\\n\\","/*\\n\\"," * this function will limit select-all within <pre tabIndex=\"0\"> elements\\n\\"," * https://stackoverflow.com/questions/985272/selecting-text-in-an-element-akin-to-highlighting-with-your-mouse\\n\\"," */\\n\\","    \"use strict\";\\n\\","    if (window.domOnEventSelectAllWithinPre) {\\n\\","        return;\\n\\","    }\\n\\","    window.domOnEventSelectAllWithinPre = function (event) {\\n\\","        var range, selection;\\n\\","        if (event &&\\n\\","                event.code === \"KeyA\" &&\\n\\","                (event.ctrlKey || event.metaKey) &&\\n\\","                event.target.closest(\"pre\")) {\\n\\","            range = document.createRange();\\n\\","            range.selectNodeContents(event.target.closest(\"pre\"));\\n\\","            selection = window.getSelection();\\n\\","            selection.removeAllRanges();\\n\\","            selection.addRange(range);\\n\\","            event.preventDefault();\\n\\","        }\\n\\","    };\\n\\","    document.addEventListener(\"keydown\", window.domOnEventSelectAllWithinPre);\\n\\","}());\\n\\","</script>\\n\\","<h1>\\n\\","<!-- utility2-comment\\n\\","    <a\\n\\","        {{#if env.npm_package_homepage}}\\n\\","        href=\"{{env.npm_package_homepage}}\"\\n\\","        {{/if env.npm_package_homepage}}\\n\\","        target=\"_blank\"\\n\\","    >\\n\\","utility2-comment -->\\n\\","        {{env.npm_package_name}} ({{env.npm_package_version}})\\n\\","<!-- utility2-comment\\n\\","    </a>\\n\\","utility2-comment -->\\n\\","</h1>\\n\\","<h3>{{env.npm_package_description}}</h3>\\n\\","<!-- utility2-comment\\n\\","<a class=\"button\" download href=\"assets.app.js\">download standalone app</a><br>\\n\\","<button class=\"button onclick onreset\" id=\"testRunButton1\">run internal test</button><br>\\n\\","<div class=\"uiAnimateSlide\" id=\"testReportDiv1\" style=\"border-bottom: 0; border-top: 0; margin-bottom: 0; margin-top: 0; max-height: 0; padding-bottom: 0; padding-top: 0;\"></div>\\n\\","utility2-comment -->\\n\\","\\n\\","\\n\\","\\n\\","<label>stderr and stdout</label>\\n\\","<textarea class=\"resettable\" id=\"outputTextareaStdout1\" readonly></textarea>\\n\\","<!-- utility2-comment\\n\\","{{#if isRollup}}\\n\\","<script src=\"assets.app.js\"></script>\\n\\","{{#unless isRollup}}\\n\\","utility2-comment -->\\n\\","<script src=\"assets.utility2.rollup.js\"></script>\\n\\","<script>window.utility2.onResetBefore.counter += 1;</script>\\n\\","<script src=\"jsonp.utility2.stateInit?callback=window.utility2.stateInit\"></script>\\n\\","<script src=\"assets.npmtest_react.js\"></script>\\n\\","<script src=\"assets.example.js\"></script>\\n\\","<script src=\"assets.test.js\"></script>\\n\\","<script>window.utility2.onResetBefore();</script>\\n\\","<!-- utility2-comment\\n\\","{{/if isRollup}}\\n\\","utility2-comment -->\\n\\","<div class=\"utility2FooterDiv\">\\n\\","    [ this app was created with\\n\\","    <a href=\"https://github.com/kaizhu256/node-utility2\" target=\"_blank\">utility2</a>\\n\\","    ]\\n\\","</div>\\n\\","</body>\\n\\","</html>\\n\\","';","        /* jslint-ignore-end */","        /* validateLineSortedReset */","        /* jslint-ignore-begin */","        // bug-workaround - long $npm_package_buildCustomOrg","        local.assetsDict['/assets.npmtest_react.js'] =","            local.assetsDict['/assets.npmtest_react.js'] ||","            local.fs.readFileSync(local.__dirname + '/lib.npmtest_react.js', 'utf8'","        ).replace((/^#!\\//), '// ');","        /* jslint-ignore-end */","        /* validateLineSortedReset */","        local.assetsDict['/'] =","            local.assetsDict['/assets.example.html'] =","            local.assetsDict['/assets.index.template.html']","            .replace((/\\{\\{env\\.(\\w+?)\\}\\}/g), function (match0, match1) {","                switch (match1) {","                case 'npm_package_description':","                    return 'the greatest app in the world!';","                case 'npm_package_name':","                    return 'npmtest-react';","                case 'npm_package_nameLib':","                    return 'npmtest_react';","                case 'npm_package_version':","                    return '0.0.1';","                default:","                    return match0;","                }","            });","        // init cli","        if (module !== require.main || local.global.utility2_rollup) {","            break;","        }","        local.assetsDict['/assets.example.js'] =","            local.assetsDict['/assets.example.js'] ||","            local.fs.readFileSync(__filename, 'utf8');","        local.assetsDict['/favicon.ico'] = local.assetsDict['/favicon.ico'] || '';","        // if $npm_config_timeout_exit exists,","        // then exit this process after $npm_config_timeout_exit ms","        if (Number(process.env.npm_config_timeout_exit)) {","            setTimeout(process.exit, Number(process.env.npm_config_timeout_exit));","        }","        // start server","        if (local.global.utility2_serverHttp1) {","            break;","        }","        process.env.PORT = process.env.PORT || '8081';","        console.error('server starting on port ' + process.env.PORT);","        local.http.createServer(function (request, response) {","            request.urlParsed = local.url.parse(request.url);","            if (local.assetsDict[request.urlParsed.pathname] !== undefined) {","                response.end(local.assetsDict[request.urlParsed.pathname]);","                return;","            }","            response.statusCode = 404;","            response.end();","        }).listen(process.env.PORT);","        break;","    }","}());",""],"l":{"28":2,"30":2,"35":2,"37":2,"39":2,"40":2,"41":2,"46":2,"49":2,"53":2,"57":2,"59":2,"66":1,"67":2,"73":2,"76":2,"79":2,"80":2,"82":1,"86":2,"89":1,"90":1,"91":1,"92":1,"93":1,"96":1,"97":1,"99":1,"102":1,"104":2,"110":1,"112":1,"114":1,"119":1,"120":2,"121":2,"122":20,"123":20,"124":20,"125":20,"126":1,"129":20,"130":20,"135":20,"139":1,"140":3,"141":1,"145":1,"146":1,"154":1,"157":1,"158":1,"159":1,"160":1,"161":1,"162":1,"163":1,"164":1,"165":1,"166":1,"167":1,"168":1,"169":1,"170":1,"171":1,"172":1,"173":1,"174":1,"175":1,"176":1,"177":1,"178":1,"179":1,"180":1,"181":1,"182":1,"183":1,"184":1,"185":1,"186":1,"187":1,"188":1,"191":1,"192":1,"197":3,"198":3,"199":3,"200":1,"207":1,"460":1,"466":1,"470":6,"472":1,"474":2,"476":1,"478":2,"480":1,"484":1,"485":1,"487":1,"490":1,"493":1,"494":1,"497":1,"498":1,"500":1,"501":1,"502":1,"503":1,"504":1,"505":1,"506":1,"508":1,"509":1,"511":1}},"/home/travis/build/npmtest/node-npmtest-react/node_modules/react/index.js":{"path":"/home/travis/build/npmtest/node-npmtest-react/node_modules/react/index.js","s":{"1":1,"2":0,"3":1},"b":{"1":[0,1]},"f":{},"fnMap":{},"statementMap":{"1":{"start":{"line":3,"column":0},"end":{"line":7,"column":1}},"2":{"start":{"line":4,"column":2},"end":{"line":4,"column":60}},"3":{"start":{"line":6,"column":2},"end":{"line":6,"column":57}}},"branchMap":{"1":{"line":3,"type":"if","locations":[{"start":{"line":3,"column":0},"end":{"line":3,"column":0}},{"start":{"line":3,"column":0},"end":{"line":3,"column":0}}]}},"code":["'use strict';","","if (process.env.NODE_ENV === 'production') {","  module.exports = require('./cjs/react.production.min.js');","} else {","  module.exports = require('./cjs/react.development.js');","}",""],"l":{"3":1,"4":0,"6":1}},"/home/travis/build/npmtest/node-npmtest-react/node_modules/react/cjs/react.development.js":{"path":"/home/travis/build/npmtest/node-npmtest-react/node_modules/react/cjs/react.development.js","s":{"1":1,"2":1,"3":1,"4":1,"5":1,"6":1,"7":1,"8":1,"9":1,"10":1,"11":1,"12":1,"13":1,"14":1,"15":1,"16":1,"17":1,"18":1,"19":1,"20":1,"21":1,"22":1,"23":1,"24":0,"25":0,"26":0,"27":0,"28":0,"29":0,"30":1,"31":1,"32":1,"33":0,"34":0,"35":0,"36":0,"37":0,"38":0,"39":0,"40":0,"41":0,"42":1,"43":0,"44":0,"45":0,"46":0,"47":0,"48":0,"49":1,"50":1,"51":1,"52":0,"53":0,"54":0,"55":0,"56":0,"57":0,"58":0,"59":1,"60":0,"61":0,"62":0,"63":0,"64":1,"65":0,"66":0,"67":0,"68":0,"69":1,"70":1,"71":0,"72":0,"73":1,"74":0,"75":1,"76":1,"77":2,"78":0,"79":0,"80":1,"81":2,"82":2,"83":1,"84":1,"85":1,"86":0,"87":0,"88":0,"89":0,"90":1,"91":1,"92":1,"93":1,"94":1,"95":0,"96":0,"97":0,"98":1,"99":1,"100":1,"101":1,"102":1,"103":1,"104":0,"105":0,"106":0,"107":0,"108":0,"109":1,"110":0,"111":0,"112":0,"113":0,"114":0,"115":1,"116":0,"117":0,"118":0,"119":0,"120":0,"121":0,"122":1,"123":0,"124":0,"125":0,"126":0,"127":0,"128":0,"129":1,"130":0,"131":0,"132":0,"133":0,"134":0,"135":0,"136":0,"137":0,"138":0,"139":1,"140":0,"141":0,"142":0,"143":0,"144":0,"145":0,"146":0,"147":0,"148":0,"149":0,"150":0,"151":0,"152":0,"153":0,"154":0,"155":0,"156":0,"157":0,"158":0,"159":0,"160":0,"161":0,"162":0,"163":0,"164":0,"165":0,"166":0,"167":0,"168":0,"169":0,"170":0,"171":0,"172":0,"173":0,"174":0,"175":0,"176":0,"177":0,"178":0,"179":1,"180":0,"181":0,"182":1,"183":0,"184":0,"185":0,"186":0,"187":0,"188":0,"189":0,"190":0,"191":0,"192":0,"193":0,"194":0,"195":0,"196":0,"197":0,"198":0,"199":0,"200":0,"201":0,"202":0,"203":0,"204":0,"205":0,"206":0,"207":0,"208":0,"209":0,"210":0,"211":0,"212":0,"213":0,"214":1,"215":0,"216":1,"217":1,"218":1,"219":0,"220":0,"221":0,"222":0,"223":1,"224":1,"225":1,"226":0,"227":0,"228":0,"229":0,"230":0,"231":1,"232":1,"233":1,"234":0,"235":1,"236":1,"237":1,"238":0,"239":0,"240":0,"241":0,"242":0,"243":0,"244":0,"245":0,"246":0,"247":1,"248":0,"249":0,"250":0,"251":0,"252":0,"253":0,"254":0,"255":1,"256":0,"257":0,"258":0,"259":0,"260":0,"261":0,"262":0,"263":0,"264":0,"265":0,"266":0,"267":0,"268":0,"269":0,"270":0,"271":0,"272":0,"273":0,"274":0,"275":0,"276":0,"277":0,"278":0,"279":0,"280":0,"281":0,"282":0,"283":0,"284":0,"285":0,"286":0,"287":0,"288":0,"289":0,"290":0,"291":0,"292":0,"293":0,"294":0,"295":0,"296":0,"297":1,"298":0,"299":0,"300":0,"301":1,"302":0,"303":0,"304":0,"305":1,"306":0,"307":0,"308":1,"309":0,"310":0,"311":0,"312":0,"313":0,"314":1,"315":0,"316":0,"317":0,"318":0,"319":0,"320":0,"321":0,"322":0,"323":1,"324":0,"325":0,"326":0,"327":0,"328":0,"329":0,"330":1,"331":0,"332":0,"333":0,"334":0,"335":0,"336":1,"337":0,"338":1,"339":0,"340":0,"341":0,"342":1,"343":0,"344":0,"345":1,"346":0,"347":0,"348":0,"349":0,"350":0,"351":0,"352":0,"353":0,"354":0,"355":1,"356":0,"357":0,"358":0,"359":0,"360":1,"361":0,"362":1,"363":0,"364":1,"365":0,"366":0,"367":0,"368":0,"369":0,"370":0,"371":0,"372":0,"373":0,"374":0,"375":0,"376":0,"377":0,"378":0,"379":0,"380":0,"381":0,"382":0,"383":0,"384":1,"385":1,"386":1,"387":1,"388":1,"389":1,"390":1,"391":0,"392":0,"393":0,"394":0,"395":0,"396":0,"397":0,"398":0,"399":0,"400":1,"401":0,"402":0,"403":0,"404":0,"405":0,"406":0,"407":0,"408":1,"409":0,"410":0,"411":0,"412":0,"413":0,"414":1,"415":0,"416":0,"417":0,"418":0,"419":0,"420":0,"421":1,"422":1,"423":0,"424":0,"425":0,"426":0,"427":0,"428":0,"429":1,"430":0,"431":0,"432":0,"433":0,"434":0,"435":0,"436":0,"437":0,"438":0,"439":0,"440":0,"441":0,"442":0,"443":1,"444":0,"445":0,"446":0,"447":0,"448":0,"449":0,"450":0,"451":0,"452":0,"453":0,"454":0,"455":0,"456":0,"457":0,"458":0,"459":0,"460":0,"461":0,"462":0,"463":1,"464":0,"465":0,"466":0,"467":0,"468":0,"469":0,"470":0,"471":0,"472":0,"473":0,"474":0,"475":0,"476":0,"477":0,"478":1,"479":0,"480":0,"481":0,"482":0,"483":0,"484":0,"485":0,"486":0,"487":0,"488":0,"489":1,"490":0,"491":0,"492":0,"493":0,"494":0,"495":0,"496":0,"497":0,"498":0,"499":0,"500":0,"501":0,"502":0,"503":0,"504":0,"505":0,"506":0,"507":0,"508":0,"509":0,"510":0,"511":0,"512":0,"513":0,"514":0,"515":0,"516":0,"517":1,"518":0,"519":0,"520":0,"521":0,"522":0,"523":0,"524":0,"525":1,"526":0,"527":0,"528":0,"529":0,"530":0,"531":1,"532":1,"533":0,"534":1,"535":1,"536":1,"537":1,"538":1},"b":{"1":[1,0],"2":[1,1],"3":[1,0],"4":[1,0],"5":[1,0],"6":[1,0],"7":[1,0],"8":[1,0],"9":[1,0],"10":[1,0],"11":[1,0],"12":[1,0],"13":[1,1],"14":[0,0],"15":[0,0],"16":[0,0,0],"17":[0,0],"18":[0,0],"19":[0,0],"20":[0,0],"21":[0,0,0,0],"22":[0,0],"23":[0,0],"24":[0,0],"25":[0,0,0],"26":[2,0],"27":[0,0],"28":[0,0],"29":[0,0],"30":[0,0],"31":[0,0],"32":[0,0],"33":[0,0],"34":[0,0],"35":[0,0],"36":[0,0],"37":[0,0],"38":[0,0],"39":[0,0],"40":[0,0],"41":[0,0],"42":[0,0],"43":[0,0],"44":[0,0],"45":[0,0],"46":[0,0],"47":[0,0],"48":[0,0],"49":[0,0],"50":[0,0],"51":[0,0],"52":[0,0],"53":[0,0],"54":[0,0],"55":[0,0,0],"56":[0,0],"57":[0,0],"58":[0,0],"59":[0,0],"60":[0,0],"61":[0,0],"62":[0,0],"63":[0,0],"64":[0,0],"65":[0,0],"66":[0,0],"67":[0,0],"68":[0,0],"69":[0,0],"70":[0,0],"71":[0,0,0],"72":[0,0],"73":[0,0],"74":[0,0],"75":[0,0],"76":[0,0],"77":[0,0],"78":[0,0,0],"79":[0,0],"80":[0,0],"81":[0,0],"82":[0,0],"83":[0,0],"84":[0,0],"85":[0,0],"86":[0,0],"87":[0,0],"88":[0,0],"89":[0,0],"90":[0,0],"91":[0,0,0],"92":[0,0],"93":[0,0],"94":[0,0],"95":[0,0],"96":[0,0],"97":[0,0,0],"98":[0,0],"99":[0,0],"100":[0,0],"101":[0,0],"102":[0,0],"103":[0,0],"104":[0,0],"105":[0,0],"106":[0,0],"107":[0,0],"108":[0,0],"109":[0,0],"110":[0,0],"111":[0,0],"112":[0,0,0,0,0,0,0,0,0,0,0,0],"113":[0,0],"114":[0,0],"115":[0,0],"116":[0,0,0,0,0,0,0,0],"117":[0,0],"118":[0,0],"119":[0],"120":[0,0,0],"121":[0,0],"122":[0,0],"123":[0,0],"124":[0,0],"125":[0,0],"126":[0,0],"127":[0,0,0],"128":[0,0],"129":[0,0],"130":[0,0],"131":[0,0],"132":[0,0],"133":[0,0],"134":[0,0,0],"135":[0,0],"136":[0,0],"137":[0,0],"138":[0,0],"139":[0,0],"140":[0,0,0],"141":[0,0],"142":[0,0],"143":[0,0,0],"144":[0,0],"145":[0,0],"146":[0,0],"147":[0,0],"148":[0,0],"149":[0,0],"150":[0,0],"151":[0,0],"152":[0,0],"153":[0,0],"154":[0,0],"155":[0,0],"156":[0,0],"157":[0,0],"158":[0,0],"159":[0,0],"160":[0,0],"161":[0,0],"162":[0,0],"163":[0,0],"164":[0,0],"165":[0,0],"166":[0,0,0,0],"167":[0,0],"168":[0,0],"169":[0,0],"170":[0,0],"171":[0,0],"172":[0,0],"173":[0,0],"174":[0,1],"175":[1,1,0],"176":[0,1]},"f":{"1":1,"2":0,"3":0,"4":0,"5":0,"6":0,"7":0,"8":0,"9":0,"10":0,"11":0,"12":0,"13":0,"14":0,"15":2,"16":0,"17":1,"18":0,"19":0,"20":0,"21":0,"22":0,"23":0,"24":0,"25":0,"26":0,"27":0,"28":0,"29":0,"30":0,"31":0,"32":0,"33":0,"34":0,"35":0,"36":0,"37":0,"38":0,"39":0,"40":0,"41":0,"42":0,"43":0,"44":0,"45":0,"46":0,"47":0,"48":0,"49":0,"50":0,"51":0,"52":0,"53":0,"54":0,"55":0,"56":0,"57":0,"58":0,"59":0,"60":0,"61":0,"62":0,"63":0,"64":0,"65":0,"66":0,"67":0},"fnMap":{"1":{"name":"(anonymous_1)","line":15,"loc":{"start":{"line":15,"column":3},"end":{"line":15,"column":14}}},"2":{"name":"getIteratorFn","line":47,"loc":{"start":{"line":47,"column":0},"end":{"line":47,"column":38}}},"3":{"name":"(anonymous_3)","line":110,"loc":{"start":{"line":110,"column":25},"end":{"line":110,"column":37}}},"4":{"name":"(anonymous_4)","line":113,"loc":{"start":{"line":113,"column":21},"end":{"line":113,"column":39}}},"5":{"name":"(anonymous_5)","line":119,"loc":{"start":{"line":119,"column":54},"end":{"line":119,"column":66}}},"6":{"name":"(anonymous_6)","line":133,"loc":{"start":{"line":133,"column":23},"end":{"line":133,"column":52}}},"7":{"name":"warnNoop","line":151,"loc":{"start":{"line":151,"column":0},"end":{"line":151,"column":46}}},"8":{"name":"(anonymous_8)","line":175,"loc":{"start":{"line":175,"column":13},"end":{"line":175,"column":39}}},"9":{"name":"(anonymous_9)","line":194,"loc":{"start":{"line":194,"column":22},"end":{"line":194,"column":70}}},"10":{"name":"(anonymous_10)","line":211,"loc":{"start":{"line":211,"column":23},"end":{"line":211,"column":86}}},"11":{"name":"(anonymous_11)","line":227,"loc":{"start":{"line":227,"column":19},"end":{"line":227,"column":81}}},"12":{"name":"Component","line":235,"loc":{"start":{"line":235,"column":0},"end":{"line":235,"column":44}}},"13":{"name":"(anonymous_13)","line":271,"loc":{"start":{"line":271,"column":31},"end":{"line":271,"column":65}}},"14":{"name":"(anonymous_14)","line":290,"loc":{"start":{"line":290,"column":34},"end":{"line":290,"column":54}}},"15":{"name":"(anonymous_15)","line":304,"loc":{"start":{"line":304,"column":33},"end":{"line":304,"column":61}}},"16":{"name":"(anonymous_16)","line":306,"loc":{"start":{"line":306,"column":11},"end":{"line":306,"column":23}}},"17":{"name":"ComponentDummy","line":319,"loc":{"start":{"line":319,"column":0},"end":{"line":319,"column":26}}},"18":{"name":"PureComponent","line":325,"loc":{"start":{"line":325,"column":0},"end":{"line":325,"column":48}}},"19":{"name":"createRef","line":339,"loc":{"start":{"line":339,"column":0},"end":{"line":339,"column":21}}},"20":{"name":"hasValidRef","line":375,"loc":{"start":{"line":375,"column":0},"end":{"line":375,"column":29}}},"21":{"name":"hasValidKey","line":387,"loc":{"start":{"line":387,"column":0},"end":{"line":387,"column":29}}},"22":{"name":"defineKeyPropWarningGetter","line":399,"loc":{"start":{"line":399,"column":0},"end":{"line":399,"column":56}}},"23":{"name":"(anonymous_23)","line":400,"loc":{"start":{"line":400,"column":30},"end":{"line":400,"column":42}}},"24":{"name":"defineRefPropWarningGetter","line":413,"loc":{"start":{"line":413,"column":0},"end":{"line":413,"column":56}}},"25":{"name":"(anonymous_25)","line":414,"loc":{"start":{"line":414,"column":30},"end":{"line":414,"column":42}}},"26":{"name":"(anonymous_26)","line":447,"loc":{"start":{"line":447,"column":19},"end":{"line":447,"column":73}}},"27":{"name":"createElement","line":507,"loc":{"start":{"line":507,"column":0},"end":{"line":507,"column":47}}},"28":{"name":"cloneAndReplaceKey","line":585,"loc":{"start":{"line":585,"column":0},"end":{"line":585,"column":48}}},"29":{"name":"cloneElement","line":595,"loc":{"start":{"line":595,"column":0},"end":{"line":595,"column":49}}},"30":{"name":"isValidElement","line":666,"loc":{"start":{"line":666,"column":0},"end":{"line":666,"column":32}}},"31":{"name":"(anonymous_31)","line":676,"loc":{"start":{"line":676,"column":44},"end":{"line":676,"column":56}}},"32":{"name":"escape","line":694,"loc":{"start":{"line":694,"column":0},"end":{"line":694,"column":21}}},"33":{"name":"(anonymous_33)","line":700,"loc":{"start":{"line":700,"column":54},"end":{"line":700,"column":71}}},"34":{"name":"escapeUserProvidedKey","line":715,"loc":{"start":{"line":715,"column":0},"end":{"line":715,"column":37}}},"35":{"name":"getPooledTraverseContext","line":721,"loc":{"start":{"line":721,"column":0},"end":{"line":721,"column":81}}},"36":{"name":"releaseTraverseContext","line":741,"loc":{"start":{"line":741,"column":0},"end":{"line":741,"column":49}}},"37":{"name":"traverseAllChildrenImpl","line":760,"loc":{"start":{"line":760,"column":0},"end":{"line":760,"column":81}}},"38":{"name":"traverseAllChildren","line":854,"loc":{"start":{"line":854,"column":0},"end":{"line":854,"column":66}}},"39":{"name":"getComponentKey","line":869,"loc":{"start":{"line":869,"column":0},"end":{"line":869,"column":43}}},"40":{"name":"forEachSingleChild","line":880,"loc":{"start":{"line":880,"column":0},"end":{"line":880,"column":54}}},"41":{"name":"forEachChildren","line":899,"loc":{"start":{"line":899,"column":0},"end":{"line":899,"column":64}}},"42":{"name":"mapSingleChildIntoContext","line":908,"loc":{"start":{"line":908,"column":0},"end":{"line":908,"column":65}}},"43":{"name":"mapIntoWithKeyPrefixInternal","line":929,"loc":{"start":{"line":929,"column":0},"end":{"line":929,"column":78}}},"44":{"name":"mapChildren","line":952,"loc":{"start":{"line":952,"column":0},"end":{"line":952,"column":46}}},"45":{"name":"countChildren","line":970,"loc":{"start":{"line":970,"column":0},"end":{"line":970,"column":33}}},"46":{"name":"toArray","line":980,"loc":{"start":{"line":980,"column":0},"end":{"line":980,"column":27}}},"47":{"name":"onlyChild","line":1000,"loc":{"start":{"line":1000,"column":0},"end":{"line":1000,"column":29}}},"48":{"name":"createContext","line":1005,"loc":{"start":{"line":1005,"column":0},"end":{"line":1005,"column":59}}},"49":{"name":"forwardRef","line":1046,"loc":{"start":{"line":1046,"column":0},"end":{"line":1046,"column":28}}},"50":{"name":"(anonymous_50)","line":1061,"loc":{"start":{"line":1061,"column":29},"end":{"line":1061,"column":64}}},"51":{"name":"isValidElementType","line":1065,"loc":{"start":{"line":1065,"column":0},"end":{"line":1065,"column":34}}},"52":{"name":"getComponentName","line":1071,"loc":{"start":{"line":1071,"column":0},"end":{"line":1071,"column":33}}},"53":{"name":"(anonymous_53)","line":1118,"loc":{"start":{"line":1118,"column":21},"end":{"line":1118,"column":33}}},"54":{"name":"(anonymous_54)","line":1119,"loc":{"start":{"line":1119,"column":23},"end":{"line":1119,"column":35}}},"55":{"name":"(anonymous_55)","line":1126,"loc":{"start":{"line":1126,"column":19},"end":{"line":1126,"column":38}}},"56":{"name":"(anonymous_56)","line":1140,"loc":{"start":{"line":1140,"column":21},"end":{"line":1140,"column":33}}},"57":{"name":"getDeclarationErrorAddendum","line":1152,"loc":{"start":{"line":1152,"column":0},"end":{"line":1152,"column":39}}},"58":{"name":"getSourceInfoErrorAddendum","line":1162,"loc":{"start":{"line":1162,"column":0},"end":{"line":1162,"column":50}}},"59":{"name":"getCurrentComponentErrorInfo","line":1179,"loc":{"start":{"line":1179,"column":0},"end":{"line":1179,"column":50}}},"60":{"name":"validateExplicitKey","line":1202,"loc":{"start":{"line":1202,"column":0},"end":{"line":1202,"column":50}}},"61":{"name":"validateChildKeys","line":1239,"loc":{"start":{"line":1239,"column":0},"end":{"line":1239,"column":45}}},"62":{"name":"validatePropTypes","line":1279,"loc":{"start":{"line":1279,"column":0},"end":{"line":1279,"column":36}}},"63":{"name":"validateFragmentProps","line":1303,"loc":{"start":{"line":1303,"column":0},"end":{"line":1303,"column":41}}},"64":{"name":"createElementWithValidation","line":1322,"loc":{"start":{"line":1322,"column":0},"end":{"line":1322,"column":60}}},"65":{"name":"createFactoryWithValidation","line":1382,"loc":{"start":{"line":1382,"column":0},"end":{"line":1382,"column":43}}},"66":{"name":"(anonymous_66)","line":1389,"loc":{"start":{"line":1389,"column":11},"end":{"line":1389,"column":23}}},"67":{"name":"cloneElementWithValidation","line":1402,"loc":{"start":{"line":1402,"column":0},"end":{"line":1402,"column":62}}}},"statementMap":{"1":{"start":{"line":14,"column":0},"end":{"line":1474,"column":1}},"2":{"start":{"line":15,"column":2},"end":{"line":1473,"column":7}},"3":{"start":{"line":18,"column":0},"end":{"line":18,"column":39}},"4":{"start":{"line":19,"column":0},"end":{"line":19,"column":46}},"5":{"start":{"line":20,"column":0},"end":{"line":20,"column":50}},"6":{"start":{"line":21,"column":0},"end":{"line":21,"column":42}},"7":{"start":{"line":22,"column":0},"end":{"line":22,"column":54}},"8":{"start":{"line":23,"column":0},"end":{"line":23,"column":58}},"9":{"start":{"line":27,"column":0},"end":{"line":27,"column":28}},"10":{"start":{"line":31,"column":0},"end":{"line":31,"column":59}},"11":{"start":{"line":33,"column":0},"end":{"line":33,"column":74}},"12":{"start":{"line":34,"column":0},"end":{"line":34,"column":72}},"13":{"start":{"line":35,"column":0},"end":{"line":35,"column":76}},"14":{"start":{"line":36,"column":0},"end":{"line":36,"column":82}},"15":{"start":{"line":37,"column":0},"end":{"line":37,"column":76}},"16":{"start":{"line":38,"column":0},"end":{"line":38,"column":76}},"17":{"start":{"line":39,"column":0},"end":{"line":39,"column":74}},"18":{"start":{"line":40,"column":0},"end":{"line":40,"column":80}},"19":{"start":{"line":41,"column":0},"end":{"line":41,"column":82}},"20":{"start":{"line":42,"column":0},"end":{"line":42,"column":74}},"21":{"start":{"line":44,"column":0},"end":{"line":44,"column":76}},"22":{"start":{"line":45,"column":0},"end":{"line":45,"column":40}},"23":{"start":{"line":47,"column":0},"end":{"line":56,"column":1}},"24":{"start":{"line":48,"column":2},"end":{"line":50,"column":3}},"25":{"start":{"line":49,"column":4},"end":{"line":49,"column":16}},"26":{"start":{"line":51,"column":2},"end":{"line":51,"column":123}},"27":{"start":{"line":52,"column":2},"end":{"line":54,"column":3}},"28":{"start":{"line":53,"column":4},"end":{"line":53,"column":25}},"29":{"start":{"line":55,"column":2},"end":{"line":55,"column":14}},"30":{"start":{"line":68,"column":0},"end":{"line":68,"column":27}},"31":{"start":{"line":110,"column":0},"end":{"line":110,"column":40}},"32":{"start":{"line":113,"column":2},"end":{"line":131,"column":4}},"33":{"start":{"line":114,"column":4},"end":{"line":116,"column":5}},"34":{"start":{"line":115,"column":6},"end":{"line":115,"column":39}},"35":{"start":{"line":118,"column":4},"end":{"line":118,"column":21}},"36":{"start":{"line":119,"column":4},"end":{"line":121,"column":7}},"37":{"start":{"line":120,"column":6},"end":{"line":120,"column":30}},"38":{"start":{"line":122,"column":4},"end":{"line":124,"column":5}},"39":{"start":{"line":123,"column":6},"end":{"line":123,"column":28}},"40":{"start":{"line":125,"column":4},"end":{"line":130,"column":18}},"41":{"start":{"line":129,"column":6},"end":{"line":129,"column":31}},"42":{"start":{"line":133,"column":2},"end":{"line":144,"column":4}},"43":{"start":{"line":134,"column":4},"end":{"line":136,"column":5}},"44":{"start":{"line":135,"column":6},"end":{"line":135,"column":104}},"45":{"start":{"line":137,"column":4},"end":{"line":143,"column":5}},"46":{"start":{"line":138,"column":6},"end":{"line":140,"column":7}},"47":{"start":{"line":139,"column":8},"end":{"line":139,"column":43}},"48":{"start":{"line":142,"column":6},"end":{"line":142,"column":59}},"49":{"start":{"line":147,"column":0},"end":{"line":147,"column":46}},"50":{"start":{"line":149,"column":0},"end":{"line":149,"column":49}},"51":{"start":{"line":151,"column":0},"end":{"line":162,"column":1}},"52":{"start":{"line":153,"column":4},"end":{"line":153,"column":50}},"53":{"start":{"line":154,"column":4},"end":{"line":154,"column":104}},"54":{"start":{"line":155,"column":4},"end":{"line":155,"column":54}},"55":{"start":{"line":156,"column":4},"end":{"line":158,"column":5}},"56":{"start":{"line":157,"column":6},"end":{"line":157,"column":13}},"57":{"start":{"line":159,"column":4},"end":{"line":159,"column":310}},"58":{"start":{"line":160,"column":4},"end":{"line":160,"column":63}},"59":{"start":{"line":167,"column":0},"end":{"line":230,"column":2}},"60":{"start":{"line":176,"column":4},"end":{"line":176,"column":17}},"61":{"start":{"line":195,"column":4},"end":{"line":195,"column":44}},"62":{"start":{"line":212,"column":4},"end":{"line":212,"column":45}},"63":{"start":{"line":228,"column":4},"end":{"line":228,"column":41}},"64":{"start":{"line":235,"column":0},"end":{"line":242,"column":1}},"65":{"start":{"line":236,"column":2},"end":{"line":236,"column":21}},"66":{"start":{"line":237,"column":2},"end":{"line":237,"column":25}},"67":{"start":{"line":238,"column":2},"end":{"line":238,"column":26}},"68":{"start":{"line":241,"column":2},"end":{"line":241,"column":49}},"69":{"start":{"line":244,"column":0},"end":{"line":244,"column":42}},"70":{"start":{"line":271,"column":0},"end":{"line":274,"column":2}},"71":{"start":{"line":272,"column":2},"end":{"line":272,"column":249}},"72":{"start":{"line":273,"column":2},"end":{"line":273,"column":73}},"73":{"start":{"line":290,"column":0},"end":{"line":292,"column":2}},"74":{"start":{"line":291,"column":2},"end":{"line":291,"column":65}},"75":{"start":{"line":300,"column":2},"end":{"line":303,"column":4}},"76":{"start":{"line":304,"column":2},"end":{"line":311,"column":4}},"77":{"start":{"line":305,"column":4},"end":{"line":310,"column":7}},"78":{"start":{"line":307,"column":8},"end":{"line":307,"column":117}},"79":{"start":{"line":308,"column":8},"end":{"line":308,"column":25}},"80":{"start":{"line":312,"column":2},"end":{"line":316,"column":3}},"81":{"start":{"line":313,"column":4},"end":{"line":315,"column":5}},"82":{"start":{"line":314,"column":6},"end":{"line":314,"column":63}},"83":{"start":{"line":319,"column":0},"end":{"line":319,"column":28}},"84":{"start":{"line":320,"column":0},"end":{"line":320,"column":47}},"85":{"start":{"line":325,"column":0},"end":{"line":330,"column":1}},"86":{"start":{"line":326,"column":2},"end":{"line":326,"column":21}},"87":{"start":{"line":327,"column":2},"end":{"line":327,"column":25}},"88":{"start":{"line":328,"column":2},"end":{"line":328,"column":26}},"89":{"start":{"line":329,"column":2},"end":{"line":329,"column":49}},"90":{"start":{"line":332,"column":0},"end":{"line":332,"column":76}},"91":{"start":{"line":333,"column":0},"end":{"line":333,"column":51}},"92":{"start":{"line":335,"column":0},"end":{"line":335,"column":53}},"93":{"start":{"line":336,"column":0},"end":{"line":336,"column":51}},"94":{"start":{"line":339,"column":0},"end":{"line":347,"column":1}},"95":{"start":{"line":340,"column":2},"end":{"line":342,"column":4}},"96":{"start":{"line":344,"column":4},"end":{"line":344,"column":27}},"97":{"start":{"line":346,"column":2},"end":{"line":346,"column":19}},"98":{"start":{"line":355,"column":0},"end":{"line":361,"column":2}},"99":{"start":{"line":363,"column":0},"end":{"line":363,"column":53}},"100":{"start":{"line":365,"column":0},"end":{"line":370,"column":2}},"101":{"start":{"line":372,"column":0},"end":{"line":372,"column":40}},"102":{"start":{"line":373,"column":0},"end":{"line":373,"column":40}},"103":{"start":{"line":375,"column":0},"end":{"line":385,"column":1}},"104":{"start":{"line":377,"column":4},"end":{"line":382,"column":5}},"105":{"start":{"line":378,"column":6},"end":{"line":378,"column":70}},"106":{"start":{"line":379,"column":6},"end":{"line":381,"column":7}},"107":{"start":{"line":380,"column":8},"end":{"line":380,"column":21}},"108":{"start":{"line":384,"column":2},"end":{"line":384,"column":34}},"109":{"start":{"line":387,"column":0},"end":{"line":397,"column":1}},"110":{"start":{"line":389,"column":4},"end":{"line":394,"column":5}},"111":{"start":{"line":390,"column":6},"end":{"line":390,"column":70}},"112":{"start":{"line":391,"column":6},"end":{"line":393,"column":7}},"113":{"start":{"line":392,"column":8},"end":{"line":392,"column":21}},"114":{"start":{"line":396,"column":2},"end":{"line":396,"column":34}},"115":{"start":{"line":399,"column":0},"end":{"line":411,"column":1}},"116":{"start":{"line":400,"column":2},"end":{"line":405,"column":4}},"117":{"start":{"line":401,"column":4},"end":{"line":404,"column":5}},"118":{"start":{"line":402,"column":6},"end":{"line":402,"column":40}},"119":{"start":{"line":403,"column":6},"end":{"line":403,"column":281}},"120":{"start":{"line":406,"column":2},"end":{"line":406,"column":46}},"121":{"start":{"line":407,"column":2},"end":{"line":410,"column":5}},"122":{"start":{"line":413,"column":0},"end":{"line":425,"colum
[...]
he component stack."," * @private"," */","function checkPropTypes(typeSpecs, values, location, componentName, getStack) {","  {","    for (var typeSpecName in typeSpecs) {","      if (typeSpecs.hasOwnProperty(typeSpecName)) {","        var error;","        // Prop type validation may throw. In case they do, we don't want to","        // fail the render phase where it didn't fail before. So we log it.","        // After these have been cleaned up, we'll let them throw.","        try {","          // This is intentionally an invariant that gets caught. It's the same","          // behavior as without this statement except with a better message.","          invariant$2(typeof typeSpecs[typeSpecName] === 'function', '%s: %s type `%s` is invalid; it must be a function, usually from ' + 'the `prop-types` package, but received `%s`.', componentName || 'React class', location, typeSpecName, typeof typeSpecs[typeSpecName]);","          error = typeSpecs[typeSpecName](values, typeSpecName, componentName, location, null, ReactPropTypesSecret);","        } catch (ex) {","          error = ex;","        }","        warning$2(!error || error instanceof Error, '%s: type specification of %s `%s` is invalid; the type checker ' + 'function must return `null` or an `Error` but returned a %s. ' + 'You may have forgotten to pass an argument to the type checker ' + 'creator (arrayOf, instanceOf, objectOf, oneOf, oneOfType, and ' + 'shape all require an argument).', componentName || 'React class', location, typeSpecName, typeof error);","        if (error instanceof Error && !(error.message in loggedTypeFailures)) {","          // Only monitor this failure once because there tends to be a lot of the","          // same error.","          loggedTypeFailures[error.message] = true;","","          var stack = getStack ? getStack() : '';","","          warning$2(false, 'Failed %s type: %s%s', location, error.message, stack != null ? stack : '');","        }","      }","    }","  }","}","","var checkPropTypes_1 = checkPropTypes;","","/**"," * ReactElementValidator provides a wrapper around a element factory"," * which validates the props passed to the element. This is intended to be"," * used only in DEV and could be replaced by a static type checker for languages"," * that support it."," */","","var currentlyValidatingElement = void 0;","var propTypesMisspellWarningShown = void 0;","","var getDisplayName = function () {};","var getStackAddendum = function () {};","","{","  currentlyValidatingElement = null;","","  propTypesMisspellWarningShown = false;","","  getDisplayName = function (element) {","    if (element == null) {","      return '#empty';","    } else if (typeof element === 'string' || typeof element === 'number') {","      return '#text';","    } else if (typeof element.type === 'string') {","      return element.type;","    } else if (element.type === REACT_FRAGMENT_TYPE) {","      return 'React.Fragment';","    } else {","      return element.type.displayName || element.type.name || 'Unknown';","    }","  };","","  getStackAddendum = function () {","    var stack = '';","    if (currentlyValidatingElement) {","      var name = getDisplayName(currentlyValidatingElement);","      var owner = currentlyValidatingElement._owner;","      stack += describeComponentFrame(name, currentlyValidatingElement._source, owner && getComponentName(owner));","    }","    stack += ReactDebugCurrentFrame.getStackAddendum() || '';","    return stack;","  };","}","","function getDeclarationErrorAddendum() {","  if (ReactCurrentOwner.current) {","    var name = getComponentName(ReactCurrentOwner.current);","    if (name) {","      return '\\n\\nCheck the render method of `' + name + '`.';","    }","  }","  return '';","}","","function getSourceInfoErrorAddendum(elementProps) {","  if (elementProps !== null && elementProps !== undefined && elementProps.__source !== undefined) {","    var source = elementProps.__source;","    var fileName = source.fileName.replace(/^.*[\\\\\\/]/, '');","    var lineNumber = source.lineNumber;","    return '\\n\\nCheck your code at ' + fileName + ':' + lineNumber + '.';","  }","  return '';","}","","/**"," * Warn if there's no key explicitly set on dynamic arrays of children or"," * object keys are not valid. This allows us to keep track of children between"," * updates."," */","var ownerHasKeyUseWarning = {};","","function getCurrentComponentErrorInfo(parentType) {","  var info = getDeclarationErrorAddendum();","","  if (!info) {","    var parentName = typeof parentType === 'string' ? parentType : parentType.displayName || parentType.name;","    if (parentName) {","      info = '\\n\\nCheck the top-level render call using <' + parentName + '>.';","    }","  }","  return info;","}","","/**"," * Warn if the element doesn't have an explicit key assigned to it."," * This element is in an array. The array could grow and shrink or be"," * reordered. All children that haven't already been validated are required to"," * have a \"key\" property assigned to it. Error statuses are cached so a warning"," * will only be shown once."," *"," * @internal"," * @param {ReactElement} element Element that requires a key."," * @param {*} parentType element's parent's type."," */","function validateExplicitKey(element, parentType) {","  if (!element._store || element._store.validated || element.key != null) {","    return;","  }","  element._store.validated = true;","","  var currentComponentErrorInfo = getCurrentComponentErrorInfo(parentType);","  if (ownerHasKeyUseWarning[currentComponentErrorInfo]) {","    return;","  }","  ownerHasKeyUseWarning[currentComponentErrorInfo] = true;","","  // Usually the current owner is the offender, but if it accepts children as a","  // property, it may be the creator of the child that's responsible for","  // assigning it a key.","  var childOwner = '';","  if (element && element._owner && element._owner !== ReactCurrentOwner.current) {","    // Give the component that originally created this child.","    childOwner = ' It was passed a child from ' + getComponentName(element._owner) + '.';","  }","","  currentlyValidatingElement = element;","  {","    warning_1(false, 'Each child in an array or iterator should have a unique \"key\" prop.' + '%s%s See https://fb.me/react-warning-keys for more information.%s', currentComponentErrorInfo, childOwner, getStackAddendum());","  }","  currentlyValidatingElement = null;","}","","/**"," * Ensure that every element either is passed in a static location, in an"," * array with an explicit keys property defined, or in an object literal"," * with valid key property."," *"," * @internal"," * @param {ReactNode} node Statically passed child of any type."," * @param {*} parentType node's parent's type."," */","function validateChildKeys(node, parentType) {","  if (typeof node !== 'object') {","    return;","  }","  if (Array.isArray(node)) {","    for (var i = 0; i < node.length; i++) {","      var child = node[i];","      if (isValidElement(child)) {","        validateExplicitKey(child, parentType);","      }","    }","  } else if (isValidElement(node)) {","    // This element was passed in a valid location.","    if (node._store) {","      node._store.validated = true;","    }","  } else if (node) {","    var iteratorFn = getIteratorFn(node);","    if (typeof iteratorFn === 'function') {","      // Entry iterators used to provide implicit keys,","      // but now we print a separate warning for them later.","      if (iteratorFn !== node.entries) {","        var iterator = iteratorFn.call(node);","        var step = void 0;","        while (!(step = iterator.next()).done) {","          if (isValidElement(step.value)) {","            validateExplicitKey(step.value, parentType);","          }","        }","      }","    }","  }","}","","/**"," * Given an element, validate that its props follow the propTypes definition,"," * provided by the type."," *"," * @param {ReactElement} element"," */","function validatePropTypes(element) {","  var componentClass = element.type;","  if (typeof componentClass !== 'function') {","    return;","  }","  var name = componentClass.displayName || componentClass.name;","  var propTypes = componentClass.propTypes;","  if (propTypes) {","    currentlyValidatingElement = element;","    checkPropTypes_1(propTypes, element.props, 'prop', name, getStackAddendum);","    currentlyValidatingElement = null;","  } else if (componentClass.PropTypes !== undefined && !propTypesMisspellWarningShown) {","    propTypesMisspellWarningShown = true;","    warning_1(false, 'Component %s declared `PropTypes` instead of `propTypes`. Did you misspell the property assignment?', name || 'Unknown');","  }","  if (typeof componentClass.getDefaultProps === 'function') {","    !componentClass.getDefaultProps.isReactClassApproved ? warning_1(false, 'getDefaultProps is only used on classic React.createClass ' + 'definitions. Use a static property named `defaultProps` instead.') : void 0;","  }","}","","/**"," * Given a fragment, validate that it can only be provided with fragment props"," * @param {ReactElement} fragment"," */","function validateFragmentProps(fragment) {","  currentlyValidatingElement = fragment;","","  var keys = Object.keys(fragment.props);","  for (var i = 0; i < keys.length; i++) {","    var key = keys[i];","    if (key !== 'children' && key !== 'key') {","      warning_1(false, 'Invalid prop `%s` supplied to `React.Fragment`. ' + 'React.Fragment can only have `key` and `children` props.%s', key, getStackAddendum());","      break;","    }","  }","","  if (fragment.ref !== null) {","    warning_1(false, 'Invalid attribute `ref` supplied to `React.Fragment`.%s', getStackAddendum());","  }","","  currentlyValidatingElement = null;","}","","function createElementWithValidation(type, props, children) {","  var validType = isValidElementType(type);","","  // We warn in this case but don't throw. We expect the element creation to","  // succeed and there will likely be errors in render.","  if (!validType) {","    var info = '';","    if (type === undefined || typeof type === 'object' && type !== null && Object.keys(type).length === 0) {","      info += ' You likely forgot to export your component from the file ' + \"it's defined in, or you might have mixed up default and named imports.\";","    }","","    var sourceInfo = getSourceInfoErrorAddendum(props);","    if (sourceInfo) {","      info += sourceInfo;","    } else {","      info += getDeclarationErrorAddendum();","    }","","    info += getStackAddendum() || '';","","    var typeString = void 0;","    if (type === null) {","      typeString = 'null';","    } else if (Array.isArray(type)) {","      typeString = 'array';","    } else {","      typeString = typeof type;","    }","","    warning_1(false, 'React.createElement: type is invalid -- expected a string (for ' + 'built-in components) or a class/function (for composite ' + 'components) but got: %s.%s', typeString, info);","  }","","  var element = createElement.apply(this, arguments);","","  // The result can be nullish if a mock or a custom function is used.","  // TODO: Drop this when these are no longer allowed as the type argument.","  if (element == null) {","    return element;","  }","","  // Skip key warning if the type isn't valid since our key validation logic","  // doesn't expect a non-string/function type and can throw confusing errors.","  // We don't want exception behavior to differ between dev and prod.","  // (Rendering will throw with a helpful message and as soon as the type is","  // fixed, the key warnings will appear.)","  if (validType) {","    for (var i = 2; i < arguments.length; i++) {","      validateChildKeys(arguments[i], type);","    }","  }","","  if (type === REACT_FRAGMENT_TYPE) {","    validateFragmentProps(element);","  } else {","    validatePropTypes(element);","  }","","  return element;","}","","function createFactoryWithValidation(type) {","  var validatedFactory = createElementWithValidation.bind(null, type);","  validatedFactory.type = type;","  // Legacy hook: remove it","  {","    Object.defineProperty(validatedFactory, 'type', {","      enumerable: false,","      get: function () {","        lowPriorityWarning$1(false, 'Factory.type is deprecated. Access the class directly ' + 'before passing it to createFactory.');","        Object.defineProperty(this, 'type', {","          value: type","        });","        return type;","      }","    });","  }","","  return validatedFactory;","}","","function cloneElementWithValidation(element, props, children) {","  var newElement = cloneElement.apply(this, arguments);","  for (var i = 2; i < arguments.length; i++) {","    validateChildKeys(arguments[i], newElement.type);","  }","  validatePropTypes(newElement);","  return newElement;","}","","var React = {","  Children: {","    map: mapChildren,","    forEach: forEachChildren,","    count: countChildren,","    toArray: toArray,","    only: onlyChild","  },","","  createRef: createRef,","  Component: Component,","  PureComponent: PureComponent,","","  createContext: createContext,","  forwardRef: forwardRef,","","  Fragment: REACT_FRAGMENT_TYPE,","  StrictMode: REACT_STRICT_MODE_TYPE,","  unstable_AsyncMode: REACT_ASYNC_MODE_TYPE,","  unstable_Profiler: REACT_PROFILER_TYPE,","","  createElement: createElementWithValidation,","  cloneElement: cloneElementWithValidation,","  createFactory: createFactoryWithValidation,","  isValidElement: isValidElement,","","  version: ReactVersion,","","  __SECRET_INTERNALS_DO_NOT_USE_OR_YOU_WILL_BE_FIRED: {","    ReactCurrentOwner: ReactCurrentOwner,","    // Used by renderers to avoid bundling object-assign twice in UMD bundles:","    assign: objectAssign","  }","};","","if (enableSuspense) {","  React.Timeout = REACT_TIMEOUT_TYPE;","}","","{","  objectAssign(React.__SECRET_INTERNALS_DO_NOT_USE_OR_YOU_WILL_BE_FIRED, {","    // These should not be included in production.","    ReactDebugCurrentFrame: ReactDebugCurrentFrame,","    // Shim for React DOM 16.0.0 which still destructured (but not used) this.","    // TODO: remove in React 17.0.","    ReactComponentTreeHook: {}","  });","}","","","","var React$2 = Object.freeze({","\tdefault: React","});","","var React$3 = ( React$2 && React ) || React$2;","","// TODO: decide on the top-level export form.","// This is hacky but makes it work with both Rollup and Jest.","var react = React$3.default ? React$3.default : React$3;","","return react;","","})));",""],"l":{"12":1,"13":1,"26":1,"27":1,"28":1,"30":1,"31":0,"32":0,"35":0,"38":1,"39":1,"40":1,"41":0,"47":1,"48":1,"49":1,"50":0,"54":1,"55":1,"56":10,"58":1,"59":10,"61":1,"62":0,"66":1,"67":1,"68":20,"70":1,"72":0,"75":1,"78":0,"82":1,"83":0,"84":0,"85":0,"87":0,"88":0,"90":0,"91":0,"92":0,"96":0,"97":0,"98":0,"99":0,"100":0,"106":0,"111":1,"115":1,"117":1,"118":1,"119":1,"120":1,"121":1,"122":1,"123":1,"124":1,"125":1,"126":1,"128":1,"129":1,"131":1,"132":0,"133":0,"135":0,"136":0,"137":0,"139":0,"163":1,"166":1,"167":0,"168":0,"173":1,"174":0,"176":0,"177":0,"178":0,"179":0,"181":0,"182":0,"183":0,"184":0,"186":0,"189":0,"190":0,"194":1,"206":1,"244":1,"247":1,"250":1,"266":1,"269":1,"270":0,"271":0,"274":0,"275":0,"276":0,"278":0,"279":0,"281":0,"285":0,"289":1,"290":0,"291":0,"293":0,"294":0,"295":0,"298":0,"303":1,"314":1,"315":3,"316":0,"325":1,"327":1,"328":1,"329":1,"330":1,"331":1,"332":0,"334":1,"335":0,"338":1,"359":1,"362":1,"363":0,"364":0,"367":0,"368":0,"369":0,"371":0,"372":0,"374":0,"378":0,"382":1,"383":0,"384":0,"387":0,"388":0,"391":0,"392":0,"393":0,"396":0,"401":1,"403":1,"405":1,"407":0,"408":0,"409":0,"410":0,"411":0,"413":0,"414":0,"421":1,"430":0,"449":0,"466":0,"482":0,"489":1,"490":0,"491":0,"492":0,"495":0,"498":1,"525":1,"526":0,"527":0,"544":1,"545":0,"554":1,"558":1,"559":2,"561":0,"562":0,"566":1,"567":2,"568":2,"573":1,"574":1,"579":1,"580":0,"581":0,"582":0,"583":0,"586":1,"587":1,"589":1,"590":1,"593":1,"594":0,"598":0,"600":0,"609":1,"617":1,"619":1,"626":1,"627":1,"629":1,"631":0,"632":0,"633":0,"634":0,"638":0,"641":1,"643":0,"644":0,"645":0,"646":0,"650":0,"653":1,"654":0,"655":0,"656":0,"657":0,"660":0,"661":0,"667":1,"668":0,"669":0,"670":0,"671":0,"674":0,"675":0,"701":1,"702":0,"721":0,"727":0,"734":0,"742":0,"748":0,"749":0,"750":0,"754":0,"761":1,"762":0,"765":0,"767":0,"768":0,"769":0,"770":0,"772":0,"773":0,"774":0,"776":0,"777":0,"780":0,"781":0,"783":0,"784":0,"785":0,"792":0,"793":0,"794":0,"795":0,"796":0,"797":0,"798":0,"801":0,"802":0,"805":0,"809":0,"810":0,"811":0,"812":0,"813":0,"818":0,"819":0,"820":0,"821":0,"822":0,"824":0,"825":0,"830":0,"839":1,"840":0,"842":0,"849":1,"850":0,"852":0,"855":0,"858":0,"859":0,"861":0,"865":0,"868":0,"870":0,"871":0,"873":0,"874":0,"876":0,"877":0,"881":0,"882":0,"883":0,"885":0,"886":0,"887":0,"889":0,"891":0,"899":0,"900":0,"901":0,"902":0,"903":0,"904":0,"905":0,"907":0,"910":0,"920":1,"921":0,"924":1,"928":1,"930":1,"931":0,"932":0,"933":0,"935":0,"939":1,"940":1,"948":1,"949":0,"950":0,"954":0,"955":0,"958":0,"966":1,"968":1,"969":1,"970":0,"973":1,"974":1,"975":1,"976":0,"977":0,"978":0,"979":0,"980":0,"981":0,"982":0,"983":0,"985":0,"995":1,"996":0,"997":0,"998":0,"999":0,"1000":0,"1001":0,"1002":0,"1014":1,"1015":0,"1017":0,"1019":0,"1022":0,"1024":0,"1025":0,"1027":0,"1030":0,"1031":0,"1033":0,"1036":0,"1041":0,"1042":0,"1046":0,"1049":0,"1050":0,"1051":0,"1052":0,"1054":0,"1055":0,"1056":0,"1057":0,"1058":0,"1061":0,"1062":0,"1065":0,"1066":0,"1067":0,"1071":0,"1072":0,"1073":0,"1074":0,"1075":0,"1076":0,"1077":0,"1079":0,"1080":0,"1082":0,"1084":0,"1085":0,"1089":0,"1108":1,"1109":0,"1110":0,"1113":0,"1123":1,"1126":0,"1128":0,"1131":0,"1134":1,"1135":0,"1138":0,"1153":1,"1154":0,"1155":0,"1157":0,"1158":0,"1159":0,"1162":1,"1163":0,"1169":0,"1170":0,"1171":0,"1172":0,"1173":0,"1174":0,"1179":0,"1183":1,"1184":0,"1185":0,"1186":0,"1188":0,"1189":0,"1190":0,"1206":1,"1207":0,"1208":0,"1210":0,"1211":0,"1212":0,"1224":1,"1225":0,"1234":1,"1235":0,"1236":0,"1237":0,"1254":1,"1255":0,"1256":0,"1259":1,"1260":0,"1261":0,"1264":0,"1268":0,"1286":0,"1290":0,"1293":0,"1294":0,"1297":0,"1300":1,"1302":0,"1304":0,"1305":0,"1309":0,"1315":1,"1316":0,"1319":1,"1320":0,"1325":1,"1326":0,"1328":0,"1329":0,"1331":0,"1332":0,"1334":0,"1336":0,"1338":0,"1340":0,"1342":0,"1344":0,"1346":0,"1348":0,"1350":0,"1352":0,"1353":0,"1355":0,"1356":0,"1359":0,"1371":1,"1373":1,"1385":1,"1386":1,"1387":1,"1388":1,"1402":1,"1404":0,"1405":0,"1406":0,"1410":0,"1413":0,"1414":0,"1416":0,"1418":0,"1419":0,"1422":0,"1424":0,"1426":0,"1433":1,"1442":1,"1443":1,"1445":1,"1446":1,"1449":1,"1451":1,"1453":1,"1454":0,"1455":0,"1456":0,"1457":0,"1458":0,"1459":0,"1460":0,"1461":0,"1463":0,"1467":1,"1468":0,"1469":0,"1470":0,"1471":0,"1472":0,"1474":0,"1475":0,"1479":1,"1480":0,"1481":0,"1482":0,"1483":0,"1486":0,"1489":1,"1490":0,"1491":0,"1492":0,"1493":0,"1494":0,"1496":0,"1504":1,"1506":1,"1507":0,"1509":0,"1510":0,"1511":0,"1512":0,"1515":0,"1529":1,"1530":0,"1531":0,"1533":0,"1535":0,"1536":0,"1537":0,"1539":0,"1544":0,"1545":0,"1547":0,"1550":0,"1552":0,"1554":0,"1566":1,"1567":0,"1568":0,"1570":0,"1571":0,"1572":0,"1573":0,"1574":0,"1577":0,"1579":0,"1580":0,"1582":0,"1583":0,"1584":0,"1587":0,"1588":0,"1589":0,"1590":0,"1591":0,"1592":0,"1606":1,"1607":0,"1608":0,"1609":0,"1611":0,"1612":0,"1613":0,"1614":0,"1615":0,"1616":0,"1617":0,"1618":0,"1619":0,"1621":0,"1622":0,"1630":1,"1631":0,"1633":0,"1634":0,"1635":0,"1636":0,"1637":0,"1638":0,"1642":0,"1643":0,"1646":0,"1649":1,"1650":0,"1654":0,"1655":0,"1656":0,"1657":0,"1660":0,"1661":0,"1662":0,"1664":0,"1667":0,"1669":0,"1670":0,"1671":0,"1672":0,"1673":0,"1675":0,"1678":0,"1681":0,"1685":0,"1686":0,"1694":0,"1695":0,"1696":0,"1700":0,"1701":0,"1703":0,"1706":0,"1709":1,"1710":0,"1711":0,"1714":0,"1717":0,"1718":0,"1721":0,"1726":0,"1729":1,"1730":0,"1731":0,"1732":0,"1734":0,"1735":0,"1738":1,"1773":1,"1774":0,"1778":1,"1789":1,"1793":1,"1797":1,"1799":1}}}