{"/home/travis/build/npmtest/node-npmtest-react/test.js":{"path":"/home/travis/build/npmtest/node-npmtest-react/test.js","s":{"1":2,"2":2,"3":2,"4":2,"5":2,"6":2,"7":2,"8":1,"9":2,"10":2,"11":1,"12":1,"13":1,"14":1,"15":2,"16":2,"17":2,"18":2,"19":1,"20":1,"21":2,"22":2,"23":2,"24":1,"25":1,"26":1,"27":1,"28":1,"29":1,"30":1,"31":1,"32":1,"33":1,"34":1,"35":1,"36":1,"37":1,"38":1,"39":2,"40":2,"41":1,"42":2,"43":2,"44":1,"45":2,"46":2,"47":1,"48":2,"49":2,"50":1,"51":1,"52":1,"53":1,"54":1},"b":{"1":[2,1,1,1],"2":[1,1,1,1],"3":[1,1],"4":[1,1],"5":[1,1],"6":[1,1],"7":[1,1],"8":[1,1],"9":[1,1],"10":[1,1,1],"11":[1,1],"12":[1,1],"13":[1,1],"14":[1,1],"15":[1,1],"16":[1,1],"17":[1,1]},"f":{"1":2,"2":2,"3":2,"4":2,"5":2,"6":1,"7":1,"8":1,"9":2,"10":2,"11":2,"12":2,"13":1},"fnMap":{"1":{"name":"(anonymous_1)","line":12,"loc":{"start":{"line":12,"column":1},"end":{"line":12,"column":13}}},"2":{"name":"(anonymous_2)","line":19,"loc":{"start":{"line":19,"column":5},"end":{"line":19,"column":17}}},"3":{"name":"(anonymous_3)","line":23,"loc":{"start":{"line":23,"column":24},"end":{"line":23,"column":36}}},"4":{"name":"(anonymous_4)","line":61,"loc":{"start":{"line":61,"column":5},"end":{"line":61,"column":17}}},"5":{"name":"(anonymous_5)","line":82,"loc":{"start":{"line":82,"column":5},"end":{"line":82,"column":17}}},"6":{"name":"(anonymous_6)","line":91,"loc":{"start":{"line":91,"column":77},"end":{"line":94,"column":10}}},"7":{"name":"(anonymous_7)","line":112,"loc":{"start":{"line":112,"column":83},"end":{"line":115,"column":10}},"skip":true},"8":{"name":"(anonymous_8)","line":123,"loc":{"start":{"line":123,"column":77},"end":{"line":126,"column":10}},"skip":true},"9":{"name":"(anonymous_9)","line":139,"loc":{"start":{"line":139,"column":12},"end":{"line":139,"column":40}},"skip":true},"10":{"name":"(anonymous_10)","line":147,"loc":{"start":{"line":147,"column":77},"end":{"line":150,"column":10}},"skip":true},"11":{"name":"(anonymous_11)","line":158,"loc":{"start":{"line":158,"column":83},"end":{"line":161,"column":10}},"skip":true},"12":{"name":"(anonymous_12)","line":169,"loc":{"start":{"line":169,"column":79},"end":{"line":172,"column":10}},"skip":true},"13":{"name":"(anonymous_13)","line":180,"loc":{"start":{"line":180,"column":75},"end":{"line":183,"column":10}},"skip":true}},"statementMap":{"1":{"start":{"line":12,"column":0},"end":{"line":195,"column":5}},"2":{"start":{"line":14,"column":4},"end":{"line":14,"column":14}},"3":{"start":{"line":19,"column":4},"end":{"line":56,"column":9}},"4":{"start":{"line":21,"column":8},"end":{"line":21,"column":19}},"5":{"start":{"line":23,"column":8},"end":{"line":35,"column":13}},"6":{"start":{"line":24,"column":12},"end":{"line":34,"column":13}},"7":{"start":{"line":25,"column":16},"end":{"line":28,"column":30}},"8":{"start":{"line":30,"column":16},"end":{"line":33,"column":27}},"9":{"start":{"line":37,"column":8},"end":{"line":39,"column":21}},"10":{"start":{"line":40,"column":8},"end":{"line":53,"column":9}},"11":{"start":{"line":43,"column":12},"end":{"line":46,"column":14}},"12":{"start":{"line":47,"column":12},"end":{"line":47,"column":18}},"13":{"start":{"line":50,"column":12},"end":{"line":51,"column":46}},"14":{"start":{"line":52,"column":12},"end":{"line":52,"column":18}},"15":{"start":{"line":55,"column":8},"end":{"line":55,"column":35}},"16":{"start":{"line":61,"column":4},"end":{"line":63,"column":9}},"17":{"start":{"line":62,"column":8},"end":{"line":62,"column":15}},"18":{"start":{"line":64,"column":4},"end":{"line":77,"column":5}},"19":{"start":{"line":70,"column":8},"end":{"line":70,"column":14}},"20":{"start":{"line":76,"column":8},"end":{"line":76,"column":14}},"21":{"start":{"line":82,"column":4},"end":{"line":84,"column":9}},"22":{"start":{"line":83,"column":8},"end":{"line":83,"column":15}},"23":{"start":{"line":85,"column":4},"end":{"line":194,"column":5}},"24":{"start":{"line":91,"column":8},"end":{"line":99,"column":10}},"25":{"start":{"line":98,"column":12},"end":{"line":98,"column":35}},"26":{"start":{"line":102,"column":8},"end":{"line":104,"column":63}},"27":{"start":{"line":105,"column":8},"end":{"line":105,"column":14}},"28":{"start":{"line":112,"column":8},"end":{"line":121,"column":10},"skip":true},"29":{"start":{"line":119,"column":12},"end":{"line":119,"column":55},"skip":true},"30":{"start":{"line":120,"column":12},"end":{"line":120,"column":48},"skip":true},"31":{"start":{"line":123,"column":8},"end":{"line":136,"column":10},"skip":true},"32":{"start":{"line":130,"column":12},"end":{"line":130,"column":76},"skip":true},"33":{"start":{"line":131,"column":12},"end":{"line":131,"column":73},"skip":true},"34":{"start":{"line":132,"column":12},"end":{"line":132,"column":74},"skip":true},"35":{"start":{"line":133,"column":12},"end":{"line":133,"column":79},"skip":true},"36":{"start":{"line":134,"column":12},"end":{"line":134,"column":25},"skip":true},"37":{"start":{"line":135,"column":12},"end":{"line":135,"column":45},"skip":true},"38":{"start":{"line":138,"column":8},"end":{"line":145,"column":14},"skip":true},"39":{"start":{"line":143,"column":16},"end":{"line":143,"column":29},"skip":true},"40":{"start":{"line":144,"column":16},"end":{"line":144,"column":55},"skip":true},"41":{"start":{"line":147,"column":8},"end":{"line":156,"column":10},"skip":true},"42":{"start":{"line":154,"column":12},"end":{"line":154,"column":25},"skip":true},"43":{"start":{"line":155,"column":12},"end":{"line":155,"column":45},"skip":true},"44":{"start":{"line":158,"column":8},"end":{"line":167,"column":10},"skip":true},"45":{"start":{"line":165,"column":12},"end":{"line":165,"column":25},"skip":true},"46":{"start":{"line":166,"column":12},"end":{"line":166,"column":48},"skip":true},"47":{"start":{"line":169,"column":8},"end":{"line":178,"column":10},"skip":true},"48":{"start":{"line":176,"column":12},"end":{"line":176,"column":25},"skip":true},"49":{"start":{"line":177,"column":12},"end":{"line":177,"column":46},"skip":true},"50":{"start":{"line":180,"column":8},"end":{"line":189,"column":10},"skip":true},"51":{"start":{"line":187,"column":12},"end":{"line":187,"column":94},"skip":true},"52":{"start":{"line":188,"column":12},"end":{"line":188,"column":48},"skip":true},"53":{"start":{"line":192,"column":8},"end":{"line":192,"column":35},"skip":true},"54":{"start":{"line":193,"column":8},"end":{"line":193,"column":14},"skip":true}},"branchMap":{"1":{"line":25,"type":"binary-expr","locations":[{"start":{"line":25,"column":23},"end":{"line":25,"column":62}},{"start":{"line":26,"column":20},"end":{"line":26,"column":70}},{"start":{"line":27,"column":20},"end":{"line":27,"column":71}},{"start":{"line":28,"column":20},"end":{"line":28,"column":29}}]},"2":{"line":30,"type":"binary-expr","locations":[{"start":{"line":30,"column":23},"end":{"line":30,"column":37}},{"start":{"line":31,"column":20},"end":{"line":31,"column":61}},{"start":{"line":32,"column":20},"end":{"line":32,"column":70}},{"start":{"line":33,"column":20},"end":{"line":33,"column":26}}]},"3":{"line":37,"type":"cond-expr","locations":[{"start":{"line":38,"column":14},"end":{"line":38,"column":20}},{"start":{"line":39,"column":14},"end":{"line":39,"column":20}}]},"4":{"line":40,"type":"switch","locations":[{"start":{"line":42,"column":8},"end":{"line":47,"column":18}},{"start":{"line":49,"column":8},"end":{"line":52,"column":18}}]},"5":{"line":44,"type":"binary-expr","locations":[{"start":{"line":44,"column":16},"end":{"line":44,"column":44}},{"start":{"line":44,"column":48},"end":{"line":44,"column":66}}]},"6":{"line":50,"type":"binary-expr","locations":[{"start":{"line":50,"column":21},"end":{"line":50,"column":49}},{"start":{"line":50,"column":53},"end":{"line":50,"column":72}}]},"7":{"line":64,"type":"switch","locations":[{"start":{"line":69,"column":4},"end":{"line":70,"column":14}},{"start":{"line":75,"column":4},"end":{"line":76,"column":14}}]},"8":{"line":85,"type":"switch","locations":[{"start":{"line":90,"column":4},"end":{"line":105,"column":14}},{"start":{"line":111,"column":4},"end":{"line":193,"column":14},"skip":true}]},"9":{"line":91,"type":"binary-expr","locations":[{"start":{"line":91,"column":42},"end":{"line":91,"column":73}},{"start":{"line":91,"column":77},"end":{"line":99,"column":9}}]},"10":{"line":102,"type":"binary-expr","locations":[{"start":{"line":102,"column":18},"end":{"line":102,"column":32}},{"start":{"line":103,"column":12},"end":{"line":103,"column":53}},{"start":{"line":104,"column":12},"end":{"line":104,"column":61}}]},"11":{"line":112,"type":"binary-expr","locations":[{"start":{"line":112,"column":45},"end":{"line":112,"column":79},"skip":true},{"start":{"line":112,"column":83},"end":{"line":121,"column":9},"skip":true}]},"12":{"line":123,"type":"binary-expr","locations":[{"start":{"line":123,"column":42},"end":{"line":123,"column":73},"skip":true},{"start":{"line":123,"column":77},"end":{"line":136,"column":9},"skip":true}]},"13":{"line":138,"type":"binary-expr","locations":[{"start":{"line":138,"column":48},"end":{"line":138,"column":85},"skip":true},{"start":{"line":139,"column":12},"end":{"line":145,"column":13},"skip":true}]},"14":{"line":147,"type":"binary-expr","locations":[{"start":{"line":147,"column":42},"end":{"line":147,"column":73},"skip":true},{"start":{"line":147,"column":77},"end":{"line":156,"column":9},"skip":true}]},"15":{"line":158,"type":"binary-expr","locations":[{"start":{"line":158,"column":45},"end":{"line":158,"column":79},"skip":true},{"start":{"line":158,"column":83},"end":{"line":167,"column":9},"skip":true}]},"16":{"line":169,"type":"binary-expr","locations":[{"start":{"line":169,"column":43},"end":{"line":169,"column":75},"skip":true},{"start":{"line":169,"column":79},"end":{"line":178,"column":9},"skip":true}]},"17":{"line":180,"type":"binary-expr","locations":[{"start":{"line":180,"column":41},"end":{"line":180,"column":71},"skip":true},{"start":{"line":180,"column":75},"end":{"line":189,"column":9},"skip":true}]}},"code":["/* istanbul instrument in package npmtest_react */","/*jslint","    bitwise: true,","    browser: true,","    maxerr: 8,","    maxlen: 96,","    node: true,","    nomen: true,","    regexp: true,","    stupid: true","*/","(function () {","    'use strict';","    var local;","","","","    // run shared js-env code - pre-init","    (function () {","        // init local","        local = {};","        // init modeJs","        local.modeJs = (function () {","            try {","                return typeof navigator.userAgent === 'string' &&","                    typeof document.querySelector('body') === 'object' &&","                    typeof XMLHttpRequest.prototype.open === 'function' &&","                    'browser';","            } catch (errorCaughtBrowser) {","                return module.exports &&","                    typeof process.versions.node === 'string' &&","                    typeof require('http').createServer === 'function' &&","                    'node';","            }","        }());","        // init global","        local.global = local.modeJs === 'browser'","            ? window","            : global;","        switch (local.modeJs) {","        // re-init local from window.local","        case 'browser':","            local = local.global.utility2.objectSetDefault(","                local.global.utility2_rollup || local.global.local,","                local.global.utility2","            );","            break;","        // re-init local from example.js","        case 'node':","            local = (local.global.utility2_rollup || require('utility2'))","                .requireExampleJsFromReadme();","            break;","        }","        // export local","        local.global.local = local;","    }());","","","","    // run shared js-env code - function","    (function () {","        return;","    }());","    switch (local.modeJs) {","","","","    // run browser js-env code - function","    case 'browser':","        break;","","","","    // run node js-env code - function","    case 'node':","        break;","    }","","","","    // run shared js-env code - post-init","    (function () {","        return;","    }());","    switch (local.modeJs) {","","","","    // run browser js-env code - post-init","    case 'browser':","        local.testCase_browser_nullCase = local.testCase_browser_nullCase || function (","            options,","            onError","        ) {","        /*","         * this function will test browsers's null-case handling-behavior-behavior","         */","            onError(null, options);","        };","","        // run tests","        local.nop(local.modeTest &&","            document.querySelector('#testRunButton1') &&","            document.querySelector('#testRunButton1').click());","        break;","","","","    // run node js-env code - post-init","    /* istanbul ignore next */","    case 'node':","        local.testCase_buildApidoc_default = local.testCase_buildApidoc_default || function (","            options,","            onError","        ) {","        /*","         * this function will test buildApidoc's default handling-behavior-behavior","         */","            options = { modulePathList: module.paths };","            local.buildApidoc(options, onError);","        };","","        local.testCase_buildApp_default = local.testCase_buildApp_default || function (","            options,","            onError","        ) {","        /*","         * this function will test buildApp's default handling-behavior-behavior","         */","            local.testCase_buildReadme_default(options, local.onErrorThrow);","            local.testCase_buildLib_default(options, local.onErrorThrow);","            local.testCase_buildTest_default(options, local.onErrorThrow);","            local.testCase_buildCustomOrg_default(options, local.onErrorThrow);","            options = [];","            local.buildApp(options, onError);","        };","","        local.testCase_buildCustomOrg_default = local.testCase_buildCustomOrg_default ||","            function (options, onError) {","            /*","             * this function will test buildCustomOrg's default handling-behavior","             */","                options = {};","                local.buildCustomOrg(options, onError);","            };","","        local.testCase_buildLib_default = local.testCase_buildLib_default || function (","            options,","            onError","        ) {","        /*","         * this function will test buildLib's default handling-behavior","         */","            options = {};","            local.buildLib(options, onError);","        };","","        local.testCase_buildReadme_default = local.testCase_buildReadme_default || function (","            options,","            onError","        ) {","        /*","         * this function will test buildReadme's default handling-behavior-behavior","         */","            options = {};","            local.buildReadme(options, onError);","        };","","        local.testCase_buildTest_default = local.testCase_buildTest_default || function (","            options,","            onError","        ) {","        /*","         * this function will test buildTest's default handling-behavior","         */","            options = {};","            local.buildTest(options, onError);","        };","","        local.testCase_webpage_default = local.testCase_webpage_default || function (","            options,","            onError","        ) {","        /*","         * this function will test webpage's default handling-behavior","         */","            options = { modeCoverageMerge: true, url: local.serverLocalHost + '?modeTest=1' };","            local.browserTest(options, onError);","        };","","        // run test-server","        local.testRunServer(local);","        break;","    }","}());",""],"l":{"12":2,"14":2,"19":2,"21":2,"23":2,"24":2,"25":2,"30":1,"37":2,"40":2,"43":1,"47":1,"50":1,"52":1,"55":2,"61":2,"62":2,"64":2,"70":1,"76":1,"82":2,"83":2,"85":2,"91":1,"98":1,"102":1,"105":1,"112":1,"119":1,"120":1,"123":1,"130":1,"131":1,"132":1,"133":1,"134":1,"135":1,"138":1,"143":2,"144":2,"147":1,"154":2,"155":2,"158":1,"165":2,"166":2,"169":1,"176":2,"177":2,"180":1,"187":1,"188":1,"192":1,"193":1}},"/home/travis/build/npmtest/node-npmtest-react/lib.npmtest_react.js":{"path":"/home/travis/build/npmtest/node-npmtest-react/lib.npmtest_react.js","s":{"1":2,"2":2,"3":2,"4":2,"5":2,"6":2,"7":2,"8":1,"9":2,"10":2,"11":2,"12":2,"13":1,"14":1,"15":1,"16":1},"b":{"1":[2,1,1,1],"2":[1,1,1,1],"3":[1,1],"4":[2,2],"5":[1,1]},"f":{"1":2,"2":2,"3":2},"fnMap":{"1":{"name":"(anonymous_1)","line":12,"loc":{"start":{"line":12,"column":1},"end":{"line":12,"column":13}}},"2":{"name":"(anonymous_2)","line":19,"loc":{"start":{"line":19,"column":5},"end":{"line":19,"column":17}}},"3":{"name":"(anonymous_3)","line":23,"loc":{"start":{"line":23,"column":24},"end":{"line":23,"column":36}}}},"statementMap":{"1":{"start":{"line":12,"column":0},"end":{"line":53,"column":5}},"2":{"start":{"line":14,"column":4},"end":{"line":14,"column":14}},"3":{"start":{"line":19,"column":4},"end":{"line":52,"column":9}},"4":{"start":{"line":21,"column":8},"end":{"line":21,"column":19}},"5":{"start":{"line":23,"column":8},"end":{"line":35,"column":13}},"6":{"start":{"line":24,"column":12},"end":{"line":34,"column":13}},"7":{"start":{"line":25,"column":16},"end":{"line":28,"column":30}},"8":{"start":{"line":30,"column":16},"end":{"line":33,"column":27}},"9":{"start":{"line":37,"column":8},"end":{"line":39,"column":21}},"10":{"start":{"line":41,"column":8},"end":{"line":41,"column":54}},"11":{"start":{"line":43,"column":8},"end":{"line":43,"column":50}},"12":{"start":{"line":45,"column":8},"end":{"line":51,"column":9}},"13":{"start":{"line":46,"column":12},"end":{"line":46,"column":56}},"14":{"start":{"line":48,"column":12},"end":{"line":48,"column":35}},"15":{"start":{"line":49,"column":12},"end":{"line":49,"column":49}},"16":{"start":{"line":50,"column":12},"end":{"line":50,"column":43}}},"branchMap":{"1":{"line":25,"type":"binary-expr","locations":[{"start":{"line":25,"column":23},"end":{"line":25,"column":62}},{"start":{"line":26,"column":20},"end":{"line":26,"column":70}},{"start":{"line":27,"column":20},"end":{"line":27,"column":71}},{"start":{"line":28,"column":20},"end":{"line":28,"column":29}}]},"2":{"line":30,"type":"binary-expr","locations":[{"start":{"line":30,"column":23},"end":{"line":30,"column":37}},{"start":{"line":31,"column":20},"end":{"line":31,"column":61}},{"start":{"line":32,"column":20},"end":{"line":32,"column":70}},{"start":{"line":33,"column":20},"end":{"line":33,"column":26}}]},"3":{"line":37,"type":"cond-expr","locations":[{"start":{"line":38,"column":14},"end":{"line":38,"column":20}},{"start":{"line":39,"column":14},"end":{"line":39,"column":20}}]},"4":{"line":41,"type":"binary-expr","locations":[{"start":{"line":41,"column":16},"end":{"line":41,"column":44}},{"start":{"line":41,"column":48},"end":{"line":41,"column":53}}]},"5":{"line":45,"type":"if","locations":[{"start":{"line":45,"column":8},"end":{"line":45,"column":8}},{"start":{"line":45,"column":8},"end":{"line":45,"column":8}}]}},"code":["/* istanbul instrument in package npmtest_react */","/*jslint","    bitwise: true,","    browser: true,","    maxerr: 8,","    maxlen: 96,","    node: true,","    nomen: true,","    regexp: true,","    stupid: true","*/","(function () {","    'use strict';","    var local;","","","","    // run shared js-env code - pre-init","    (function () {","        // init local","        local = {};","        // init modeJs","        local.modeJs = (function () {","            try {","                return typeof navigator.userAgent === 'string' &&","                    typeof document.querySelector('body') === 'object' &&","                    typeof XMLHttpRequest.prototype.open === 'function' &&","                    'browser';","            } catch (errorCaughtBrowser) {","                return module.exports &&","                    typeof process.versions.node === 'string' &&","                    typeof require('http').createServer === 'function' &&","                    'node';","            }","        }());","        // init global","        local.global = local.modeJs === 'browser'","            ? window","            : global;","        // init utility2_rollup","        local = local.global.utility2_rollup || local;","        // init lib","        local.local = local.npmtest_react = local;","        // init exports","        if (local.modeJs === 'browser') {","            local.global.utility2_npmtest_react = local;","        } else {","            module.exports = local;","            module.exports.__dirname = __dirname;","            module.exports.module = module;","        }","    }());","}());",""],"l":{"12":2,"14":2,"19":2,"21":2,"23":2,"24":2,"25":2,"30":1,"37":2,"41":2,"43":2,"45":2,"46":1,"48":1,"49":1,"50":1}},"/home/travis/build/npmtest/node-npmtest-react/example.js":{"path":"/home/travis/build/npmtest/node-npmtest-react/example.js","s":{"1":2,"2":2,"3":2,"4":2,"5":2,"6":2,"7":2,"8":1,"9":2,"10":2,"11":2,"12":2,"13":1,"14":2,"15":2,"16":2,"17":2,"18":2,"19":0,"20":2,"21":1,"22":1,"23":1,"24":1,"25":1,"26":0,"27":0,"28":1,"29":1,"30":2,"31":0,"32":0,"33":0,"34":1,"35":2,"36":2,"37":3,"38":3,"39":3,"40":3,"41":0,"42":3,"43":3,"44":3,"45":1,"46":3,"47":1,"48":1,"49":1,"50":1,"51":1,"52":1,"53":1,"54":1,"55":1,"56":1,"57":0,"58":1,"59":6,"60":6,"61":1,"62":2,"63":0,"64":2,"65":1,"66":1,"67":0,"68":0,"69":0,"70":0,"71":0,"72":0,"73":0,"74":0,"75":0,"76":0,"77":0,"78":0,"79":0,"80":0,"81":0,"82":0,"83":0},"b":{"1":[2,1,1,1],"2":[1,1,1,1],"3":[1,1],"4":[2,2],"5":[1,1],"6":[1,1],"7":[2,0],"8":[2,1,1,1,1,1],"9":[0,2,0],"10":[1,1],"11":[2,1,1],"12":[1,0],"13":[0,2],"14":[2,0,0,0,0,0,0],"15":[0,3],"16":[3,0],"17":[1,1],"18":[0,1],"19":[1,2,0,2],"20":[1,0],"21":[1,1],"22":[0,0],"23":[0,0],"24":[0,0],"25":[0,0],"26":[0,0],"27":[0,0],"28":[0,0]},"f":{"1":2,"2":2,"3":2,"4":2,"5":2,"6":2,"7":3,"8":3,"9":3,"10":1,"11":6,"12":0},"fnMap":{"1":{"name":"(anonymous_1)","line":26,"loc":{"start":{"line":26,"column":1},"end":{"line":26,"column":13}}},"2":{"name":"(anonymous_2)","line":33,"loc":{"start":{"line":33,"column":5},"end":{"line":33,"column":17}}},"3":{"name":"(anonymous_3)","line":37,"loc":{"start":{"line":37,"column":24},"end":{"line":37,"column":36}}},"4":{"name":"(anonymous_4)","line":69,"loc":{"start":{"line":69,"column":31},"end":{"line":69,"column":48}},"skip":true},"5":{"name":"(anonymous_5)","line":78,"loc":{"start":{"line":78,"column":26},"end":{"line":78,"column":45}},"skip":true},"6":{"name":"(anonymous_6)","line":123,"loc":{"start":{"line":123,"column":33},"end":{"line":123,"column":48}},"skip":true},"7":{"name":"(anonymous_7)","line":125,"loc":{"start":{"line":125,"column":27},"end":{"line":125,"column":39}},"skip":true},"8":{"name":"(anonymous_8)","line":133,"loc":{"start":{"line":133,"column":59},"end":{"line":133,"column":74}},"skip":true},"9":{"name":"(anonymous_9)","line":143,"loc":{"start":{"line":143,"column":45},"end":{"line":143,"column":62}},"skip":true},"10":{"name":"(anonymous_10)","line":144,"loc":{"start":{"line":144,"column":73},"end":{"line":144,"column":92}},"skip":true},"11":{"name":"(anonymous_11)","line":272,"loc":{"start":{"line":272,"column":51},"end":{"line":272,"column":77}},"skip":true},"12":{"name":"(anonymous_12)","line":315,"loc":{"start":{"line":315,"column":32},"end":{"line":315,"column":61}},"skip":true}},"statementMap":{"1":{"start":{"line":26,"column":0},"end":{"line":326,"column":5}},"2":{"start":{"line":28,"column":4},"end":{"line":28,"column":14}},"3":{"start":{"line":33,"column":4},"end":{"line":60,"column":9}},"4":{"start":{"line":35,"column":8},"end":{"line":35,"column":19}},"5":{"start":{"line":37,"column":8},"end":{"line":49,"column":13}},"6":{"start":{"line":38,"column":12},"end":{"line":48,"column":13}},"7":{"start":{"line":39,"column":16},"end":{"line":42,"column":30}},"8":{"start":{"line":44,"column":16},"end":{"line":47,"column":27}},"9":{"start":{"line":51,"column":8},"end":{"line":53,"column":21}},"10":{"start":{"line":55,"column":8},"end":{"line":57,"column":45}},"11":{"start":{"line":59,"column":8},"end":{"line":59,"column":35}},"12":{"start":{"line":61,"column":4},"end":{"line":325,"column":5}},"13":{"start":{"line":69,"column":8},"end":{"line":121,"column":10},"skip":true},"14":{"start":{"line":70,"column":12},"end":{"line":88,"column":13},"skip":true},"15":{"start":{"line":76,"column":16},"end":{"line":87,"column":19},"skip":true},"16":{"start":{"line":79,"column":20},"end":{"line":86,"column":21},"skip":true},"17":{"start":{"line":82,"column":24},"end":{"line":82,"column":43},"skip":true},"18":{"start":{"line":83,"column":24},"end":{"line":83,"column":30},"skip":true},"19":{"start":{"line":85,"column":24},"end":{"line":85,"column":49},"skip":true},"20":{"start":{"line":89,"column":12},"end":{"line":107,"column":13},"skip":true},"21":{"start":{"line":92,"column":16},"end":{"line":102,"column":17},"skip":true},"22":{"start":{"line":93,"column":20},"end":{"line":93,"column":86},"skip":true},"23":{"start":{"line":94,"column":20},"end":{"line":95,"column":45},"skip":true},"24":{"start":{"line":96,"column":20},"end":{"line":96,"column":42},"skip":true},"25":{"start":{"line":97,"column":20},"end":{"line":97,"column":48},"skip":true},"26":{"start":{"line":100,"column":20},"end":{"line":100,"column":85},"skip":true},"27":{"start":{"line":101,"column":20},"end":{"line":101,"column":96},"skip":true},"28":{"start":{"line":103,"column":16},"end":{"line":103,"column":22},"skip":true},"29":{"start":{"line":106,"column":16},"end":{"line":106,"column":22},"skip":true},"30":{"start":{"line":108,"column":12},"end":{"line":120,"column":13},"skip":true},"31":{"start":{"line":114,"column":16},"end":{"line":119,"column":17},"skip":true},"32":{"start":{"line":116,"column":20},"end":{"line":116,"column":78},"skip":true},"33":{"start":{"line":118,"column":20},"end":{"line":118,"column":47},"skip":true},"34":{"start":{"line":123,"column":8},"end":{"line":141,"column":11},"skip":true},"35":{"start":{"line":124,"column":12},"end":{"line":124,"column":54},"skip":true},"36":{"start":{"line":125,"column":12},"end":{"line":140,"column":14},"skip":true},"37":{"start":{"line":126,"column":16},"end":{"line":126,"column":28},"skip":true},"38":{"start":{"line":127,"column":16},"end":{"line":127,"column":69},"skip":true},"39":{"start":{"line":128,"column":16},"end":{"line":128,"column":75},"skip":true},"40":{"start":{"line":129,"column":16},"end":{"line":131,"column":17},"skip":true},"41":{"start":{"line":130,"column":20},"end":{"line":130,"column":27},"skip":true},"42":{"start":{"line":133,"column":16},"end":{"line":137,"column":36},"skip":true},"43":{"start":{"line":134,"column":20},"end":{"line":136,"column":55},"skip":true},"44":{"start":{"line":139,"column":16},"end":{"line":139,"column":57},"skip":true},"45":{"start":{"line":143,"column":8},"end":{"line":147,"column":11},"skip":true},"46":{"start":{"line":144,"column":12},"end":{"line":146,"column":15},"skip":true},"47":{"start":{"line":145,"column":16},"end":{"line":145,"column":70},"skip":true},"48":{"start":{"line":149,"column":8},"end":{"line":149,"column":31},"skip":true},"49":{"start":{"line":150,"column":8},"end":{"line":150,"column":14},"skip":true},"50":{"start":{"line":158,"column":8},"end":{"line":158,"column":31},"skip":true},"51":{"start":{"line":160,"column":8},"end":{"line":160,"column":33},"skip":true},"52":{"start":{"line":161,"column":8},"end":{"line":161,"column":37},"skip":true},"53":{"start":{"line":162,"column":8},"end":{"line":162,"column":35},"skip":true},"54":{"start":{"line":164,"column":8},"end":{"line":164,"column":50},"skip":true},"55":{"start":{"line":166,"column":8},"end":{"line":256,"column":2},"skip":true},"56":{"start":{"line":258,"column":8},"end":{"line":286,"column":9},"skip":true},"57":{"start":{"line":259,"column":12},"end":{"line":269,"column":14},"skip":true},"58":{"start":{"line":271,"column":12},"end":{"line":285,"column":19},"skip":true},"59":{"start":{"line":274,"column":20},"end":{"line":274,"column":35},"skip":true},"60":{"start":{"line":275,"column":20},"end":{"line":284,"column":21},"skip":true},"61":{"start":{"line":277,"column":24},"end":{"line":277,"column":64},"skip":true},"62":{"start":{"line":279,"column":24},"end":{"line":279,"column":40},"skip":true},"63":{"start":{"line":281,"column":24},"end":{"line":281,"column":40},"skip":true},"64":{"start":{"line":283,"column":24},"end":{"line":283,"column":39},"skip":true},"65":{"start":{"line":288,"column":8},"end":{"line":290,"column":9},"skip":true},"66":{"start":{"line":289,"column":12},"end":{"line":289,"column":18},"skip":true},"67":{"start":{"line":291,"column":8},"end":{"line":293,"column":54},"skip":true},"68":{"start":{"line":296,"column":8},"end":{"line":301,"column":37},"skip":true},"69":{"start":{"line":303,"column":8},"end":{"line":303,"column":82},"skip":true},"70":{"start":{"line":306,"column":8},"end":{"line":308,"column":9},"skip":true},"71":{"start":{"line":307,"column":12},"end":{"line":307,"column":82},"skip":true},"72":{"start":{"line":310,"column":8},"end":{"line":312,"column":9},"skip":true},"73":{"start":{"line":311,"column":12},"end":{"line":311,"column":18},"skip":true},"74":{"start":{"line":313,"column":8},"end":{"line":313,"column":54},"skip":true},"75":{"start":{"line":314,"column":8},"end":{"line":314,"column":69},"skip":true},"76":{"start":{"line":315,"column":8},"end":{"line":323,"column":36},"skip":true},"77":{"start":{"line":316,"column":12},"end":{"line":316,"column":61},"skip":true},"78":{"start":{"line":317,"column":12},"end":{"line":320,"column":13},"skip":true},"79":{"start":{"line":318,"column":16},"end":{"line":318,"column":75},"skip":true},"80":{"start":{"line":319,"column":16},"end":{"line":319,"column":23},"skip":true},"81":{"start":{"line":321,"column":12},"end":{"line":321,"column":38},"skip":true},"82":{"start":{"line":322,"column":12},"end":{"line":322,"column":27},"skip":true},"83":{"start":{"line":324,"column":8},"end":{"line":324,"column":14},"skip":true}},"branchMap":{"1":{"line":39,"type":"binary-expr","locations":[{"start":{"line":39,"column":23},"end":{"line":39,"column":62}},{"start":{"line":40,"column":20},"end":{"line":40,"column":70}},{"start":{"line":41,"column":20},"end":{"line":41,"column":71}},{"start":{"line":42,"column":20},"end":{"line":42,"column":29}}]},"2":{"line":44,"type":"binary-expr","locations":[{"start":{"line":44,"column":23},"end":{"line":44,"column":37}},{"start":{"line":45,"column":20},"end":{"line":45,"column":61}},{"start":{"line":46,"column":20},"end":{"line":46,"column":70}},{"start":{"line":47,"column":20},"end":{"line":47,"column":26}}]},"3":{"line":51,"type":"cond-expr","locations":[{"start":{"line":52,"column":14},"end":{"line":52,"column":20}},{"start":{"line":53,"column":14},"end":{"line":53,"column":20}}]},"4":{"line":55,"type":"binary-expr","locations":[{"start":{"line":55,"column":16},"end":{"line":55,"column":44}},{"start":{"line":55,"column":49},"end":{"line":57,"column":43}}]},"5":{"line":55,"type":"cond-expr","locations":[{"start":{"line":56,"column":14},"end":{"line":56,"column":49}},{"start":{"line":57,"column":14},"end":{"line":57,"column":43}}]},"6":{"line":61,"type":"switch","locations":[{"start":{"line":68,"column":4},"end":{"line":150,"column":14},"skip":true},{"start":{"line":156,"column":4},"end":{"line":324,"column":14},"skip":true}]},"7":{"line":70,"type":"if","locations":[{"start":{"line":70,"column":12},"end":{"line":70,"column":12},"skip":true},{"start":{"line":70,"column":12},"end":{"line":70,"column":12},"skip":true}]},"8":{"line":70,"type":"binary-expr","locations":[{"start":{"line":70,"column":16},"end":{"line":70,"column":22},"skip":true},{"start":{"line":70,"column":27},"end":{"line":70,"column":32},"skip":true},{"start":{"line":71,"column":20},"end":{"line":71,"column":39},"skip":true},{"start":{"line":72,"column":20},"end":{"line":72,"column":49},"skip":true},{"start":{"line":73,"column":20},"end":{"line":73,"column":58},"skip":true},{"start":{"line":74,"column":20},"end":{"line":74,"column":69},"skip":true}]},"9":{"line":79,"type":"switch","locations":[{"start":{"line":80,"column":20},"end":{"line":80,"column":33},"skip":true},{"start":{"line":81,"column":20},"end":{"line":83,"column":30},"skip":true},{"start":{"line":84,"column":20},"end":{"line":85,"column":49},"skip":true}]},"10":{"line":89,"type":"switch","locations":[{"start":{"line":90,"column":12},"end":{"line":103,"column":22},"skip":true},{"start":{"line":105,"column":12},"end":{"line":106,"column":22},"skip":true}]},"11":{"line":89,"type":"binary-expr","locations":[{"start":{"line":89,"column":20},"end":{"line":89,"column":25},"skip":true},{"start":{"line":89,"column":29},"end":{"line":89,"column":48},"skip":true},{"start":{"line":89,"column":52},"end":{"line":89,"column":74},"skip":true}]},"12":{"line":92,"type":"if","locations":[{"start":{"line":92,"column":16},"end":{"line":92,"column":16},"skip":true},{"start":{"line":92,"column":16},"end":{"line":92,"column":16},"skip":true}]},"13":{"line":108,"type":"if","locations":[{"start":{"line":108,"column":12},"end":{"line":108,"column":12},"skip":true},{"start":{"line":108,"column":12},"end":{"line":108,"column":12},"skip":true}]},"14":{"line":108,"type":"binary-expr","locations":[{"start":{"line":108,"column":16},"end":{"line":108,"column":61},"skip":true},{"start":{"line":108,"column":66},"end":{"line":108,"column":72},"skip":true},{"start":{"line":108,"column":77},"end":{"line":108,"column":82},"skip":true},{"start":{"line":109,"column":20},"end":{"line":109,"column":39},"skip":true},{"start":{"line":110,"column":20},"end":{"line":110,"column":49},"skip":true},{"start":{"line":111,"column":20},"end":{"line":111,"column":58},"skip":true},{"start":{"line":112,"column":20},"end":{"line":112,"column":68},"skip":true}]},"15":{"line":129,"type":"if","locations":[{"start":{"line":129,"column":16},"end":{"line":129,"column":16},"skip":true},{"start":{"line":129,"column":16},"end":{"line":129,"column":16},"skip":true}]},"16":{"line":134,"type":"cond-expr","locations":[{"start":{"line":135,"column":26},"end":{"line":135,"column":29},"skip":true},{"start":{"line":136,"column":26},"end":{"line":136,"column":54},"skip":true}]},"17":{"line":164,"type":"binary-expr","locations":[{"start":{"line":164,"column":27},"end":{"line":164,"column":43},"skip":true},{"start":{"line":164,"column":47},"end":{"line":164,"column":49},"skip":true}]},"18":{"line":258,"type":"if","locations":[{"start":{"line":258,"column":8},"end":{"line":258,"column":8},"skip":true},{"start":{"line":258,"column":8},"end":{"line":258,"column":8},"skip":true}]},"19":{"line":275,"type":"switch","locations":[{"start":{"line":276,"column":20},"end":{"line":277,"column":64},"skip":true},{"start":{"line":278,"column":20},"end":{"line":279,"column":40},"skip":true},{"start":{"line":280,"column":20},"end":{"line":281,"column":40},"skip":true},{"start":{"line":282,"column":20},"end":{"line":283,"column":39},"skip":true}]},"20":{"line":288,"type":"if","locations":[{"start":{"line":288,"column":8},"end":{"line":288,"column":8},"skip":true},{"start":{"line":288,"column":8},"end":{"line":288,"column":8},"skip":true}]},"21":{"line":288,"type":"binary-expr","locations":[{"start":{"line":288,"column":12},"end":{"line":288,"column":40},"skip":true},{"start":{"line":288,"column":44},"end":{"line":288,"column":67},"skip":true}]},"22":{"line":292,"type":"binary-expr","locations":[{"start":{"line":292,"column":12},"end":{"line":292,"column":50},"skip":true},{"start":{"line":293,"column":12},"end":{"line":293,"column":53},"skip":true}]},"23":{"line":297,"type":"binary-expr","locations":[{"start":{"line":297,"column":12},"end":{"line":297,"column":63},"skip":true},{"start":{"line":298,"column":12},"end":{"line":301,"column":36},"skip":true}]},"24":{"line":303,"type":"binary-expr","locations":[{"start":{"line":303,"column":43},"end":{"line":303,"column":75},"skip":true},{"start":{"line":303,"column":79},"end":{"line":303,"column":81},"skip":true}]},"25":{"line":306,"type":"if","locations":[{"start":{"line":306,"column":8},"end":{"line":306,"column":8},"skip":true},{"start":{"line":306,"column":8},"end":{"line":306,"column":8},"skip":true}]},"26":{"line":310,"type":"if","locations":[{"start":{"line":310,"column":8},"end":{"line":310,"column":8},"skip":true},{"start":{"line":310,"column":8},"end":{"line":310,"column":8},"skip":true}]},"27":{"line":313,"type":"binary-expr","locations":[{"start":{"line":313,"column":27},"end":{"line":313,"column":43},"skip":true},{"start":{"line":313,"column":47},"end":{"line":313,"column":53},"skip":true}]},"28":{"line":317,"type":"if","locations":[{"start":{"line":317,"column":12},"end":{"line":317,"column":12},"skip":true},{"start":{"line":317,"column":12},"end":{"line":317,"column":12},"skip":true}]}},"code":["/*","example.js","","quickstart example","","instruction","    1. save this script as example.js","    2. run the shell command:","        $ npm install npmtest-react && PORT=8081 node example.js","    3. play with the browser-demo on http://127.0.0.1:8081","*/","","","","/* istanbul instrument in package npmtest_react */","/*jslint","    bitwise: true,","    browser: true,","    maxerr: 8,","    maxlen: 96,","    node: true,","    nomen: true,","    regexp: true,","    stupid: true","*/","(function () {","    'use strict';","    var local;","","","","    // run shared js-env code - pre-init","    (function () {","        // init local","        local = {};","        // init modeJs","        local.modeJs = (function () {","            try {","                return typeof navigator.userAgent === 'string' &&","                    typeof document.querySelector('body') === 'object' &&","                    typeof XMLHttpRequest.prototype.open === 'function' &&","                    'browser';","            } catch (errorCaughtBrowser) {","                return module.exports &&","                    typeof process.versions.node === 'string' &&","                    typeof require('http').createServer === 'function' &&","                    'node';","            }","        }());","        // init global","        local.global = local.modeJs === 'browser'","            ? window","            : global;","        // init utility2_rollup","        local = local.global.utility2_rollup || (local.modeJs === 'browser'","            ? local.global.utility2_npmtest_react","            : global.utility2_moduleExports);","        // export local","        local.global.local = local;","    }());","    switch (local.modeJs) {","","","","    // post-init","    // run browser js-env code - post-init","    /* istanbul ignore next */","    case 'browser':","        local.testRunBrowser = function (event) {","            if (!event || (event &&","                    event.currentTarget &&","                    event.currentTarget.className &&","                    event.currentTarget.className.includes &&","                    event.currentTarget.className.includes('onreset'))) {","                // reset output","                Array.from(","                    document.querySelectorAll('body > .resettable')","                ).forEach(function (element) {","                    switch (element.tagName) {","                    case 'INPUT':","                    case 'TEXTAREA':","                        element.value = '';","                        break;","                    default:","                        element.textContent = '';","                    }","                });","            }","            switch (event && event.currentTarget && event.currentTarget.id) {","            case 'testRunButton1':","                // show tests","                if (document.querySelector('#testReportDiv1').style.display === 'none') {","                    document.querySelector('#testReportDiv1').style.display = 'block';","                    document.querySelector('#testRunButton1').textContent =","                        'hide internal test';","                    local.modeTest = true;","                    local.testRunDefault(local);","                // hide tests","                } else {","                    document.querySelector('#testReportDiv1').style.display = 'none';","                    document.querySelector('#testRunButton1').textContent = 'run internal test';","                }","                break;","            // custom-case","            default:","                break;","            }","            if (document.querySelector('#inputTextareaEval1') && (!event || (event &&","                    event.currentTarget &&","                    event.currentTarget.className &&","                    event.currentTarget.className.includes &&","                    event.currentTarget.className.includes('oneval')))) {","                // try to eval input-code","                try {","                    /*jslint evil: true*/","                    eval(document.querySelector('#inputTextareaEval1').value);","                } catch (errorCaught) {","                    console.error(errorCaught);","                }","            }","        };","        // log stderr and stdout to #outputTextareaStdout1","        ['error', 'log'].forEach(function (key) {","            console[key + '_original'] = console[key];","            console[key] = function () {","                var element;","                console[key + '_original'].apply(console, arguments);","                element = document.querySelector('#outputTextareaStdout1');","                if (!element) {","                    return;","                }","                // append text to #outputTextareaStdout1","                element.value += Array.from(arguments).map(function (arg) {","                    return typeof arg === 'string'","                        ? arg","                        : JSON.stringify(arg, null, 4);","                }).join(' ') + '\\n';","                // scroll textarea to bottom","                element.scrollTop = element.scrollHeight;","            };","        });","        // init event-handling","        ['change', 'click', 'keyup'].forEach(function (event) {","            Array.from(document.querySelectorAll('.on' + event)).forEach(function (element) {","                element.addEventListener(event, local.testRunBrowser);","            });","        });","        // run tests","        local.testRunBrowser();","        break;","","","","    // run node js-env code - post-init","    /* istanbul ignore next */","    case 'node':","        // export local","        module.exports = local;","        // require modules","        local.fs = require('fs');","        local.http = require('http');","        local.url = require('url');","        // init assets","        local.assetsDict = local.assetsDict || {};","        /* jslint-ignore-begin */","        local.assetsDict['/assets.index.template.html'] = '\\","<!doctype html>\\n\\","<html lang=\"en\">\\n\\","<head>\\n\\","<meta charset=\"UTF-8\">\\n\\","<meta name=\"viewport\" content=\"width=device-width, initial-scale=1\">\\n\\","<title>{{env.npm_package_name}} (v{{env.npm_package_version}})</title>\\n\\","<style>\\n\\","/*csslint\\n\\","    box-sizing: false,\\n\\","    universal-selector: false\\n\\","*/\\n\\","* {\\n\\","    box-sizing: border-box;\\n\\","}\\n\\","body {\\n\\","    background: #dde;\\n\\","    font-family: Arial, Helvetica, sans-serif;\\n\\","    margin: 2rem;\\n\\","}\\n\\","body > * {\\n\\","    margin-bottom: 1rem;\\n\\","}\\n\\",".utility2FooterDiv {\\n\\","    margin-top: 20px;\\n\\","    text-align: center;\\n\\","}\\n\\","</style>\\n\\","<style>\\n\\","/*csslint\\n\\","*/\\n\\","textarea {\\n\\","    font-family: monospace;\\n\\","    height: 10rem;\\n\\","    width: 100%;\\n\\","}\\n\\","textarea[readonly] {\\n\\","    background: #ddd;\\n\\","}\\n\\","</style>\\n\\","</head>\\n\\","<body>\\n\\","<!-- utility2-comment\\n\\","<div id=\"ajaxProgressDiv1\" style=\"background: #d00; height: 2px; left: 0; margin: 0; padding: 0; position: fixed; top: 0; transition: background 0.5s, width 1.5s; width: 25%;\"></div>\\n\\","utility2-comment -->\\n\\","<h1>\\n\\","<!-- utility2-comment\\n\\","    <a\\n\\","        {{#if env.npm_package_homepage}}\\n\\","        href=\"{{env.npm_package_homepage}}\"\\n\\","        {{/if env.npm_package_homepage}}\\n\\","        target=\"_blank\"\\n\\","    >\\n\\","utility2-comment -->\\n\\","        {{env.npm_package_name}} (v{{env.npm_package_version}})\\n\\","<!-- utility2-comment\\n\\","    </a>\\n\\","utility2-comment -->\\n\\","</h1>\\n\\","<h3>{{env.npm_package_description}}</h3>\\n\\","<!-- utility2-comment\\n\\","<h4><a download href=\"assets.app.js\">download standalone app</a></h4>\\n\\","<button class=\"onclick onreset\" id=\"testRunButton1\">run internal test</button><br>\\n\\","<div id=\"testReportDiv1\" style=\"display: none;\"></div>\\n\\","utility2-comment -->\\n\\","\\n\\","\\n\\","\\n\\","<label>stderr and stdout</label>\\n\\","<textarea class=\"resettable\" id=\"outputTextareaStdout1\" readonly></textarea>\\n\\","<!-- utility2-comment\\n\\","{{#if isRollup}}\\n\\","<script src=\"assets.app.js\"></script>\\n\\","{{#unless isRollup}}\\n\\","utility2-comment -->\\n\\","<script src=\"assets.utility2.rollup.js\"></script>\\n\\","<script src=\"jsonp.utility2._stateInit?callback=window.utility2._stateInit\"></script>\\n\\","<script src=\"assets.npmtest_react.rollup.js\"></script>\\n\\","<script src=\"assets.example.js\"></script>\\n\\","<script src=\"assets.test.js\"></script>\\n\\","<!-- utility2-comment\\n\\","{{/if isRollup}}\\n\\","utility2-comment -->\\n\\","<div class=\"utility2FooterDiv\">\\n\\","    [ this app was created with\\n\\","    <a href=\"https://github.com/kaizhu256/node-utility2\" target=\"_blank\">utility2</a>\\n\\","    ]\\n\\","</div>\\n\\","</body>\\n\\","</html>\\n\\","';","        /* jslint-ignore-end */","        if (local.templateRender) {","            local.assetsDict['/'] = local.templateRender(","                local.assetsDict['/assets.index.template.html'],","                {","                    env: local.objectSetDefault(local.env, {","                        npm_package_description: 'the greatest app in the world!',","                        npm_package_name: 'my-app',","                        npm_package_nameAlias: 'my_app',","                        npm_package_version: '0.0.1'","                    })","                }","            );","        } else {","            local.assetsDict['/'] = local.assetsDict['/assets.index.template.html']","                .replace((/\\{\\{env\\.(\\w+?)\\}\\}/g), function (match0, match1) {","                    // jslint-hack","                    String(match0);","                    switch (match1) {","                    case 'npm_package_description':","                        return 'the greatest app in the world!';","                    case 'npm_package_name':","                        return 'my-app';","                    case 'npm_package_nameAlias':","                        return 'my_app';","                    case 'npm_package_version':","                        return '0.0.1';","                    }","                });","        }","        // run the cli","        if (local.global.utility2_rollup || module !== require.main) {","            break;","        }","        local.assetsDict['/assets.example.js'] =","            local.assetsDict['/assets.example.js'] ||","            local.fs.readFileSync(__filename, 'utf8');","        // bug-workaround - long $npm_package_buildCustomOrg","        /* jslint-ignore-begin */","        local.assetsDict['/assets.npmtest_react.rollup.js'] =","            local.assetsDict['/assets.npmtest_react.rollup.js'] ||","            local.fs.readFileSync(","                local.npmtest_react.__dirname + '/lib.npmtest_react.js',","                'utf8'","            ).replace((/^#!/), '//');","        /* jslint-ignore-end */","        local.assetsDict['/favicon.ico'] = local.assetsDict['/favicon.ico'] || '';","        // if $npm_config_timeout_exit exists,","        // then exit this process after $npm_config_timeout_exit ms","        if (Number(process.env.npm_config_timeout_exit)) {","            setTimeout(process.exit, Number(process.env.npm_config_timeout_exit));","        }","        // start server","        if (local.global.utility2_serverHttp1) {","            break;","        }","        process.env.PORT = process.env.PORT || '8081';","        console.error('server starting on port ' + process.env.PORT);","        local.http.createServer(function (request, response) {","            request.urlParsed = local.url.parse(request.url);","            if (local.assetsDict[request.urlParsed.pathname] !== undefined) {","                response.end(local.assetsDict[request.urlParsed.pathname]);","                return;","            }","            response.statusCode = 404;","            response.end();","        }).listen(process.env.PORT);","        break;","    }","}());",""],"l":{"26":2,"28":2,"33":2,"35":2,"37":2,"38":2,"39":2,"44":1,"51":2,"55":2,"59":2,"61":2,"69":1,"70":2,"76":2,"79":2,"82":2,"83":2,"85":1,"89":2,"92":1,"93":1,"94":1,"96":1,"97":1,"100":1,"101":1,"103":1,"106":1,"108":2,"114":1,"116":1,"118":1,"123":1,"124":2,"125":2,"126":3,"127":3,"128":3,"129":3,"130":1,"133":3,"134":3,"139":3,"143":1,"144":3,"145":1,"149":1,"150":1,"158":1,"160":1,"161":1,"162":1,"164":1,"166":1,"258":1,"259":1,"271":1,"274":6,"275":6,"277":1,"279":2,"281":1,"283":2,"288":1,"289":1,"291":1,"296":1,"303":1,"306":1,"307":1,"310":1,"311":1,"313":1,"314":1,"315":1,"316":1,"317":1,"318":1,"319":1,"321":1,"322":1,"324":1}},"/home/travis/build/npmtest/node-npmtest-react/node_modules/react/react.js":{"path":"/home/travis/build/npmtest/node-npmtest-react/node_modules/react/react.js","s":{"1":1},"b":{},"f":{},"fnMap":{},"statementMap":{"1":{"start":{"line":3,"column":0},"end":{"line":3,"column":40}}},"branchMap":{},"code":["'use strict';","","module.exports = require('./lib/React');",""],"l":{"3":1}},"/home/travis/build/npmtest/node-npmtest-react/node_modules/react/lib/React.js":{"path":"/home/travis/build/npmtest/node-npmtest-react/node_modules/react/lib/React.js","s":{"1":1,"2":1,"3":1,"4":1,"5":1,"6":1,"7":1,"8":1,"9":1,"10":1,"11":1,"12":1,"13":1,"14":1,"15":1,"16":1,"17":1,"18":1,"19":1,"20":1,"21":1,"22":1,"23":1,"24":1,"25":1,"26":0,"27":0,"28":0,"29":1,"30":0,"31":1,"32":1,"33":1,"34":4,"35":4,"36":4,"37":1},"b":{"1":[1,0],"2":[1,0],"3":[0,0],"4":[1,0],"5":[1,0],"6":[4,0]},"f":{"1":0,"2":0,"3":4},"fnMap":{"1":{"name":"(anonymous_1)","line":44,"loc":{"start":{"line":44,"column":13},"end":{"line":44,"column":25}}},"2":{"name":"(anonymous_2)","line":75,"loc":{"start":{"line":75,"column":15},"end":{"line":75,"column":32}}},"3":{"name":"(anonymous_3)","line":94,"loc":{"start":{"line":94,"column":11},"end":{"line":94,"column":23}}}},"statementMap":{"1":{"start":{"line":13,"column":0},"end":{"line":13,"column":39}},"2":{"start":{"line":15,"column":0},"end":{"line":15,"column":47}},"3":{"start":{"line":16,"column":0},"end":{"line":16,"column":49}},"4":{"start":{"line":17,"column":0},"end":{"line":17,"column":57}},"5":{"start":{"line":18,"column":0},"end":{"line":18,"column":41}},"6":{"start":{"line":19,"column":0},"end":{"line":19,"column":55}},"7":{"start":{"line":20,"column":0},"end":{"line":20,"column":45}},"8":{"start":{"line":21,"column":0},"end":{"line":21,"column":49}},"9":{"start":{"line":22,"column":0},"end":{"line":22,"column":45}},"10":{"start":{"line":24,"column":0},"end":{"line":24,"column":39}},"11":{"start":{"line":25,"column":0},"end":{"line":25,"column":42}},"12":{"start":{"line":27,"column":0},"end":{"line":27,"column":47}},"13":{"start":{"line":28,"column":0},"end":{"line":28,"column":47}},"14":{"start":{"line":29,"column":0},"end":{"line":29,"column":45}},"15":{"start":{"line":31,"column":0},"end":{"line":38,"column":1}},"16":{"start":{"line":32,"column":2},"end":{"line":32,"column":57}},"17":{"start":{"line":33,"column":2},"end":{"line":33,"column":65}},"18":{"start":{"line":34,"column":2},"end":{"line":34,"column":41}},"19":{"start":{"line":35,"column":2},"end":{"line":35,"column":54}},"20":{"start":{"line":36,"column":2},"end":{"line":36,"column":54}},"21":{"start":{"line":37,"column":2},"end":{"line":37,"column":52}},"22":{"start":{"line":40,"column":0},"end":{"line":40,"column":23}},"23":{"start":{"line":42,"column":0},"end":{"line":49,"column":1}},"24":{"start":{"line":43,"column":2},"end":{"line":43,"column":21}},"25":{"start":{"line":44,"column":2},"end":{"line":48,"column":4}},"26":{"start":{"line":45,"column":4},"end":{"line":45,"column":332}},"27":{"start":{"line":46,"column":4},"end":{"line":46,"column":18}},"28":{"start":{"line":47,"column":4},"end":{"line":47,"column":42}},"29":{"start":{"line":51,"column":0},"end":{"line":88,"column":2}},"30":{"start":{"line":77,"column":4},"end":{"line":77,"column":17}},"31":{"start":{"line":91,"column":0},"end":{"line":101,"column":1}},"32":{"start":{"line":92,"column":2},"end":{"line":100,"column":3}},"33":{"start":{"line":93,"column":4},"end":{"line":99,"column":7}},"34":{"start":{"line":95,"column":8},"end":{"line":95,"column":208}},"35":{"start":{"line":96,"column":8},"end":{"line":96,"column":42}},"36":{"start":{"line":97,"column":8},"end":{"line":97,"column":30}},"37":{"start":{"line":103,"column":0},"end":{"line":103,"column":23}}},"branchMap":{"1":{"line":31,"type":"if","locations":[{"start":{"line":31,"column":0},"end":{"line":31,"column":0}},{"start":{"line":31,"column":0},"end":{"line":31,"column":0}}]},"2":{"line":42,"type":"if","locations":[{"start":{"line":42,"column":0},"end":{"line":42,"column":0}},{"start":{"line":42,"column":0},"end":{"line":42,"column":0}}]},"3":{"line":45,"type":"cond-expr","locations":[{"start":{"line":45,"column":44},"end":{"line":45,"column":322}},{"start":{"line":45,"column":325},"end":{"line":45,"column":331}}]},"4":{"line":91,"type":"if","locations":[{"start":{"line":91,"column":0},"end":{"line":91,"column":0}},{"start":{"line":91,"column":0},"end":{"line":91,"column":0}}]},"5":{"line":92,"type":"if","locations":[{"start":{"line":92,"column":2},"end":{"line":92,"column":2}},{"start":{"line":92,"column":2},"end":{"line":92,"column":2}}]},"6":{"line":95,"type":"cond-expr","locations":[{"start":{"line":95,"column":48},"end":{"line":95,"column":198}},{"start":{"line":95,"column":201},"end":{"line":95,"column":207}}]}},"code":["/**"," * Copyright 2013-present, Facebook, Inc."," * All rights reserved."," *"," * This source code is licensed under the BSD-style license found in the"," * LICENSE file in the root directory of this source tree. An additional grant"," * of patent rights can be found in the PATENTS file in the same directory."," *"," */","","'use strict';","","var _assign = require('object-assign');","","var ReactChildren = require('./ReactChildren');","var ReactComponent = require('./ReactComponent');","var ReactPureComponent = require('./ReactPureComponent');","var ReactClass = require('./ReactClass');","var ReactDOMFactories = require('./ReactDOMFactories');","var ReactElement = require('./ReactElement');","var ReactPropTypes = require('./ReactPropTypes');","var ReactVersion = require('./ReactVersion');","","var onlyChild = require('./onlyChild');","var warning = require('fbjs/lib/warning');","","var createElement = ReactElement.createElement;","var createFactory = ReactElement.createFactory;","var cloneElement = ReactElement.cloneElement;","","if (process.env.NODE_ENV !== 'production') {","  var canDefineProperty = require('./canDefineProperty');","  var ReactElementValidator = require('./ReactElementValidator');","  var didWarnPropTypesDeprecated = false;","  createElement = ReactElementValidator.createElement;","  createFactory = ReactElementValidator.createFactory;","  cloneElement = ReactElementValidator.cloneElement;","}","","var __spread = _assign;","","if (process.env.NODE_ENV !== 'production') {","  var warned = false;","  __spread = function () {","    process.env.NODE_ENV !== 'production' ? warning(warned, 'React.__spread is deprecated and should not be used. Use ' + 'Object.assign directly or another helper function with similar ' + 'semantics. You may be seeing this warning due to your compiler. ' + 'See https://fb.me/react-spread-deprecation for more details.') : void 0;","    warned = true;","    return _assign.apply(null, arguments);","  };","}","","var React = {","","  // Modern","","  Children: {","    map: ReactChildren.map,","    forEach: ReactChildren.forEach,","    count: ReactChildren.count,","    toArray: ReactChildren.toArray,","    only: onlyChild","  },","","  Component: ReactComponent,","  PureComponent: ReactPureComponent,","","  createElement: createElement,","  cloneElement: cloneElement,","  isValidElement: ReactElement.isValidElement,","","  // Classic","","  PropTypes: ReactPropTypes,","  createClass: ReactClass.createClass,","  createFactory: createFactory,","  createMixin: function (mixin) {","    // Currently a noop. Will be used to validate and trace mixins.","    return mixin;","  },","","  // This looks DOM specific but these are actually isomorphic helpers","  // since they are just generating DOM strings.","  DOM: ReactDOMFactories,","","  version: ReactVersion,","","  // Deprecated hook for JSX spread, don't use this for anything.","  __spread: __spread","};","","// TODO: Fix tests so that this deprecation warning doesn't cause failures.","if (process.env.NODE_ENV !== 'production') {","  if (canDefineProperty) {","    Object.defineProperty(React, 'PropTypes', {","      get: function () {","        process.env.NODE_ENV !== 'production' ? warning(didWarnPropTypesDeprecated, 'Accessing PropTypes via the main React package is deprecated. Use ' + 'the prop-types package from npm instead.') : void 0;","        didWarnPropTypesDeprecated = true;","        return ReactPropTypes;","      }","    });","  }","}","","module.exports = React;"],"l":{"13":1,"15":1,"16":1,"17":1,"18":1,"19":1,"20":1,"21":1,"22":1,"24":1,"25":1,"27":1,"28":1,"29":1,"31":1,"32":1,"33":1,"34":1,"35":1,"36":1,"37":1,"40":1,"42":1,"43":1,"44":1,"45":0,"46":0,"47":0,"51":1,"77":0,"91":1,"92":1,"93":1,"95":4,"96":4,"97":4,"103":1}},"/home/travis/build/npmtest/node-npmtest-react/node_modules/react/lib/ReactChildren.js":{"path":"/home/travis/build/npmtest/node-npmtest-react/node_modules/react/lib/ReactChildren.js","s":{"1":1,"2":1,"3":1,"4":1,"5":1,"6":1,"7":1,"8":1,"9":0,"10":1,"11":0,"12":0,"13":0,"14":1,"15":0,"16":0,"17":0,"18":1,"19":1,"20":0,"21":0,"22":1,"23":0,"24":0,"25":0,"26":0,"27":0,"28":1,"29":0,"30":0,"31":0,"32":0,"33":0,"34":1,"35":0,"36":0,"37":0,"38":0,"39":0,"40":1,"41":1,"42":0,"43":0,"44":0,"45":0,"46":0,"47":0,"48":0,"49":0,"50":1,"51":0,"52":0,"53":0,"54":0,"55":0,"56":0,"57":1,"58":0,"59":0,"60":0,"61":0,"62":0,"63":1,"64":0,"65":1,"66":0,"67":1,"68":0,"69":0,"70":0,"71":1,"72":1},"b":{"1":[0,0],"2":[0,0],"3":[0,0],"4":[0,0],"5":[0,0],"6":[0,0,0],"7":[0,0],"8":[0,0]},"f":{"1":0,"2":0,"3":0,"4":0,"5":0,"6":0,"7":0,"8":0,"9":0,"10":0,"11":0,"12":0,"13":0},"fnMap":{"1":{"name":"escapeUserProvidedKey","line":23,"loc":{"start":{"line":23,"column":0},"end":{"line":23,"column":37}}},"2":{"name":"ForEachBookKeeping","line":35,"loc":{"start":{"line":35,"column":0},"end":{"line":35,"column":61}}},"3":{"name":"(anonymous_3)","line":40,"loc":{"start":{"line":40,"column":42},"end":{"line":40,"column":54}}},"4":{"name":"forEachSingleChild","line":47,"loc":{"start":{"line":47,"column":0},"end":{"line":47,"column":54}}},"5":{"name":"forEachChildren","line":66,"loc":{"start":{"line":66,"column":0},"end":{"line":66,"column":64}}},"6":{"name":"MapBookKeeping","line":84,"loc":{"start":{"line":84,"column":0},"end":{"line":84,"column":71}}},"7":{"name":"(anonymous_7)","line":91,"loc":{"start":{"line":91,"column":38},"end":{"line":91,"column":50}}},"8":{"name":"mapSingleChildIntoContext","line":100,"loc":{"start":{"line":100,"column":0},"end":{"line":100,"column":65}}},"9":{"name":"mapIntoWithKeyPrefixInternal","line":121,"loc":{"start":{"line":121,"column":0},"end":{"line":121,"column":78}}},"10":{"name":"mapChildren","line":144,"loc":{"start":{"line":144,"column":0},"end":{"line":144,"column":46}}},"11":{"name":"forEachSingleChildDummy","line":153,"loc":{"start":{"line":153,"column":0},"end":{"line":153,"column":63}}},"12":{"name":"countChildren","line":166,"loc":{"start":{"line":166,"column":0},"end":{"line":166,"column":42}}},"13":{"name":"toArray","line":176,"loc":{"start":{"line":176,"column":0},"end":{"line":176,"column":27}}}},"statementMap":{"1":{"start":{"line":13,"column":0},"end":{"line":13,"column":43}},"2":{"start":{"line":14,"column":0},"end":{"line":14,"column":45}},"3":{"start":{"line":16,"column":0},"end":{"line":16,"column":54}},"4":{"start":{"line":17,"column":0},"end":{"line":17,"column":59}},"5":{"start":{"line":19,"column":0},"end":{"line":19,"column":54}},"6":{"start":{"line":20,"column":0},"end":{"line":20,"column":56}},"7":{"start":{"line":22,"column":0},"end":{"line":22,"column":40}},"8":{"start":{"line":23,"column":0},"end":{"line":25,"column":1}},"9":{"start":{"line":24,"column":2},"end":{"line":24,"column":64}},"10":{"start":{"line":35,"column":0},"end":{"line":39,"column":1}},"11":{"start":{"line":36,"column":2},"end":{"line":36,"column":30}},"12":{"start":{"line":37,"column":2},"end":{"line":37,"column":32}},"13":{"start":{"line":38,"column":2},"end":{"line":38,"column":17}},"14":{"start":{"line":40,"column":0},"end":{"line":44,"column":2}},"15":{"start":{"line":41,"column":2},"end":{"line":41,"column":19}},"16":{"start":{"line":42,"column":2},"end":{"line":42,"column":22}},"17":{"start":{"line":43,"column":2},"end":{"line":43,"column":17}},"18":{"start":{"line":45,"column":0},"end":{"line":45,"column":64}},"19":{"start":{"line":47,"column":0},"end":{"line":52,"column":1}},"20":{"start":{"line":48,"column":2},"end":{"line":49,"column":36}},"21":{"start":{"line":51,"column":2},"end":{"line":51,"column":49}},"22":{"start":{"line":66,"column":0},"end":{"line":73,"column":1}},"23":{"start":{"line":67,"column":2},"end":{"line":69,"column":3}},"24":{"start":{"line":68,"column":4},"end":{"line":68,"column":20}},"25":{"start":{"line":70,"column":2},"end":{"line":70,"column":82}},"26":{"start":{"line":71,"column":2},"end":{"line":71,"column":69}},"27":{"start":{"line":72,"column":2},"end":{"line":72,"column":46}},"28":{"start":{"line":84,"column":0},"end":{"line":90,"column":1}},"29":{"start":{"line":85,"column":2},"end":{"line":85,"column":26}},"30":{"start":{"line":86,"column":2},"end":{"line":86,"column":29}},"31":{"start":{"line":87,"column":2},"end":{"line":87,"column":26}},"32":{"start":{"line":88,"column":2},"end":{"line":88,"column":28}},"33":{"start":{"line":89,"column":2},"end":{"line":89,"column":17}},"34":{"start":{"line":91,"column":0},"end":{"line":97,"column":2}},"35":{"start":{"line":92,"column":2},"end":{"line":92,"column":21}},"36":{"start":{"line":93,"column":2},"end":{"line":93,"column":24}},"37":{"start":{"line":94,"column":2},"end":{"line":94,"column":19}},"38":{"start":{"line":95,"column":2},"end":{"line":95,"column":22}},"39":{"start":{"line":96,"column":2},"end":{"line":96,"column":17}},"40":{"start":{"line":98,"column":0},"end":{"line":98,"column":61}},"41":{"start":{"line":100,"column":0},"end":{"line":119,"column":1}},"42":{"start":{"line":101,"column":2},"end":{"line":104,"column":36}},"43":{"start":{"line":107,"column":2},"end":{"line":107,"column":67}},"44":{"start":{"line":108,"column":2},"end":{"line":118,"column":3}},"45":{"start":{"line":109,"column":4},"end":{"line":109,"column":99}},"46":{"start":{"line":110,"column":9},"end":{"line":118,"column":3}},"47":{"start":{"line":111,"column":4},"end":{"line":116,"column":5}},"48":{"start":{"line":112,"column":6},"end":{"line":115,"column":145}},"49":{"start":{"line":117,"column":4},"end":{"line":117,"column":29}},"50":{"start":{"line":121,"column":0},"end":{"line":129,"column":1}},"51":{"start":{"line":122,"column":2},"end":{"line":122,"column":25}},"52":{"start":{"line":123,"column":2},"end":{"line":125,"column":3}},"53":{"start":{"line":124,"column":4},"end":{"line":124,"column":56}},"54":{"start":{"line":126,"column":2},"end":{"line":126,"column":86}},"55":{"start":{"line":127,"column":2},"end":{"line":127,"column":76}},"56":{"start":{"line":128,"column":2},"end":{"line":128,"column":42}},"57":{"start":{"line":144,"column":0},"end":{"line":151,"column":1}},"58":{"start":{"line":145,"column":2},"end":{"line":147,"column":3}},"59":{"start":{"line":146,"column":4},"end":{"line":146,"column":20}},"60":{"start":{"line":148,"column":2},"end":{"line":148,"column":18}},"61":{"start":{"line":149,"column":2},"end":{"line":149,"column":70}},"62":{"start":{"line":150,"column":2},"end":{"line":150,"column":16}},"63":{"start":{"line":153,"column":0},"end":{"line":155,"column":1}},"64":{"start":{"line":154,"column":2},"end":{"line":154,"column":14}},"65":{"start":{"line":166,"column":0},"end":{"line":168,"column":1}},"66":{"start":{"line":167,"column":2},"end":{"line":167,"column":70}},"67":{"start":{"line":176,"column":0},"end":{"line":180,"column":1}},"68":{"start":{"line":177,"column":2},"end":{"line":177,"column":18}},"69":{"start":{"line":178,"column":2},"end":{"line":178,"column":90}},"70":{"start":{"line":179,"column":2},"end":{"line":179,"column":16}},"71":{"start":{"line":182,"column":0},"end":{"line":188,"column":2}},"72":{"start":{"line":190,"column":0},"end":{"line":190,"column":31}}},"branchMap":{"1":{"line":67,"type":"if","locations":[{"start":{"line":67,"column":2},"end":{"line":67,"column":2}},{"start":{"line":67,"column":2},"end":{"line":67,"column":2}}]},"2":{"line":108,"type":"if","locations":[{"start":{"line":108,"column":2},"end":{"line":108,"column":2}},{"start":{"line":108,"column":2},"end":{"line":108,"column":2}}]},"3":{"line":110,"type":"if","locations":[{"start":{"line":110,"column":9},"end":{"line":110,"column":9}},{"start":{"line":110,"column":9},"end":{"line":110,"column":9}}]},"4":{"line":111,"type":"if","locations":[{"start":{"line":111,"column":4},"end":{"line":111,"column":4}},{"start":{"line":111,"column":4},"end":{"line":111,"column":4}}]},"5":{"line":115,"type":"cond-expr","locations":[{"start":{"line":115,"column":82},"end":{"line":115,"column":126}},{"start":{"line":115,"column":129},"end":{"line":115,"column":131}}]},"6":{"line":115,"type":"binary-expr","locations":[{"start":{"line":115,"column":19},"end":{"line":115,"column":34}},{"start":{"line":115,"column":39},"end":{"line":115,"column":45}},{"start":{"line":115,"column":49},"end":{"line":115,"column":78}}]},"7":{"line":123,"type":"if","locations":[{"start":{"line":123,"column":2},"end":{"line":123,"column":2}},{"start":{"line":123,"column":2},"end":{"line":123,"column":2}}]},"8":{"line":145,"type":"if","locations":[{"start":{"line":145,"column":2},"end":{"line":145,"column":2}},{"start":{"line":145,"column":2},"end":{"line":145,"column":2}}]}},"code":["/**"," * Copyright 2013-present, Facebook, Inc."," * All rights reserved."," *"," * This source code is licensed under the BSD-style license found in the"," * LICENSE file in the root directory of this source tree. An additional grant"," * of patent rights can be found in the PATENTS file in the same directory."," *"," */","","'use strict';","","var PooledClass = require('./PooledClass');","var ReactElement = require('./ReactElement');","","var emptyFunction = require('fbjs/lib/emptyFunction');","var traverseAllChildren = require('./traverseAllChildren');","","var twoArgumentPooler = PooledClass.twoArgumentPooler;","var fourArgumentPooler = PooledClass.fourArgumentPooler;","","var userProvidedKeyEscapeRegex = /\\/+/g;","function escapeUserProvidedKey(text) {","  return ('' + text).replace(userProvidedKeyEscapeRegex, '$&/');","}","","/**"," * PooledClass representing the bookkeeping associated with performing a child"," * traversal. Allows avoiding binding callbacks."," *"," * @constructor ForEachBookKeeping"," * @param {!function} forEachFunction Function to perform traversal with."," * @param {?*} forEachContext Context to perform context with."," */","function ForEachBookKeeping(forEachFunction, forEachContext) {","  this.func = forEachFunction;","  this.context = forEachContext;","  this.count = 0;","}","ForEachBookKeeping.prototype.destructor = function () {","  this.func = null;","  this.context = null;","  this.count = 0;","};","PooledClass.addPoolingTo(ForEachBookKeeping, twoArgumentPooler);","","function forEachSingleChild(bookKeeping, child, name) {","  var func = bookKeeping.func,","      context = bookKeeping.context;","","  func.call(context, child, bookKeeping.count++);","}","","/**"," * Iterates through children that are typically specified as `props.children`."," *"," * See https://facebook.github.io/react/docs/top-level-api.html#react.children.foreach"," *"," * The provided forEachFunc(child, index) will be called for each"," * leaf child."," *"," * @param {?*} children Children tree container."," * @param {function(*, int)} forEachFunc"," * @param {*} forEachContext Context for forEachContext."," */","function forEachChildren(children, forEachFunc, forEachContext) {","  if (children == null) {","    return children;","  }","  var traverseContext = ForEachBookKeeping.getPooled(forEachFunc, forEachContext);","  traverseAllChildren(children, forEachSingleChild, traverseContext);","  ForEachBookKeeping.release(traverseContext);","}","","/**"," * PooledClass representing the bookkeeping associated with performing a child"," * mapping. Allows avoiding binding callbacks."," *"," * @constructor MapBookKeeping"," * @param {!*} mapResult Object containing the ordered map of results."," * @param {!function} mapFunction Function to perform mapping with."," * @param {?*} mapContext Context to perform mapping with."," */","function MapBookKeeping(mapResult, keyPrefix, mapFunction, mapContext) {","  this.result = mapResult;","  this.keyPrefix = keyPrefix;","  this.func = mapFunction;","  this.context = mapContext;","  this.count = 0;","}","MapBookKeeping.prototype.destructor = function () {","  this.result = null;","  this.keyPrefix = null;","  this.func = null;","  this.context = null;","  this.count = 0;","};","PooledClass.addPoolingTo(MapBookKeeping, fourArgumentPooler);","","function mapSingleChildIntoContext(bookKeeping, child, childKey) {","  var result = bookKeeping.result,","      keyPrefix = bookKeeping.keyPrefix,","      func = bookKeeping.func,","      context = bookKeeping.context;","","","  var mappedChild = func.call(context, child, bookKeeping.count++);","  if (Array.isArray(mappedChild)) {","    mapIntoWithKeyPrefixInternal(mappedChild, result, childKey, emptyFunction.thatReturnsArgument);","  } else if (mappedChild != null) {","    if (ReactElement.isValidElement(mappedChild)) {","      mappedChild = ReactElement.cloneAndReplaceKey(mappedChild,","      // Keep both the (mapped) and old keys if they differ, just as","      // traverseAllChildren used to do for objects as children","      keyPrefix + (mappedChild.key && (!child || child.key !== mappedChild.key) ? escapeUserProvidedKey(mappedChild.key) + '/' : '') + childKey);","    }","    result.push(mappedChild);","  }","}","","function mapIntoWithKeyPrefixInternal(children, array, prefix, func, context) {","  var escapedPrefix = '';","  if (prefix != null) {","    escapedPrefix = escapeUserProvidedKey(prefix) + '/';","  }","  var traverseContext = MapBookKeeping.getPooled(array, escapedPrefix, func, context);","  traverseAllChildren(children, mapSingleChildIntoContext, traverseContext);","  MapBookKeeping.release(traverseContext);","}","","/**"," * Maps children that are typically specified as `props.children`."," *"," * See https://facebook.github.io/react/docs/top-level-api.html#react.children.map"," *"," * The provided mapFunction(child, key, index) will be called for each"," * leaf child."," *"," * @param {?*} children Children tree container."," * @param {function(*, int)} func The map function."," * @param {*} context Context for mapFunction."," * @return {object} Object containing the ordered map of results."," */","function mapChildren(children, func, context) {","  if (children == null) {","    return children;","  }","  var result = [];","  mapIntoWithKeyPrefixInternal(children, result, null, func, context);","  return result;","}","","function forEachSingleChildDummy(traverseContext, child, name) {","  return null;","}","","/**"," * Count the number of children that are typically specified as"," * `props.children`."," *"," * See https://facebook.github.io/react/docs/top-level-api.html#react.children.count"," *"," * @param {?*} children Children tree container."," * @return {number} The number of children."," */","function countChildren(children, context) {","  return traverseAllChildren(children, forEachSingleChildDummy, null);","}","","/**"," * Flatten a children object (typically specified as `props.children`) and"," * return an array with appropriately re-keyed children."," *"," * See https://facebook.github.io/react/docs/top-level-api.html#react.children.toarray"," */","function toArray(children) {","  var result = [];","  mapIntoWithKeyPrefixInternal(children, result, null, emptyFunction.thatReturnsArgument);","  return result;","}","","var ReactChildren = {","  forEach: forEachChildren,","  map: mapChildren,","  mapIntoWithKeyPrefixInternal: mapIntoWithKeyPrefixInternal,","  count: countChildren,","  toArray: toArray","};","","module.exports = ReactChildren;"],"l":{"13":1,"14":1,"16":1,"17":1,"19":1,"20":1,"22":1,"23":1,"24":0,"35":1,"36":0,"37":0,"38":0,"40":1,"41":0,"42":0,"43":0,"45":1,"47":1,"48":0,"51":0,"66":1,"67":0,"68":0,"70":0,"71":0,"72":0,"84":1,"85":0,"86":0,"87":0,"88":0,"89":0,"91":1,"92":0,"93":0,"94":0,"95":0,"96":0,"98":1,"100":1,"101":0,"107":0,"108":0,"109":0,"110":0,"111":0,"112":0,"117":0,"121":1,"122":0,"123":0,"124":0,"126":0,"127":0,"128":0,"144":1,"145":0,"146":0,"148":0,"149":0,"150":0,"153":1,"154":0,"166":1,"167":0,"176":1,"177":0,"178":0,"179":0,"182":1,"190":1}},"/home/travis/build/npmtest/node-npmtest-react/node_modules/react/lib/PooledClass.js":{"path":"/home/travis/build/npmtest/node-npmtest-react/node_modules/react/lib/PooledClass.js","s":{"1":1,"2":1,"3":1,"4":0,"5":0,"6":0,"7":0,"8":0,"9":0,"10":1,"11":0,"12":0,"13":0,"14":0,"15":0,"16":0,"17":1,"18":0,"19":0,"20":0,"21":0,"22":0,"23":0,"24":1,"25":0,"26":0,"27":0,"28":0,"29":0,"30":0,"31":1,"32":0,"33":0,"34":0,"35":0,"36":0,"37":1,"38":1,"39":1,"40":2,"41":2,"42":2,"43":2,"44":2,"45":2,"46":2,"47":1,"48":1},"b":{"1":[0,0],"2":[0,0],"3":[0,0],"4":[0,0],"5":[0,0],"6":[0,0],"7":[0,0],"8":[2,0],"9":[2,0]},"f":{"1":0,"2":0,"3":0,"4":0,"5":0,"6":2},"fnMap":{"1":{"name":"(anonymous_1)","line":25,"loc":{"start":{"line":25,"column":24},"end":{"line":25,"column":50}}},"2":{"name":"(anonymous_2)","line":36,"loc":{"start":{"line":36,"column":24},"end":{"line":36,"column":42}}},"3":{"name":"(anonymous_3)","line":47,"loc":{"start":{"line":47,"column":26},"end":{"line":47,"column":48}}},"4":{"name":"(anonymous_4)","line":58,"loc":{"start":{"line":58,"column":25},"end":{"line":58,"column":51}}},"5":{"name":"(anonymous_5)","line":69,"loc":{"start":{"line":69,"column":23},"end":{"line":69,"column":43}}},"6":{"name":"(anonymous_6)","line":90,"loc":{"start":{"line":90,"column":19},"end":{"line":90,"column":54}}}},"statementMap":{"1":{"start":{"line":14,"column":0},"end":{"line":14,"column":53}},"2":{"start":{"line":16,"column":0},"end":{"line":16,"column":46}},"3":{"start":{"line":25,"column":0},"end":{"line":34,"column":2}},"4":{"start":{"line":26,"column":2},"end":{"line":26,"column":19}},"5":{"start":{"line":27,"column":2},"end":{"line":33,"column":3}},"6":{"start":{"line":28,"column":4},"end":{"line":28,"column":44}},"7":{"start":{"line":29,"column":4},"end":{"line":29,"column":41}},"8":{"start":{"line":30,"column":4},"end":{"line":30,"column":20}},"9":{"start":{"line":32,"column":4},"end":{"line":32,"column":37}},"10":{"start":{"line":36,"column":0},"end":{"line":45,"column":2}},"11":{"start":{"line":37,"column":2},"end":{"line":37,"column":19}},"12":{"start":{"line":38,"column":2},"end":{"line":44,"column":3}},"13":{"start":{"line":39,"column":4},"end":{"line":39,"column":44}},"14":{"start":{"line":40,"column":4},"end":{"line":40,"column":33}},"15":{"start":{"line":41,"column":4},"end":{"line":41,"column":20}},"16":{"start":{"line":43,"column":4},"end":{"line":43,"column":29}},"17":{"start":{"line":47,"column":0},"end":{"line":56,"column":2}},"18":{"start":{"line":48,"column":2},"end":{"line":48,"column":19}},"19":{"start":{"line":49,"column":2},"end":{"line":55,"column":3}},"20":{"start":{"line":50,"column":4},"end":{"line":50,"column":44}},"21":{"start":{"line":51,"column":4},"end":{"line":51,"column":37}},"22":{"start":{"line":52,"column":4},"end":{"line":52,"column":20}},"23":{"start":{"line":54,"column":4},"end":{"line":54,"column":33}},"24":{"start":{"line":58,"column":0},"end":{"line":67,"column":2}},"25":{"start":{"line":59,"column":2},"end":{"line":59,"column":19}},"26":{"start":{"line":60,"column":2},"end":{"line":66,"column":3}},"27":{"start":{"line":61,"column":4},"end":{"line":61,"column":44}},"28":{"start":{"line":62,"column":4},"end":{"line":62,"column":41}},"29":{"start":{"line":63,"column":4},"end":{"line":63,"column":20}},"30":{"start":{"line":65,"column":4},"end":{"line":65,"column":37}},"31":{"start":{"line":69,"column":0},"end":{"line":76,"column":2}},"32":{"start":{"line":70,"column":2},"end":{"line":70,"column":19}},"33":{"start":{"line":71,"column":2},"end":{"line":71,"column":188}},"34":{"start":{"line":72,"column":2},"end":{"line":72,"column":24}},"35":{"start":{"line":73,"column":2},"end":{"line":75,"column":3}},"36":{"start":{"line":74,"column":4},"end":{"line":74,"column":38}},"37":{"start":{"line":78,"column":0},"end":{"line":78,"column":27}},"38":{"start":{"line":79,"column":0},"end":{"line":79,"column":39}},"39":{"start":{"line":90,"column":0},"end":{"line":101,"column":2}},"40":{"start":{"line":93,"column":2},"end":{"line":93,"column":33}},"41":{"start":{"line":94,"column":2},"end":{"line":94,"column":29}},"42":{"start":{"line":95,"column":2},"end":{"line":95,"column":48}},"43":{"start":{"line":96,"column":2},"end":{"line":98,"column":3}},"44":{"start":{"line":97,"column":4},"end":{"line":97,"column":42}},"45":{"start":{"line":99,"column":2},"end":{"line":99,"column":38}},"46":{"start":{"line":100,"column":2},"end":{"line":100,"column":18}},"47":{"start":{"line":103,"column":0},"end":{"line":109,"column":2}},"48":{"start":{"line":111,"column":0},"end":{"line":111,"column":29}}},"branchMap":{"1":{"line":27,"type":"if","locations":[{"start":{"line":27,"column":2},"end":{"line":27,"column":2}},{"start":{"line":27,"column":2},"end":{"line":27,"column":2}}]},"2":{"line":38,"type":"if","locations":[{"start":{"line":38,"column":2},"end":{"line":38,"column":2}},{"start":{"line":38,"column":2},"end":{"line":38,"column":2}}]},"3":{"line":49,"type":"if","locations":[{"start":{"line":49,"column":2},"end":{"line":49,"column":2}},{"start":{"line":49,"column":2},"end":{"line":49,"column":2}}]},"4":{"line":60,"type":"if","locations":[{"start":{"line":60,"column":2},"end":{"line":60,"column":2}},{"start":{"line":60,"column":2},"end":{"line":60,"column":2}}]},"5":{"line":71,"type":"cond-expr","locations":[{"start":{"line":71,"column":33},"end":{"line":71,"column":178}},{"start":{"line":71,"column":181},"end":{"line":71,"column":187}}]},"6":{"line":71,"type":"cond-expr","locations":[{"start":{"line":71,"column":73},"end":{"line":71,"column":15
[...]
RED: null, // Will be injected by ReactDOM UMD build.","  __SECRET_INTERNALS_DO_NOT_USE_OR_YOU_WILL_BE_FIRED: {","    ReactCurrentOwner: require('./ReactCurrentOwner')","  }","});","","if (process.env.NODE_ENV !== 'production') {","  _assign(ReactWithAddonsUMDEntry.__SECRET_INTERNALS_DO_NOT_USE_OR_YOU_WILL_BE_FIRED, {","    // ReactComponentTreeHook should not be included in production.","    ReactComponentTreeHook: require('./ReactComponentTreeHook'),","    getNextDebugID: require('./getNextDebugID')","  });","}","","module.exports = ReactWithAddonsUMDEntry;"],"l":{"13":2,"15":2,"18":0,"25":0,"26":0,"33":0}},"/home/travis/build/npmtest/node-npmtest-react/node_modules/react/lib/sliceChildren.js":{"path":"/home/travis/build/npmtest/node-npmtest-react/node_modules/react/lib/sliceChildren.js","s":{"1":1,"2":1,"3":0,"4":0,"5":0,"6":0,"7":1},"b":{"1":[0,0]},"f":{"1":0},"fnMap":{"1":{"name":"sliceChildren","line":24,"loc":{"start":{"line":24,"column":0},"end":{"line":24,"column":45}}}},"statementMap":{"1":{"start":{"line":13,"column":0},"end":{"line":13,"column":47}},"2":{"start":{"line":24,"column":0},"end":{"line":31,"column":1}},"3":{"start":{"line":25,"column":2},"end":{"line":27,"column":3}},"4":{"start":{"line":26,"column":4},"end":{"line":26,"column":20}},"5":{"start":{"line":29,"column":2},"end":{"line":29,"column":46}},"6":{"start":{"line":30,"column":2},"end":{"line":30,"column":33}},"7":{"start":{"line":33,"column":0},"end":{"line":33,"column":31}}},"branchMap":{"1":{"line":25,"type":"if","locations":[{"start":{"line":25,"column":2},"end":{"line":25,"column":2}},{"start":{"line":25,"column":2},"end":{"line":25,"column":2}}]}},"code":["/**"," * Copyright 2013-present, Facebook, Inc."," * All rights reserved."," *"," * This source code is licensed under the BSD-style license found in the"," * LICENSE file in the root directory of this source tree. An additional grant"," * of patent rights can be found in the PATENTS file in the same directory."," *"," */","","'use strict';","","var ReactChildren = require('./ReactChildren');","","/**"," * Slice children that are typically specified as `props.children`. This version"," * of slice children ignores empty child components."," *"," * @param {*} children The children set to filter."," * @param {number} start The first zero-based index to include in the subset."," * @param {?number} end The non-inclusive last index of the subset."," * @return {object} mirrored array with mapped children"," */","function sliceChildren(children, start, end) {","  if (children == null) {","    return children;","  }","","  var array = ReactChildren.toArray(children);","  return array.slice(start, end);","}","","module.exports = sliceChildren;"],"l":{"13":1,"24":1,"25":0,"26":0,"29":0,"30":0,"33":1}},"/home/travis/build/npmtest/node-npmtest-react/node_modules/react/lib/update.js":{"path":"/home/travis/build/npmtest/node-npmtest-react/node_modules/react/lib/update.js","s":{"1":1,"2":1,"3":1,"4":1,"5":0,"6":0,"7":0,"8":0,"9":0,"10":1,"11":1,"12":1,"13":1,"14":1,"15":1,"16":1,"17":1,"18":1,"19":6,"20":1,"21":0,"22":0,"23":0,"24":1,"25":0,"26":0,"27":0,"28":0,"29":0,"30":0,"31":0,"32":0,"33":0,"34":0,"35":0,"36":0,"37":0,"38":0,"39":0,"40":0,"41":0,"42":0,"43":0,"44":0,"45":0,"46":0,"47":0,"48":0,"49":0,"50":0,"51":0,"52":0,"53":0,"54":0,"55":0,"56":1},"b":{"1":[0,0],"2":[0,0],"3":[0,0],"4":[0,0],"5":[0,0],"6":[0,0],"7":[0,0],"8":[0,0],"9":[0,0],"10":[0,0],"11":[0,0],"12":[0,0],"13":[0,0],"14":[0,0],"15":[0,0],"16":[0,0],"17":[0,0],"18":[0,0],"19":[0,0],"20":[0,0],"21":[0,0],"22":[0,0],"23":[0,0],"24":[0,0],"25":[0,0],"26":[0,0],"27":[0,0],"28":[0,0],"29":[0,0],"30":[0,0],"31":[0,0],"32":[0,0],"33":[0,0]},"f":{"1":0,"2":6,"3":0,"4":0,"5":0,"6":0,"7":0},"fnMap":{"1":{"name":"shallowCopy","line":21,"loc":{"start":{"line":21,"column":0},"end":{"line":21,"column":24}}},"2":{"name":"(anonymous_2)","line":42,"loc":{"start":{"line":42,"column":26},"end":{"line":42,"column":45}}},"3":{"name":"invariantArrayCase","line":46,"loc":{"start":{"line":46,"column":0},"end":{"line":46,"column":50}}},"4":{"name":"update","line":56,"loc":{"start":{"line":56,"column":0},"end":{"line":56,"column":29}}},"5":{"name":"(anonymous_5)","line":76,"loc":{"start":{"line":76,"column":31},"end":{"line":76,"column":47}}},"6":{"name":"(anonymous_6)","line":83,"loc":{"start":{"line":83,"column":34},"end":{"line":83,"column":50}}},"7":{"name":"(anonymous_7)","line":91,"loc":{"start":{"line":91,"column":33},"end":{"line":91,"column":49}}}},"statementMap":{"1":{"start":{"line":15,"column":0},"end":{"line":16,"column":39}},"2":{"start":{"line":18,"column":0},"end":{"line":18,"column":46}},"3":{"start":{"line":19,"column":0},"end":{"line":19,"column":39}},"4":{"start":{"line":21,"column":0},"end":{"line":29,"column":1}},"5":{"start":{"line":22,"column":2},"end":{"line":28,"column":3}},"6":{"start":{"line":23,"column":4},"end":{"line":23,"column":22}},"7":{"start":{"line":24,"column":9},"end":{"line":28,"column":3}},"8":{"start":{"line":25,"column":4},"end":{"line":25,"column":43}},"9":{"start":{"line":27,"column":4},"end":{"line":27,"column":13}},"10":{"start":{"line":31,"column":0},"end":{"line":31,"column":27}},"11":{"start":{"line":32,"column":0},"end":{"line":32,"column":33}},"12":{"start":{"line":33,"column":0},"end":{"line":33,"column":31}},"13":{"start":{"line":34,"column":0},"end":{"line":34,"column":25}},"14":{"start":{"line":35,"column":0},"end":{"line":35,"column":29}},"15":{"start":{"line":36,"column":0},"end":{"line":36,"column":29}},"16":{"start":{"line":38,"column":0},"end":{"line":38,"column":115}},"17":{"start":{"line":40,"column":0},"end":{"line":40,"column":26}},"18":{"start":{"line":42,"column":0},"end":{"line":44,"column":3}},"19":{"start":{"line":43,"column":2},"end":{"line":43,"column":35}},"20":{"start":{"line":46,"column":0},"end":{"line":50,"column":1}},"21":{"start":{"line":47,"column":2},"end":{"line":47,"column":205}},"22":{"start":{"line":48,"column":2},"end":{"line":48,"column":32}},"23":{"start":{"line":49,"column":2},"end":{"line":49,"column":266}},"24":{"start":{"line":56,"column":0},"end":{"line":109,"column":1}},"25":{"start":{"line":57,"column":2},"end":{"line":57,"column":324}},"26":{"start":{"line":59,"column":2},"end":{"line":63,"column":3}},"27":{"start":{"line":60,"column":4},"end":{"line":60,"column":208}},"28":{"start":{"line":62,"column":4},"end":{"line":62,"column":29}},"29":{"start":{"line":65,"column":2},"end":{"line":65,"column":37}},"30":{"start":{"line":67,"column":2},"end":{"line":72,"column":3}},"31":{"start":{"line":68,"column":4},"end":{"line":68,"column":39}},"32":{"start":{"line":69,"column":4},"end":{"line":69,"column":246}},"33":{"start":{"line":70,"column":4},"end":{"line":70,"column":252}},"34":{"start":{"line":71,"column":4},"end":{"line":71,"column":44}},"35":{"start":{"line":74,"column":2},"end":{"line":79,"column":3}},"36":{"start":{"line":75,"column":4},"end":{"line":75,"column":50}},"37":{"start":{"line":76,"column":4},"end":{"line":78,"column":7}},"38":{"start":{"line":77,"column":6},"end":{"line":77,"column":27}},"39":{"start":{"line":81,"column":2},"end":{"line":86,"column":3}},"40":{"start":{"line":82,"column":4},"end":{"line":82,"column":53}},"41":{"start":{"line":83,"column":4},"end":{"line":85,"column":7}},"42":{"start":{"line":84,"column":6},"end":{"line":84,"column":30}},"43":{"start":{"line":88,"column":2},"end":{"line":95,"column":3}},"44":{"start":{"line":89,"column":4},"end":{"line":89,"column":207}},"45":{"start":{"line":90,"column":4},"end":{"line":90,"column":326}},"46":{"start":{"line":91,"column":4},"end":{"line":94,"column":7}},"47":{"start":{"line":92,"column":6},"end":{"line":92,"column":312}},"48":{"start":{"line":93,"column":6},"end":{"line":93,"column":46}},"49":{"start":{"line":97,"column":2},"end":{"line":100,"column":3}},"50":{"start":{"line":98,"column":4},"end":{"line":98,"column":270}},"51":{"start":{"line":99,"column":4},"end":{"line":99,"column":47}},"52":{"start":{"line":102,"column":2},"end":{"line":106,"column":3}},"53":{"start":{"line":103,"column":4},"end":{"line":105,"column":5}},"54":{"start":{"line":104,"column":6},"end":{"line":104,"column":47}},"55":{"start":{"line":108,"column":2},"end":{"line":108,"column":19}},"56":{"start":{"line":111,"column":0},"end":{"line":111,"column":24}}},"branchMap":{"1":{"line":22,"type":"if","locations":[{"start":{"line":22,"column":2},"end":{"line":22,"column":2}},{"start":{"line":22,"column":2},"end":{"line":22,"column":2}}]},"2":{"line":24,"type":"if","locations":[{"start":{"line":24,"column":9},"end":{"line":24,"column":9}},{"start":{"line":24,"column":9},"end":{"line":24,"column":9}}]},"3":{"line":24,"type":"binary-expr","locations":[{"start":{"line":24,"column":13},"end":{"line":24,"column":14}},{"start":{"line":24,"column":18},"end":{"line":24,"column":39}}]},"4":{"line":47,"type":"cond-expr","locations":[{"start":{"line":47,"column":26},"end":{"line":47,"column":195}},{"start":{"line":47,"column":198},"end":{"line":47,"column":204}}]},"5":{"line":47,"type":"cond-expr","locations":[{"start":{"line":47,"column":66},"end":{"line":47,"column":157}},{"start":{"line":47,"column":160},"end":{"line":47,"column":195}}]},"6":{"line":49,"type":"cond-expr","locations":[{"start":{"line":49,"column":30},"end":{"line":49,"column":256}},{"start":{"line":49,"column":259},"end":{"line":49,"column":265}}]},"7":{"line":49,"type":"cond-expr","locations":[{"start":{"line":49,"column":70},"end":{"line":49,"column":214}},{"start":{"line":49,"column":217},"end":{"line":49,"column":256}}]},"8":{"line":57,"type":"cond-expr","locations":[{"start":{"line":57,"column":32},"end":{"line":57,"column":314}},{"start":{"line":57,"column":317},"end":{"line":57,"column":323}}]},"9":{"line":57,"type":"cond-expr","locations":[{"start":{"line":57,"column":72},"end":{"line":57,"column":249}},{"start":{"line":57,"column":252},"end":{"line":57,"column":314}}]},"10":{"line":59,"type":"if","locations":[{"start":{"line":59,"column":2},"end":{"line":59,"column":2}},{"start":{"line":59,"column":2},"end":{"line":59,"column":2}}]},"11":{"line":60,"type":"cond-expr","locations":[{"start":{"line":60,"column":40},"end":{"line":60,"column":198}},{"start":{"line":60,"column":201},"end":{"line":60,"column":207}}]},"12":{"line":60,"type":"cond-expr","locations":[{"start":{"line":60,"column":80},"end":{"line":60,"column":163}},{"start":{"line":60,"column":166},"end":{"line":60,"column":198}}]},"13":{"line":67,"type":"if","locations":[{"start":{"line":67,"column":2},"end":{"line":67,"column":2}},{"start":{"line":67,"column":2},"end":{"line":67,"column":2}}]},"14":{"line":69,"type":"cond-expr","locations":[{"start":{"line":69,"column":50},"end":{"line":69,"column":236}},{"start":{"line":69,"column":239},"end":{"line":69,"column":245}}]},"15":{"line":69,"type":"binary-expr","locations":[{"start":{"line":69,"column":6},"end":{"line":69,"column":14}},{"start":{"line":69,"column":18},"end":{"line":69,"column":46}}]},"16":{"line":69,"type":"cond-expr","locations":[{"start":{"line":69,"column":90},"end":{"line":69,"column":189}},{"start":{"line":69,"column":192},"end":{"line":69,"column":236}}]},"17":{"line":70,"type":"cond-expr","locations":[{"start":{"line":70,"column":52},"end":{"line":70,"column":242}},{"start":{"line":70,"column":245},"end":{"line":70,"column":251}}]},"18":{"line":70,"type":"binary-expr","locations":[{"start":{"line":70,"column":6},"end":{"line":70,"column":15}},{"start":{"line":70,"column":19},"end":{"line":70,"column":48}}]},"19":{"line":70,"type":"cond-expr","locations":[{"start":{"line":70,"column":92},"end":{"line":70,"column":194}},{"start":{"line":70,"column":197},"end":{"line":70,"column":242}}]},"20":{"line":74,"type":"if","locations":[{"start":{"line":74,"column":2},"end":{"line":74,"column":2}},{"start":{"line":74,"column":2},"end":{"line":74,"column":2}}]},"21":{"line":81,"type":"if","locations":[{"start":{"line":81,"column":2},"end":{"line":81,"column":2}},{"start":{"line":81,"column":2},"end":{"line":81,"column":2}}]},"22":{"line":88,"type":"if","locations":[{"start":{"line":88,"column":2},"end":{"line":88,"column":2}},{"start":{"line":88,"column":2},"end":{"line":88,"column":2}}]},"23":{"line":89,"type":"cond-expr","locations":[{"start":{"line":89,"column":28},"end":{"line":89,"column":197}},{"start":{"line":89,"column":200},"end":{"line":89,"column":206}}]},"24":{"line":89,"type":"cond-expr","locations":[{"start":{"line":89,"column":68},"end":{"line":89,"column":152}},{"start":{"line":89,"column":155},"end":{"line":89,"column":197}}]},"25":{"line":90,"type":"cond-expr","locations":[{"start":{"line":90,"column":43},"end":{"line":90,"column":316}},{"start":{"line":90,"column":319},"end":{"line":90,"column":325}}]},"26":{"line":90,"type":"cond-expr","locations":[{"start":{"line":90,"column":83},"end":{"line":90,"column":256}},{"start":{"line":90,"column":259},"end":{"line":90,"column":316}}]},"27":{"line":92,"type":"cond-expr","locations":[{"start":{"line":92,"column":29},"end":{"line":92,"column":302}},{"start":{"line":92,"column":305},"end":{"line":92,"column":311}}]},"28":{"line":92,"type":"cond-expr","locations":[{"start":{"line":92,"column":69},"end":{"line":92,"column":242}},{"start":{"line":92,"column":245},"end":{"line":92,"column":302}}]},"29":{"line":97,"type":"if","locations":[{"start":{"line":97,"column":2},"end":{"line":97,"column":2}},{"start":{"line":97,"column":2},"end":{"line":97,"column":2}}]},"30":{"line":98,"type":"cond-expr","locations":[{"start":{"line":98,"column":51},"end":{"line":98,"column":260}},{"start":{"line":98,"column":263},"end":{"line":98,"column":269}}]},"31":{"line":98,"type":"cond-expr","locations":[{"start":{"line":98,"column":91},"end":{"line":98,"column":202}},{"start":{"line":98,"column":205},"end":{"line":98,"column":260}}]},"32":{"line":103,"type":"if","locations":[{"start":{"line":103,"column":4},"end":{"line":103,"column":4}},{"start":{"line":103,"column":4},"end":{"line":103,"column":4}}]},"33":{"line":103,"type":"binary-expr","locations":[{"start":{"line":103,"column":10},"end":{"line":103,"column":44}},{"start":{"line":103,"column":48},"end":{"line":103,"column":67}}]}},"code":["/**"," * Copyright 2013-present, Facebook, Inc."," * All rights reserved."," *"," * This source code is licensed under the BSD-style license found in the"," * LICENSE file in the root directory of this source tree. An additional grant"," * of patent rights can be found in the PATENTS file in the same directory."," *"," */","","/* global hasOwnProperty:true */","","'use strict';","","var _prodInvariant = require('./reactProdInvariant'),","    _assign = require('object-assign');","","var invariant = require('fbjs/lib/invariant');","var hasOwnProperty = {}.hasOwnProperty;","","function shallowCopy(x) {","  if (Array.isArray(x)) {","    return x.concat();","  } else if (x && typeof x === 'object') {","    return _assign(new x.constructor(), x);","  } else {","    return x;","  }","}","","var COMMAND_PUSH = '$push';","var COMMAND_UNSHIFT = '$unshift';","var COMMAND_SPLICE = '$splice';","var COMMAND_SET = '$set';","var COMMAND_MERGE = '$merge';","var COMMAND_APPLY = '$apply';","","var ALL_COMMANDS_LIST = [COMMAND_PUSH, COMMAND_UNSHIFT, COMMAND_SPLICE, COMMAND_SET, COMMAND_MERGE, COMMAND_APPLY];","","var ALL_COMMANDS_SET = {};","","ALL_COMMANDS_LIST.forEach(function (command) {","  ALL_COMMANDS_SET[command] = true;","});","","function invariantArrayCase(value, spec, command) {","  !Array.isArray(value) ? process.env.NODE_ENV !== 'production' ? invariant(false, 'update(): expected target of %s to be an array; got %s.', command, value) : _prodInvariant('1', command, value) : void 0;","  var specValue = spec[command];","  !Array.isArray(specValue) ? process.env.NODE_ENV !== 'production' ? invariant(false, 'update(): expected spec of %s to be an array; got %s. Did you forget to wrap your parameter in an array?', command, specValue) : _prodInvariant('2', command, specValue) : void 0;","}","","/**"," * Returns a updated shallow copy of an object without mutating the original."," * See https://facebook.github.io/react/docs/update.html for details."," */","function update(value, spec) {","  !(typeof spec === 'object') ? process.env.NODE_ENV !== 'production' ? invariant(false, 'update(): You provided a key path to update() that did not contain one of %s. Did you forget to include {%s: ...}?', ALL_COMMANDS_LIST.join(', '), COMMAND_SET) : _prodInvariant('3', ALL_COMMANDS_LIST.join(', '), COMMAND_SET) : void 0;","","  if (hasOwnProperty.call(spec, COMMAND_SET)) {","    !(Object.keys(spec).length === 1) ? process.env.NODE_ENV !== 'production' ? invariant(false, 'Cannot have more than one key in an object with %s', COMMAND_SET) : _prodInvariant('4', COMMAND_SET) : void 0;","","    return spec[COMMAND_SET];","  }","","  var nextValue = shallowCopy(value);","","  if (hasOwnProperty.call(spec, COMMAND_MERGE)) {","    var mergeObj = spec[COMMAND_MERGE];","    !(mergeObj && typeof mergeObj === 'object') ? process.env.NODE_ENV !== 'production' ? invariant(false, 'update(): %s expects a spec of type \\'object\\'; got %s', COMMAND_MERGE, mergeObj) : _prodInvariant('5', COMMAND_MERGE, mergeObj) : void 0;","    !(nextValue && typeof nextValue === 'object') ? process.env.NODE_ENV !== 'production' ? invariant(false, 'update(): %s expects a target of type \\'object\\'; got %s', COMMAND_MERGE, nextValue) : _prodInvariant('6', COMMAND_MERGE, nextValue) : void 0;","    _assign(nextValue, spec[COMMAND_MERGE]);","  }","","  if (hasOwnProperty.call(spec, COMMAND_PUSH)) {","    invariantArrayCase(value, spec, COMMAND_PUSH);","    spec[COMMAND_PUSH].forEach(function (item) {","      nextValue.push(item);","    });","  }","","  if (hasOwnProperty.call(spec, COMMAND_UNSHIFT)) {","    invariantArrayCase(value, spec, COMMAND_UNSHIFT);","    spec[COMMAND_UNSHIFT].forEach(function (item) {","      nextValue.unshift(item);","    });","  }","","  if (hasOwnProperty.call(spec, COMMAND_SPLICE)) {","    !Array.isArray(value) ? process.env.NODE_ENV !== 'production' ? invariant(false, 'Expected %s target to be an array; got %s', COMMAND_SPLICE, value) : _prodInvariant('7', COMMAND_SPLICE, value) : void 0;","    !Array.isArray(spec[COMMAND_SPLICE]) ? process.env.NODE_ENV !== 'production' ? invariant(false, 'update(): expected spec of %s to be an array of arrays; got %s. Did you forget to wrap your parameters in an array?', COMMAND_SPLICE, spec[COMMAND_SPLICE]) : _prodInvariant('8', COMMAND_SPLICE, spec[COMMAND_SPLICE]) : void 0;","    spec[COMMAND_SPLICE].forEach(function (args) {","      !Array.isArray(args) ? process.env.NODE_ENV !== 'production' ? invariant(false, 'update(): expected spec of %s to be an array of arrays; got %s. Did you forget to wrap your parameters in an array?', COMMAND_SPLICE, spec[COMMAND_SPLICE]) : _prodInvariant('8', COMMAND_SPLICE, spec[COMMAND_SPLICE]) : void 0;","      nextValue.splice.apply(nextValue, args);","    });","  }","","  if (hasOwnProperty.call(spec, COMMAND_APPLY)) {","    !(typeof spec[COMMAND_APPLY] === 'function') ? process.env.NODE_ENV !== 'production' ? invariant(false, 'update(): expected spec of %s to be a function; got %s.', COMMAND_APPLY, spec[COMMAND_APPLY]) : _prodInvariant('9', COMMAND_APPLY, spec[COMMAND_APPLY]) : void 0;","    nextValue = spec[COMMAND_APPLY](nextValue);","  }","","  for (var k in spec) {","    if (!(ALL_COMMANDS_SET.hasOwnProperty(k) && ALL_COMMANDS_SET[k])) {","      nextValue[k] = update(value[k], spec[k]);","    }","  }","","  return nextValue;","}","","module.exports = update;"],"l":{"15":1,"18":1,"19":1,"21":1,"22":0,"23":0,"24":0,"25":0,"27":0,"31":1,"32":1,"33":1,"34":1,"35":1,"36":1,"38":1,"40":1,"42":1,"43":6,"46":1,"47":0,"48":0,"49":0,"56":1,"57":0,"59":0,"60":0,"62":0,"65":0,"67":0,"68":0,"69":0,"70":0,"71":0,"74":0,"75":0,"76":0,"77":0,"81":0,"82":0,"83":0,"84":0,"88":0,"89":0,"90":0,"91":0,"92":0,"93":0,"97":0,"98":0,"99":0,"102":0,"103":0,"104":0,"108":0,"111":1}}}